[ 2016-04-14T15:29:57+08:00 ] ::1 /think-library/
INFO: [ app_init ] --START--
INFO: Run Behavior\BuildLiteBehavior [ RunTime:0.000051s ]
INFO: [ app_init ] --END-- [ RunTime:0.010488s ]
INFO: [ app_begin ] --START--
INFO: Run Behavior\ReadHtmlCacheBehavior [ RunTime:0.013129s ]
INFO: [ app_begin ] --END-- [ RunTime:0.013405s ]
ERR: SQLSTATE[HY000] [2002] 由于目标计算机积极拒绝，无法连接。


[ 2016-04-14T15:30:09+08:00 ] ::1 /think-library/
INFO: [ app_init ] --START--
INFO: Run Behavior\BuildLiteBehavior [ RunTime:0.000117s ]
INFO: [ app_init ] --END-- [ RunTime:0.001092s ]
INFO: [ app_begin ] --START--
INFO: Run Behavior\ReadHtmlCacheBehavior [ RunTime:0.000802s ]
INFO: [ app_begin ] --END-- [ RunTime:0.001019s ]
SQL: SHOW COLUMNS FROM `lib_article` [ RunTime:0.4570s ]
SQL: SELECT * FROM `lib_article` WHERE `status` = 1 AND `type` = 4  [ RunTime:0.5953s ]
SQL: SELECT * FROM `lib_article` WHERE `status` = 1 AND `type` = 5  [ RunTime:0.0016s ]
SQL: SELECT * FROM `lib_article` WHERE `status` = 1 AND `type` = 7  [ RunTime:0.0005s ]
SQL: SELECT * FROM `lib_article` WHERE `status` = 1 AND `type` = 9  [ RunTime:0.0004s ]
SQL: SELECT * FROM `lib_article` WHERE `status` = 1 AND `type` = 11  [ RunTime:0.0006s ]
INFO: [ view_parse ] --START--
INFO: [ template_filter ] --START--
INFO: Run Behavior\ContentReplaceBehavior [ RunTime:0.000388s ]
INFO: [ template_filter ] --END-- [ RunTime:0.000603s ]
INFO: Run Behavior\ParseTemplateBehavior [ RunTime:0.397202s ]
INFO: [ view_parse ] --END-- [ RunTime:0.397428s ]
INFO: [ view_filter ] --START--
INFO: Run Behavior\WriteHtmlCacheBehavior [ RunTime:0.009626s ]
INFO: [ view_filter ] --END-- [ RunTime:0.009831s ]
INFO: [ app_end ] --START--
INFO: Run Behavior\ShowPageTraceBehavior [ RunTime:0.014742s ]
INFO: [ app_end ] --END-- [ RunTime:0.015117s ]

[ 2016-04-14T15:48:33+08:00 ] ::1 /think-library/
INFO: [ app_init ] --START--
INFO: Run Behavior\BuildLiteBehavior [ RunTime:0.000060s ]
INFO: [ app_init ] --END-- [ RunTime:0.001421s ]
INFO: [ app_begin ] --START--
INFO: Run Behavior\ReadHtmlCacheBehavior [ RunTime:0.000967s ]
INFO: [ app_begin ] --END-- [ RunTime:0.001179s ]
SQL: SHOW COLUMNS FROM `lib_article` [ RunTime:0.0163s ]
SQL: SELECT * FROM `lib_article` WHERE `status` = 1 AND `type` = 4  [ RunTime:0.0012s ]
SQL: SELECT * FROM `lib_article` WHERE `status` = 1 AND `type` = 5  [ RunTime:0.0011s ]
SQL: SELECT * FROM `lib_article` WHERE `status` = 1 AND `type` = 7  [ RunTime:0.0005s ]
SQL: SELECT * FROM `lib_article` WHERE `status` = 1 AND `type` = 9  [ RunTime:0.0005s ]
SQL: SELECT * FROM `lib_article` WHERE `status` = 1 AND `type` = 11  [ RunTime:0.0004s ]
INFO: [ view_parse ] --START--
INFO: [ template_filter ] --START--
INFO: Run Behavior\ContentReplaceBehavior [ RunTime:0.000386s ]
INFO: [ template_filter ] --END-- [ RunTime:0.000592s ]
INFO: Run Behavior\ParseTemplateBehavior [ RunTime:0.214391s ]
INFO: [ view_parse ] --END-- [ RunTime:0.214607s ]
INFO: [ view_filter ] --START--
INFO: Run Behavior\WriteHtmlCacheBehavior [ RunTime:0.000924s ]
INFO: [ view_filter ] --END-- [ RunTime:0.001118s ]
INFO: [ app_end ] --START--
INFO: Run Behavior\ShowPageTraceBehavior [ RunTime:0.003101s ]
INFO: [ app_end ] --END-- [ RunTime:0.003520s ]

