[ 2016-04-08T08:58:51+08:00 ] ::1 /think-library/
INFO: [ app_init ] --START--
INFO: Run Behavior\BuildLiteBehavior [ RunTime:0.000047s ]
INFO: [ app_init ] --END-- [ RunTime:0.010610s ]
INFO: [ app_begin ] --START--
INFO: Run Behavior\ReadHtmlCacheBehavior [ RunTime:0.014221s ]
INFO: [ app_begin ] --END-- [ RunTime:0.014492s ]
INFO: [ view_parse ] --START--
INFO: [ template_filter ] --START--
INFO: Run Behavior\ContentReplaceBehavior [ RunTime:0.000855s ]
INFO: [ template_filter ] --END-- [ RunTime:0.001071s ]
INFO: Run Behavior\ParseTemplateBehavior [ RunTime:0.137403s ]
INFO: [ view_parse ] --END-- [ RunTime:0.137988s ]
INFO: [ view_filter ] --START--
INFO: Run Behavior\WriteHtmlCacheBehavior [ RunTime:0.009088s ]
INFO: [ view_filter ] --END-- [ RunTime:0.009299s ]
INFO: [ app_end ] --START--
INFO: Run Behavior\ShowPageTraceBehavior [ RunTime:0.034585s ]
INFO: [ app_end ] --END-- [ RunTime:0.035212s ]

[ 2016-04-08T09:00:47+08:00 ] ::1 /think-library/index.php/Server/index.html
INFO: [ app_init ] --START--
INFO: Run Behavior\BuildLiteBehavior [ RunTime:0.000044s ]
INFO: [ app_init ] --END-- [ RunTime:0.000904s ]
INFO: [ app_begin ] --START--
INFO: Run Behavior\ReadHtmlCacheBehavior [ RunTime:0.000949s ]
INFO: [ app_begin ] --END-- [ RunTime:0.001185s ]
INFO: [ view_parse ] --START--
INFO: [ template_filter ] --START--
INFO: Run Behavior\ContentReplaceBehavior [ RunTime:0.000629s ]
INFO: [ template_filter ] --END-- [ RunTime:0.000926s ]
INFO: Run Behavior\ParseTemplateBehavior [ RunTime:0.090798s ]
INFO: [ view_parse ] --END-- [ RunTime:0.091012s ]
INFO: [ view_filter ] --START--
INFO: Run Behavior\WriteHtmlCacheBehavior [ RunTime:0.000718s ]
INFO: [ view_filter ] --END-- [ RunTime:0.000908s ]
INFO: [ app_end ] --START--
INFO: Run Behavior\ShowPageTraceBehavior [ RunTime:0.001771s ]
INFO: [ app_end ] --END-- [ RunTime:0.002191s ]

[ 2016-04-08T09:00:51+08:00 ] ::1 /think-library/index.php/PrivateLibrary.html
INFO: [ app_init ] --START--
INFO: Run Behavior\BuildLiteBehavior [ RunTime:0.000045s ]
INFO: [ app_init ] --END-- [ RunTime:0.001119s ]
INFO: [ app_begin ] --START--
INFO: Run Behavior\ReadHtmlCacheBehavior [ RunTime:0.001012s ]
INFO: [ app_begin ] --END-- [ RunTime:0.001218s ]

[ 2016-04-08T09:00:51+08:00 ] ::1 /think-library/index.php/User/login.html
INFO: [ app_init ] --START--
INFO: Run Behavior\BuildLiteBehavior [ RunTime:0.000076s ]
INFO: [ app_init ] --END-- [ RunTime:0.001131s ]
INFO: [ app_begin ] --START--
INFO: Run Behavior\ReadHtmlCacheBehavior [ RunTime:0.000880s ]
INFO: [ app_begin ] --END-- [ RunTime:0.001118s ]
INFO: [ view_parse ] --START--
INFO: [ template_filter ] --START--
INFO: Run Behavior\ContentReplaceBehavior [ RunTime:0.000950s ]
INFO: [ template_filter ] --END-- [ RunTime:0.001448s ]
INFO: Run Behavior\ParseTemplateBehavior [ RunTime:0.135354s ]
INFO: [ view_parse ] --END-- [ RunTime:0.135775s ]
INFO: [ view_filter ] --START--
INFO: Run Behavior\WriteHtmlCacheBehavior [ RunTime:0.001140s ]
INFO: [ view_filter ] --END-- [ RunTime:0.001418s ]
INFO: [ app_end ] --START--
INFO: Run Behavior\ShowPageTraceBehavior [ RunTime:0.001621s ]
INFO: [ app_end ] --END-- [ RunTime:0.001904s ]

[ 2016-04-08T09:01:03+08:00 ] ::1 /think-library/index.php/User/login.html
INFO: [ app_init ] --START--
INFO: Run Behavior\BuildLiteBehavior [ RunTime:0.000087s ]
INFO: [ app_init ] --END-- [ RunTime:0.001320s ]
INFO: [ app_begin ] --START--
INFO: Run Behavior\ReadHtmlCacheBehavior [ RunTime:0.000796s ]
INFO: [ app_begin ] --END-- [ RunTime:0.000978s ]
NOTIC: [8] Use of undefined constant UC_AUTH_KEY - assumed 'UC_AUTH_KEY' D:\wamp\www\think-library\ThinkPHP\Common\functions.php 第 588 行.
SQL: SHOW COLUMNS FROM `lib_readerinfo` [ RunTime:0.0224s ]
SQL: SELECT * FROM `lib_readerinfo` WHERE `loginname` = '02230154106' AND `status` = 1 LIMIT 1   [ RunTime:0.0010s ]
NOTIC: [8] Use of undefined constant UC_AUTH_KEY - assumed 'UC_AUTH_KEY' D:\wamp\www\think-library\Application\Home\Model\ReaderinfoModel.class.php 第 76 行.
SQL: UPDATE `lib_readerinfo` SET `lasttime`='1460077263' WHERE `userid` = 1 [ RunTime:0.0776s ]
SQL: SELECT * FROM `lib_readerinfo` WHERE `userid` = 1 LIMIT 1   [ RunTime:0.0007s ]

[ 2016-04-08T09:01:05+08:00 ] ::1 /think-library/index.php/PrivateLibrary/index.html
INFO: [ app_init ] --START--
INFO: Run Behavior\BuildLiteBehavior [ RunTime:0.000042s ]
INFO: [ app_init ] --END-- [ RunTime:0.000771s ]
INFO: [ app_begin ] --START--
INFO: Run Behavior\ReadHtmlCacheBehavior [ RunTime:0.001108s ]
INFO: [ app_begin ] --END-- [ RunTime:0.001452s ]
INFO: [ view_parse ] --START--
INFO: [ template_filter ] --START--
INFO: Run Behavior\ContentReplaceBehavior [ RunTime:0.000452s ]
INFO: [ template_filter ] --END-- [ RunTime:0.000674s ]
INFO: Run Behavior\ParseTemplateBehavior [ RunTime:0.080145s ]
INFO: [ view_parse ] --END-- [ RunTime:0.080497s ]
INFO: [ view_filter ] --START--
INFO: Run Behavior\WriteHtmlCacheBehavior [ RunTime:0.000893s ]
INFO: [ view_filter ] --END-- [ RunTime:0.001185s ]
INFO: [ app_end ] --START--
INFO: Run Behavior\ShowPageTraceBehavior [ RunTime:0.003244s ]
INFO: [ app_end ] --END-- [ RunTime:0.004212s ]

[ 2016-04-08T09:01:07+08:00 ] ::1 /think-library/index.php/PrivateLibrary/LendBook.html
INFO: [ app_init ] --START--
INFO: Run Behavior\BuildLiteBehavior [ RunTime:0.000043s ]
INFO: [ app_init ] --END-- [ RunTime:0.000813s ]
INFO: [ app_begin ] --START--
INFO: Run Behavior\ReadHtmlCacheBehavior [ RunTime:0.000984s ]
INFO: [ app_begin ] --END-- [ RunTime:0.001199s ]
INFO: [ view_parse ] --START--
INFO: [ template_filter ] --START--
INFO: Run Behavior\ContentReplaceBehavior [ RunTime:0.000489s ]
INFO: [ template_filter ] --END-- [ RunTime:0.000693s ]
INFO: Run Behavior\ParseTemplateBehavior [ RunTime:0.237251s ]
INFO: [ view_parse ] --END-- [ RunTime:0.237588s ]
INFO: [ view_filter ] --START--
INFO: Run Behavior\WriteHtmlCacheBehavior [ RunTime:0.000808s ]
INFO: [ view_filter ] --END-- [ RunTime:0.000994s ]
INFO: [ app_end ] --START--
INFO: Run Behavior\ShowPageTraceBehavior [ RunTime:0.001916s ]
INFO: [ app_end ] --END-- [ RunTime:0.002300s ]

[ 2016-04-08T09:01:12+08:00 ] ::1 /think-library/index.php/PrivateLibrary/BookRetrieval.html
INFO: [ app_init ] --START--
INFO: Run Behavior\BuildLiteBehavior [ RunTime:0.000043s ]
INFO: [ app_init ] --END-- [ RunTime:0.000768s ]
INFO: [ app_begin ] --START--
INFO: Run Behavior\ReadHtmlCacheBehavior [ RunTime:0.000750s ]
INFO: [ app_begin ] --END-- [ RunTime:0.000928s ]
SQL: SHOW COLUMNS FROM `lib_bookinfo` [ RunTime:0.1213s ]
SQL: SELECT * FROM `lib_bookinfo` WHERE `bookname` LIKE '%大学%' AND `status` = 1 ORDER BY id  [ RunTime:0.0009s ]
SQL: SHOW COLUMNS FROM `lib_booktype` [ RunTime:0.0313s ]
SQL: SELECT `id`,`typename` FROM `lib_booktype` WHERE `status` = 1 ORDER BY sort,id  [ RunTime:0.0008s ]
SQL: SHOW COLUMNS FROM `lib_publisher` [ RunTime:0.0138s ]
SQL: SELECT `id`,`pressname` FROM `lib_publisher` WHERE `status` = 1 ORDER BY sort,id  [ RunTime:0.0006s ]

[ 2016-04-08T09:01:18+08:00 ] ::1 /think-library/index.php/PrivateLibrary/AlsoBook.html
INFO: [ app_init ] --START--
INFO: Run Behavior\BuildLiteBehavior [ RunTime:0.000042s ]
INFO: [ app_init ] --END-- [ RunTime:0.000788s ]
INFO: [ app_begin ] --START--
INFO: Run Behavior\ReadHtmlCacheBehavior [ RunTime:0.001359s ]
INFO: [ app_begin ] --END-- [ RunTime:0.001720s ]
SQL: SHOW COLUMNS FROM `lib_borrowinfo` [ RunTime:0.0208s ]
SQL: SELECT COUNT(*) AS tp_count FROM `lib_borrowinfo` WHERE `status` < 2 AND `readerid` = 1 LIMIT 1   [ RunTime:0.0022s ]
SQL: SELECT `id`,`readerid`,`bookid`,`managerid`,`borrowtime`,`returntime`,`endttime`,`status` FROM `lib_borrowinfo` WHERE `status` < 2 AND `readerid` = 1 ORDER BY id asc LIMIT 0,10   [ RunTime:0.0006s ]
SQL: SHOW COLUMNS FROM `lib_bookinfo` [ RunTime:0.0121s ]
SQL: SELECT * FROM `lib_bookinfo` WHERE `id` = 5 AND `status` = 1 LIMIT 1   [ RunTime:0.0008s ]
SQL: SELECT * FROM `lib_bookinfo` WHERE `id` = 5 AND `status` = 1 LIMIT 1   [ RunTime:0.0006s ]
INFO: [ view_parse ] --START--
INFO: [ template_filter ] --START--
INFO: Run Behavior\ContentReplaceBehavior [ RunTime:0.000647s ]
INFO: [ template_filter ] --END-- [ RunTime:0.000956s ]
INFO: Run Behavior\ParseTemplateBehavior [ RunTime:0.129397s ]
INFO: [ view_parse ] --END-- [ RunTime:0.129716s ]
INFO: [ view_filter ] --START--
INFO: Run Behavior\WriteHtmlCacheBehavior [ RunTime:0.000839s ]
INFO: [ view_filter ] --END-- [ RunTime:0.001032s ]
INFO: [ app_end ] --START--
INFO: Run Behavior\ShowPageTraceBehavior [ RunTime:0.002393s ]
INFO: [ app_end ] --END-- [ RunTime:0.002831s ]

[ 2016-04-08T09:01:21+08:00 ] ::1 /think-library/index.php/PrivateLibrary/AlsoBook.html
INFO: [ app_init ] --START--
INFO: Run Behavior\BuildLiteBehavior [ RunTime:0.000076s ]
INFO: [ app_init ] --END-- [ RunTime:0.001253s ]
INFO: [ app_begin ] --START--
INFO: Run Behavior\ReadHtmlCacheBehavior [ RunTime:0.001248s ]
INFO: [ app_begin ] --END-- [ RunTime:0.001730s ]
SQL: SHOW COLUMNS FROM `lib_bookinfo` [ RunTime:0.0315s ]
SQL: SELECT * FROM `lib_bookinfo` WHERE `status` = 1 AND `id` = 5 LIMIT 1   [ RunTime:0.0008s ]
SQL: UPDATE `lib_bookinfo` SET `status`='1',`nownum`='-1' WHERE `id` = 5 [ RunTime:0.0921s ]
SQL: SHOW COLUMNS FROM `lib_borrowinfo` [ RunTime:0.0101s ]
SQL: UPDATE `lib_borrowinfo` SET `returntime`='1460077281',`status`='2' WHERE `id` = 13 AND `readerid` = 1 [ RunTime:0.0734s ]

[ 2016-04-08T09:01:22+08:00 ] ::1 /think-library/index.php/PrivateLibrary/AlsoBook.html
INFO: [ app_init ] --START--
INFO: Run Behavior\BuildLiteBehavior [ RunTime:0.000081s ]
INFO: [ app_init ] --END-- [ RunTime:0.001356s ]
INFO: [ app_begin ] --START--
INFO: Run Behavior\ReadHtmlCacheBehavior [ RunTime:0.002233s ]
INFO: [ app_begin ] --END-- [ RunTime:0.002706s ]
SQL: SHOW COLUMNS FROM `lib_borrowinfo` [ RunTime:0.0080s ]
SQL: SELECT COUNT(*) AS tp_count FROM `lib_borrowinfo` WHERE `status` < 2 AND `readerid` = 1 LIMIT 1   [ RunTime:0.0005s ]
SQL: SELECT `id`,`readerid`,`bookid`,`managerid`,`borrowtime`,`returntime`,`endttime`,`status` FROM `lib_borrowinfo` WHERE `status` < 2 AND `readerid` = 1 ORDER BY id asc LIMIT 0,10   [ RunTime:0.0005s ]
SQL: SHOW COLUMNS FROM `lib_bookinfo` [ RunTime:0.0068s ]
SQL: SELECT * FROM `lib_bookinfo` WHERE `id` = 5 AND `status` = 1 LIMIT 1   [ RunTime:0.0006s ]
INFO: [ view_parse ] --START--
INFO: [ template_filter ] --START--
INFO: Run Behavior\ContentReplaceBehavior [ RunTime:0.000464s ]
INFO: [ template_filter ] --END-- [ RunTime:0.000668s ]
INFO: Run Behavior\ParseTemplateBehavior [ RunTime:0.127274s ]
INFO: [ view_parse ] --END-- [ RunTime:0.127581s ]
INFO: [ view_filter ] --START--
INFO: Run Behavior\WriteHtmlCacheBehavior [ RunTime:0.000874s ]
INFO: [ view_filter ] --END-- [ RunTime:0.001061s ]
INFO: [ app_end ] --START--
INFO: Run Behavior\ShowPageTraceBehavior [ RunTime:0.004215s ]
INFO: [ app_end ] --END-- [ RunTime:0.004786s ]

[ 2016-04-08T09:01:23+08:00 ] ::1 /think-library/index.php/PrivateLibrary/AlsoBook.html
INFO: [ app_init ] --START--
INFO: Run Behavior\BuildLiteBehavior [ RunTime:0.000089s ]
INFO: [ app_init ] --END-- [ RunTime:0.001346s ]
INFO: [ app_begin ] --START--
INFO: Run Behavior\ReadHtmlCacheBehavior [ RunTime:0.003207s ]
INFO: [ app_begin ] --END-- [ RunTime:0.003738s ]
SQL: SHOW COLUMNS FROM `lib_bookinfo` [ RunTime:0.0189s ]
SQL: SELECT * FROM `lib_bookinfo` WHERE `status` = 1 AND `id` = 5 LIMIT 1   [ RunTime:0.0006s ]
SQL: UPDATE `lib_bookinfo` SET `status`='1',`nownum`='0' WHERE `id` = 5 [ RunTime:0.1060s ]
SQL: SHOW COLUMNS FROM `lib_borrowinfo` [ RunTime:0.0272s ]
SQL: UPDATE `lib_borrowinfo` SET `returntime`='1460077283',`status`='2' WHERE `id` = 14 AND `readerid` = 1 [ RunTime:0.0765s ]

[ 2016-04-08T09:01:23+08:00 ] ::1 /think-library/index.php/PrivateLibrary/AlsoBook.html
INFO: [ app_init ] --START--
INFO: Run Behavior\BuildLiteBehavior [ RunTime:0.000081s ]
INFO: [ app_init ] --END-- [ RunTime:0.001224s ]
INFO: [ app_begin ] --START--
INFO: Run Behavior\ReadHtmlCacheBehavior [ RunTime:0.000834s ]
INFO: [ app_begin ] --END-- [ RunTime:0.001197s ]
SQL: SHOW COLUMNS FROM `lib_borrowinfo` [ RunTime:0.0174s ]
SQL: SELECT COUNT(*) AS tp_count FROM `lib_borrowinfo` WHERE `status` < 2 AND `readerid` = 1 LIMIT 1   [ RunTime:0.0005s ]
SQL: SELECT `id`,`readerid`,`bookid`,`managerid`,`borrowtime`,`returntime`,`endttime`,`status` FROM `lib_borrowinfo` WHERE `status` < 2 AND `readerid` = 1 ORDER BY id asc LIMIT 0,10   [ RunTime:0.0007s ]
SQL: SHOW COLUMNS FROM `lib_bookinfo` [ RunTime:0.0080s ]
INFO: [ view_parse ] --START--
INFO: [ template_filter ] --START--
INFO: Run Behavior\ContentReplaceBehavior [ RunTime:0.000442s ]
INFO: [ template_filter ] --END-- [ RunTime:0.000642s ]
INFO: Run Behavior\ParseTemplateBehavior [ RunTime:0.123379s ]
INFO: [ view_parse ] --END-- [ RunTime:0.123692s ]
INFO: [ view_filter ] --START--
INFO: Run Behavior\WriteHtmlCacheBehavior [ RunTime:0.000840s ]
INFO: [ view_filter ] --END-- [ RunTime:0.001028s ]
INFO: [ app_end ] --START--
INFO: Run Behavior\ShowPageTraceBehavior [ RunTime:0.001880s ]
INFO: [ app_end ] --END-- [ RunTime:0.002296s ]

[ 2016-04-08T09:01:38+08:00 ] ::1 /think-library/index.php/PrivateLibrary/LendBook.html
INFO: [ app_init ] --START--
INFO: Run Behavior\BuildLiteBehavior [ RunTime:0.000057s ]
INFO: [ app_init ] --END-- [ RunTime:0.000771s ]
INFO: [ app_begin ] --START--
INFO: Run Behavior\ReadHtmlCacheBehavior [ RunTime:0.000861s ]
INFO: [ app_begin ] --END-- [ RunTime:0.001077s ]
INFO: [ view_parse ] --START--
INFO: [ template_filter ] --START--
INFO: Run Behavior\ContentReplaceBehavior [ RunTime:0.000481s ]
INFO: [ template_filter ] --END-- [ RunTime:0.000702s ]
INFO: Run Behavior\ParseTemplateBehavior [ RunTime:0.187552s ]
INFO: [ view_parse ] --END-- [ RunTime:0.187875s ]
INFO: [ view_filter ] --START--
INFO: Run Behavior\WriteHtmlCacheBehavior [ RunTime:0.001167s ]
INFO: [ view_filter ] --END-- [ RunTime:0.001447s ]
INFO: [ app_end ] --START--
INFO: Run Behavior\ShowPageTraceBehavior [ RunTime:0.004771s ]
INFO: [ app_end ] --END-- [ RunTime:0.005275s ]

[ 2016-04-08T09:01:40+08:00 ] ::1 /think-library/index.php/PrivateLibrary/AlsoBook.html
INFO: [ app_init ] --START--
INFO: Run Behavior\BuildLiteBehavior [ RunTime:0.000043s ]
INFO: [ app_init ] --END-- [ RunTime:0.000768s ]
INFO: [ app_begin ] --START--
INFO: Run Behavior\ReadHtmlCacheBehavior [ RunTime:0.001323s ]
INFO: [ app_begin ] --END-- [ RunTime:0.001682s ]
SQL: SHOW COLUMNS FROM `lib_borrowinfo` [ RunTime:0.0198s ]
SQL: SELECT COUNT(*) AS tp_count FROM `lib_borrowinfo` WHERE `status` < 2 AND `readerid` = 1 LIMIT 1   [ RunTime:0.0004s ]
SQL: SELECT `id`,`readerid`,`bookid`,`managerid`,`borrowtime`,`returntime`,`endttime`,`status` FROM `lib_borrowinfo` WHERE `status` < 2 AND `readerid` = 1 ORDER BY id asc LIMIT 0,10   [ RunTime:0.0005s ]
SQL: SHOW COLUMNS FROM `lib_bookinfo` [ RunTime:0.0105s ]
INFO: [ view_parse ] --START--
INFO: [ template_filter ] --START--
INFO: Run Behavior\ContentReplaceBehavior [ RunTime:0.000476s ]
INFO: [ template_filter ] --END-- [ RunTime:0.000738s ]
INFO: Run Behavior\ParseTemplateBehavior [ RunTime:0.126375s ]
INFO: [ view_parse ] --END-- [ RunTime:0.126663s ]
INFO: [ view_filter ] --START--
INFO: Run Behavior\WriteHtmlCacheBehavior [ RunTime:0.001691s ]
INFO: [ view_filter ] --END-- [ RunTime:0.002083s ]
INFO: [ app_end ] --START--
INFO: Run Behavior\ShowPageTraceBehavior [ RunTime:0.002257s ]
INFO: [ app_end ] --END-- [ RunTime:0.003162s ]

[ 2016-04-08T09:01:45+08:00 ] ::1 /think-library/index.php/PrivateLibrary/BorrowingRecord.html
INFO: [ app_init ] --START--
INFO: Run Behavior\BuildLiteBehavior [ RunTime:0.000043s ]
INFO: [ app_init ] --END-- [ RunTime:0.000817s ]
INFO: [ app_begin ] --START--
INFO: Run Behavior\ReadHtmlCacheBehavior [ RunTime:0.001462s ]
INFO: [ app_begin ] --END-- [ RunTime:0.001975s ]
INFO: [ view_parse ] --START--
INFO: [ template_filter ] --START--
INFO: Run Behavior\ContentReplaceBehavior [ RunTime:0.000461s ]
INFO: [ template_filter ] --END-- [ RunTime:0.000736s ]
INFO: Run Behavior\ParseTemplateBehavior [ RunTime:0.087139s ]
INFO: [ view_parse ] --END-- [ RunTime:0.087426s ]
INFO: [ view_filter ] --START--
INFO: Run Behavior\WriteHtmlCacheBehavior [ RunTime:0.001161s ]
INFO: [ view_filter ] --END-- [ RunTime:0.001351s ]
INFO: [ app_end ] --START--
INFO: Run Behavior\ShowPageTraceBehavior [ RunTime:0.001687s ]
INFO: [ app_end ] --END-- [ RunTime:0.002033s ]

[ 2016-04-08T09:04:34+08:00 ] ::1 /think-library/index.php/PrivateLibrary/LendBook.html
INFO: [ app_init ] --START--
INFO: Run Behavior\BuildLiteBehavior [ RunTime:0.000051s ]
INFO: [ app_init ] --END-- [ RunTime:0.001055s ]
INFO: [ app_begin ] --START--
INFO: Run Behavior\ReadHtmlCacheBehavior [ RunTime:0.001230s ]
INFO: [ app_begin ] --END-- [ RunTime:0.001493s ]
INFO: [ view_parse ] --START--
INFO: [ template_filter ] --START--
INFO: Run Behavior\ContentReplaceBehavior [ RunTime:0.000544s ]
INFO: [ template_filter ] --END-- [ RunTime:0.000796s ]
INFO: Run Behavior\ParseTemplateBehavior [ RunTime:0.155139s ]
INFO: [ view_parse ] --END-- [ RunTime:0.155347s ]
INFO: [ view_filter ] --START--
INFO: Run Behavior\WriteHtmlCacheBehavior [ RunTime:0.000874s ]
INFO: [ view_filter ] --END-- [ RunTime:0.001060s ]
INFO: [ app_end ] --START--
INFO: Run Behavior\ShowPageTraceBehavior [ RunTime:0.002235s ]
INFO: [ app_end ] --END-- [ RunTime:0.002686s ]

[ 2016-04-08T09:11:40+08:00 ] ::1 /think-library/index.php/PrivateLibrary/BorrowingRecord.html
INFO: [ app_init ] --START--
INFO: Run Behavior\BuildLiteBehavior [ RunTime:0.000049s ]
INFO: [ app_init ] --END-- [ RunTime:0.001070s ]
INFO: [ app_begin ] --START--
INFO: Run Behavior\ReadHtmlCacheBehavior [ RunTime:0.001082s ]
INFO: [ app_begin ] --END-- [ RunTime:0.001334s ]
SQL: SHOW COLUMNS FROM `lib_borrowinfo` [ RunTime:0.0139s ]
SQL: SELECT COUNT(*) AS tp_count FROM `lib_borrowinfo` WHERE `status` < 2 AND `readerid` = 1 LIMIT 1   [ RunTime:0.0005s ]
SQL: SELECT `id`,`readerid`,`bookid`,`managerid`,`borrowtime`,`returntime`,`endttime`,`status` FROM `lib_borrowinfo` WHERE `status` < 2 AND `readerid` = 1 ORDER BY id asc LIMIT 0,10   [ RunTime:0.0005s ]
SQL: SHOW COLUMNS FROM `lib_bookinfo` [ RunTime:0.0152s ]
INFO: [ view_parse ] --START--
INFO: [ template_filter ] --START--
INFO: Run Behavior\ContentReplaceBehavior [ RunTime:0.000420s ]
INFO: [ template_filter ] --END-- [ RunTime:0.000648s ]
INFO: Run Behavior\ParseTemplateBehavior [ RunTime:0.095692s ]
INFO: [ view_parse ] --END-- [ RunTime:0.095900s ]
INFO: [ view_filter ] --START--
INFO: Run Behavior\WriteHtmlCacheBehavior [ RunTime:0.001204s ]
INFO: [ view_filter ] --END-- [ RunTime:0.001540s ]
INFO: [ app_end ] --START--
INFO: Run Behavior\ShowPageTraceBehavior [ RunTime:0.001637s ]
INFO: [ app_end ] --END-- [ RunTime:0.002051s ]

[ 2016-04-08T09:12:03+08:00 ] ::1 /think-library/index.php/PrivateLibrary/BorrowingRecord.html
INFO: [ app_init ] --START--
INFO: Run Behavior\BuildLiteBehavior [ RunTime:0.000043s ]
INFO: [ app_init ] --END-- [ RunTime:0.000861s ]
INFO: [ app_begin ] --START--
INFO: Run Behavior\ReadHtmlCacheBehavior [ RunTime:0.000880s ]
INFO: [ app_begin ] --END-- [ RunTime:0.001099s ]
SQL: SHOW COLUMNS FROM `lib_borrowinfo` [ RunTime:0.0126s ]
SQL: SELECT COUNT(*) AS tp_count FROM `lib_borrowinfo` WHERE `readerid` = 1 LIMIT 1   [ RunTime:0.0007s ]
SQL: SELECT `id`,`readerid`,`bookid`,`managerid`,`borrowtime`,`returntime`,`endttime`,`status` FROM `lib_borrowinfo` WHERE `readerid` = 1 ORDER BY id asc LIMIT 0,10   [ RunTime:0.0008s ]
SQL: SHOW COLUMNS FROM `lib_bookinfo` [ RunTime:0.0093s ]
SQL: SELECT * FROM `lib_bookinfo` WHERE `id` = 4 AND `status` = 1 LIMIT 1   [ RunTime:0.0006s ]
SQL: SELECT * FROM `lib_bookinfo` WHERE `id` = 4 AND `status` = 1 LIMIT 1   [ RunTime:0.0005s ]
SQL: SELECT * FROM `lib_bookinfo` WHERE `id` = 4 AND `status` = 1 LIMIT 1   [ RunTime:0.0004s ]
SQL: SELECT * FROM `lib_bookinfo` WHERE `id` = 4 AND `status` = 1 LIMIT 1   [ RunTime:0.0005s ]
SQL: SELECT * FROM `lib_bookinfo` WHERE `id` = 5 AND `status` = 1 LIMIT 1   [ RunTime:0.0005s ]
SQL: SELECT * FROM `lib_bookinfo` WHERE `id` = 4 AND `status` = 1 LIMIT 1   [ RunTime:0.0005s ]
SQL: SELECT * FROM `lib_bookinfo` WHERE `id` = 4 AND `status` = 1 LIMIT 1   [ RunTime:0.0005s ]
SQL: SELECT * FROM `lib_bookinfo` WHERE `id` = 5 AND `status` = 1 LIMIT 1   [ RunTime:0.0004s ]
SQL: SELECT * FROM `lib_bookinfo` WHERE `id` = 5 AND `status` = 1 LIMIT 1   [ RunTime:0.0004s ]
INFO: [ view_parse ] --START--
INFO: [ template_filter ] --START--
INFO: Run Behavior\ContentReplaceBehavior [ RunTime:0.000464s ]
INFO: [ template_filter ] --END-- [ RunTime:0.000678s ]
INFO: Run Behavior\ParseTemplateBehavior [ RunTime:0.102486s ]
INFO: [ view_parse ] --END-- [ RunTime:0.102692s ]
INFO: [ view_filter ] --START--
INFO: Run Behavior\WriteHtmlCacheBehavior [ RunTime:0.000900s ]
INFO: [ view_filter ] --END-- [ RunTime:0.001087s ]
INFO: [ app_end ] --START--
INFO: Run Behavior\ShowPageTraceBehavior [ RunTime:0.002305s ]
INFO: [ app_end ] --END-- [ RunTime:0.002793s ]

[ 2016-04-08T09:14:27+08:00 ] ::1 /think-library/index.php/PrivateLibrary/BorrowingRecord.html
INFO: [ app_init ] --START--
INFO: Run Behavior\BuildLiteBehavior [ RunTime:0.000046s ]
INFO: [ app_init ] --END-- [ RunTime:0.000968s ]
INFO: [ app_begin ] --START--
INFO: Run Behavior\ReadHtmlCacheBehavior [ RunTime:0.001042s ]
INFO: [ app_begin ] --END-- [ RunTime:0.001256s ]
SQL: SHOW COLUMNS FROM `lib_borrowinfo` [ RunTime:0.0254s ]
SQL: SELECT COUNT(*) AS tp_count FROM `lib_borrowinfo` WHERE `readerid` = 1 LIMIT 1   [ RunTime:0.0005s ]
SQL: SELECT `id`,`readerid`,`bookid`,`managerid`,`borrowtime`,`returntime`,`endttime`,`status` FROM `lib_borrowinfo` WHERE `readerid` = 1 ORDER BY id asc LIMIT 0,10   [ RunTime:0.0006s ]
SQL: SHOW COLUMNS FROM `lib_bookinfo` [ RunTime:0.0220s ]
SQL: SELECT * FROM `lib_bookinfo` WHERE `id` = 4 AND `status` = 1 LIMIT 1   [ RunTime:0.0005s ]
SQL: SELECT * FROM `lib_bookinfo` WHERE `id` = 4 AND `status` = 1 LIMIT 1   [ RunTime:0.0004s ]
SQL: SELECT * FROM `lib_bookinfo` WHERE `id` = 4 AND `status` = 1 LIMIT 1   [ RunTime:0.0003s ]
SQL: SELECT * FROM `lib_bookinfo` WHERE `id` = 4 AND `status` = 1 LIMIT 1   [ RunTime:0.0003s ]
SQL: SELECT * FROM `lib_bookinfo` WHERE `id` = 5 AND `status` = 1 LIMIT 1   [ RunTime:0.0003s ]
SQL: SELECT * FROM `lib_bookinfo` WHERE `id` = 4 AND `status` = 1 LIMIT 1   [ RunTime:0.0003s ]
SQL: SELECT * FROM `lib_bookinfo` WHERE `id` = 4 AND `status` = 1 LIMIT 1   [ RunTime:0.0006s ]
SQL: SELECT * FROM `lib_bookinfo` WHERE `id` = 5 AND `status` = 1 LIMIT 1   [ RunTime:0.0007s ]
SQL: SELECT * FROM `lib_bookinfo` WHERE `id` = 5 AND `status` = 1 LIMIT 1   [ RunTime:0.0006s ]
INFO: [ view_parse ] --START--
INFO: [ template_filter ] --START--
INFO: Run Behavior\ContentReplaceBehavior [ RunTime:0.000433s ]
INFO: [ template_filter ] --END-- [ RunTime:0.000632s ]
INFO: Run Behavior\ParseTemplateBehavior [ RunTime:0.102189s ]
INFO: [ view_parse ] --END-- [ RunTime:0.102417s ]
INFO: [ view_filter ] --START--
INFO: Run Behavior\WriteHtmlCacheBehavior [ RunTime:0.000822s ]
INFO: [ view_filter ] --END-- [ RunTime:0.001016s ]
INFO: [ app_end ] --START--
INFO: Run Behavior\ShowPageTraceBehavior [ RunTime:0.001917s ]
INFO: [ app_end ] --END-- [ RunTime:0.002395s ]

[ 2016-04-08T09:15:17+08:00 ] ::1 /think-library/index.php/PrivateLibrary/BorrowingRecord.html
INFO: [ app_init ] --START--
INFO: Run Behavior\BuildLiteBehavior [ RunTime:0.000046s ]
INFO: [ app_init ] --END-- [ RunTime:0.000990s ]
INFO: [ app_begin ] --START--
INFO: Run Behavior\ReadHtmlCacheBehavior [ RunTime:0.001078s ]
INFO: [ app_begin ] --END-- [ RunTime:0.001290s ]
SQL: SHOW COLUMNS FROM `lib_borrowinfo` [ RunTime:0.0256s ]
SQL: SELECT COUNT(*) AS tp_count FROM `lib_borrowinfo` WHERE `readerid` = 1 LIMIT 1   [ RunTime:0.0005s ]
SQL: SELECT `id`,`readerid`,`bookid`,`managerid`,`borrowtime`,`returntime`,`endttime`,`status` FROM `lib_borrowinfo` WHERE `readerid` = 1 ORDER BY id asc LIMIT 0,10   [ RunTime:0.0006s ]
SQL: SHOW COLUMNS FROM `lib_bookinfo` [ RunTime:0.0108s ]
SQL: SELECT * FROM `lib_bookinfo` WHERE `id` = 4 AND `status` = 1 LIMIT 1   [ RunTime:0.0007s ]
SQL: SELECT * FROM `lib_bookinfo` WHERE `id` = 4 AND `status` = 1 LIMIT 1   [ RunTime:0.0005s ]
SQL: SELECT * FROM `lib_bookinfo` WHERE `id` = 4 AND `status` = 1 LIMIT 1   [ RunTime:0.0004s ]
SQL: SELECT * FROM `lib_bookinfo` WHERE `id` = 4 AND `status` = 1 LIMIT 1   [ RunTime:0.0004s ]
SQL: SELECT * FROM `lib_bookinfo` WHERE `id` = 5 AND `status` = 1 LIMIT 1   [ RunTime:0.0004s ]
SQL: SELECT * FROM `lib_bookinfo` WHERE `id` = 4 AND `status` = 1 LIMIT 1   [ RunTime:0.0004s ]
SQL: SELECT * FROM `lib_bookinfo` WHERE `id` = 4 AND `status` = 1 LIMIT 1   [ RunTime:0.0004s ]
SQL: SELECT * FROM `lib_bookinfo` WHERE `id` = 5 AND `status` = 1 LIMIT 1   [ RunTime:0.0006s ]
SQL: SELECT * FROM `lib_bookinfo` WHERE `id` = 5 AND `status` = 1 LIMIT 1   [ RunTime:0.0008s ]
INFO: [ view_parse ] --START--
INFO: [ template_filter ] --START--
INFO: Run Behavior\ContentReplaceBehavior [ RunTime:0.000471s ]
INFO: [ template_filter ] --END-- [ RunTime:0.000679s ]
INFO: Run Behavior\ParseTemplateBehavior [ RunTime:0.104147s ]
INFO: [ view_parse ] --END-- [ RunTime:0.104420s ]
INFO: [ view_filter ] --START--
INFO: Run Behavior\WriteHtmlCacheBehavior [ RunTime:0.000709s ]
INFO: [ view_filter ] --END-- [ RunTime:0.000896s ]
INFO: [ app_end ] --START--
INFO: Run Behavior\ShowPageTraceBehavior [ RunTime:0.001919s ]
INFO: [ app_end ] --END-- [ RunTime:0.002356s ]

[ 2016-04-08T09:15:20+08:00 ] ::1 /think-library/index.php/PrivateLibrary/BorrowingRecord.html
INFO: [ app_init ] --START--
INFO: Run Behavior\BuildLiteBehavior [ RunTime:0.000044s ]
INFO: [ app_init ] --END-- [ RunTime:0.000936s ]
INFO: [ app_begin ] --START--
INFO: Run Behavior\ReadHtmlCacheBehavior [ RunTime:0.002132s ]
INFO: [ app_begin ] --END-- [ RunTime:0.002451s ]
SQL: SHOW COLUMNS FROM `lib_borrowinfo` [ RunTime:0.0207s ]
SQL: SELECT COUNT(*) AS tp_count FROM `lib_borrowinfo` WHERE `readerid` = 1 LIMIT 1   [ RunTime:0.0006s ]
SQL: SELECT `id`,`readerid`,`bookid`,`managerid`,`borrowtime`,`returntime`,`endttime`,`status` FROM `lib_borrowinfo` WHERE `readerid` = 1 ORDER BY id asc LIMIT 0,10   [ RunTime:0.0006s ]
SQL: SHOW COLUMNS FROM `lib_bookinfo` [ RunTime:0.0090s ]
SQL: SELECT * FROM `lib_bookinfo` WHERE `id` = 4 AND `status` = 1 LIMIT 1   [ RunTime:0.0007s ]
SQL: SELECT * FROM `lib_bookinfo` WHERE `id` = 4 AND `status` = 1 LIMIT 1   [ RunTime:0.0006s ]
SQL: SELECT * FROM `lib_bookinfo` WHERE `id` = 4 AND `status` = 1 LIMIT 1   [ RunTime:0.0004s ]
SQL: SELECT * FROM `lib_bookinfo` WHERE `id` = 4 AND `status` = 1 LIMIT 1   [ RunTime:0.0004s ]
SQL: SELECT * FROM `lib_bookinfo` WHERE `id` = 5 AND `status` = 1 LIMIT 1   [ RunTime:0.0003s ]
SQL: SELECT * FROM `lib_bookinfo` WHERE `id` = 4 AND `status` = 1 LIMIT 1   [ RunTime:0.0004s ]
SQL: SELECT * FROM `lib_bookinfo` WHERE `id` = 4 AND `status` = 1 LIMIT 1   [ RunTime:0.0005s ]
SQL: SELECT * FROM `lib_bookinfo` WHERE `id` = 5 AND `status` = 1 LIMIT 1   [ RunTime:0.0004s ]
SQL: SELECT * FROM `lib_bookinfo` WHERE `id` = 5 AND `status` = 1 LIMIT 1   [ RunTime:0.0004s ]
INFO: [ view_parse ] --START--
INFO: [ template_filter ] --START--
INFO: Run Behavior\ContentReplaceBehavior [ RunTime:0.000482s ]
INFO: [ template_filter ] --END-- [ RunTime:0.000739s ]
INFO: Run Behavior\ParseTemplateBehavior [ RunTime:0.090296s ]
INFO: [ view_parse ] --END-- [ RunTime:0.090503s ]
INFO: [ view_filter ] --START--
INFO: Run Behavior\WriteHtmlCacheBehavior [ RunTime:0.000941s ]
INFO: [ view_filter ] --END-- [ RunTime:0.001131s ]
INFO: [ app_end ] --START--
INFO: Run Behavior\ShowPageTraceBehavior [ RunTime:0.001524s ]
INFO: [ app_end ] --END-- [ RunTime:0.001869s ]

[ 2016-04-08T09:16:50+08:00 ] ::1 /think-library/index.php/PrivateLibrary/LendBook.html
INFO: [ app_init ] --START--
INFO: Run Behavior\BuildLiteBehavior [ RunTime:0.000042s ]
INFO: [ app_init ] --END-- [ RunTime:0.000777s ]
INFO: [ app_begin ] --START--
INFO: Run Behavior\ReadHtmlCacheBehavior [ RunTime:0.000825s ]
INFO: [ app_begin ] --END-- [ RunTime:0.001024s ]
INFO: [ view_parse ] --START--
INFO: [ template_filter ] --START--
INFO: Run Behavior\ContentReplaceBehavior [ RunTime:0.000475s ]
INFO: [ template_filter ] --END-- [ RunTime:0.000675s ]
INFO: Run Behavior\ParseTemplateBehavior [ RunTime:0.163537s ]
INFO: [ view_parse ] --END-- [ RunTime:0.163746s ]
INFO: [ view_filter ] --START--
INFO: Run Behavior\WriteHtmlCacheBehavior [ RunTime:0.000940s ]
INFO: [ view_filter ] --END-- [ RunTime:0.001167s ]
INFO: [ app_end ] --START--
INFO: Run Behavior\ShowPageTraceBehavior [ RunTime:0.001714s ]
INFO: [ app_end ] --END-- [ RunTime:0.002174s ]

[ 2016-04-08T09:17:04+08:00 ] ::1 /think-library/index.php/PrivateLibrary/BookRetrieval.html
INFO: [ app_init ] --START--
INFO: Run Behavior\BuildLiteBehavior [ RunTime:0.000044s ]
INFO: [ app_init ] --END-- [ RunTime:0.000899s ]
INFO: [ app_begin ] --START--
INFO: Run Behavior\ReadHtmlCacheBehavior [ RunTime:0.000782s ]
INFO: [ app_begin ] --END-- [ RunTime:0.000974s ]
SQL: SHOW COLUMNS FROM `lib_bookinfo` [ RunTime:0.1431s ]
SQL: SELECT * FROM `lib_bookinfo` WHERE `bookname` LIKE '%大学%' AND `status` = 1 ORDER BY id  [ RunTime:0.0016s ]
SQL: SHOW COLUMNS FROM `lib_booktype` [ RunTime:0.0607s ]
SQL: SELECT `id`,`typename` FROM `lib_booktype` WHERE `status` = 1 ORDER BY sort,id  [ RunTime:0.0013s ]
SQL: SHOW COLUMNS FROM `lib_publisher` [ RunTime:0.0196s ]
SQL: SELECT `id`,`pressname` FROM `lib_publisher` WHERE `status` = 1 ORDER BY sort,id  [ RunTime:0.0008s ]

[ 2016-04-08T09:17:06+08:00 ] ::1 /think-library/index.php/PrivateLibrary/LendBook.html
INFO: [ app_init ] --START--
INFO: Run Behavior\BuildLiteBehavior [ RunTime:0.000045s ]
INFO: [ app_init ] --END-- [ RunTime:0.000913s ]
INFO: [ app_begin ] --START--
INFO: Run Behavior\ReadHtmlCacheBehavior [ RunTime:0.000845s ]
INFO: [ app_begin ] --END-- [ RunTime:0.001016s ]
SQL: SHOW COLUMNS FROM `lib_borrowinfo` [ RunTime:0.0138s ]
SQL: SHOW COLUMNS FROM `lib_bookinfo` [ RunTime:0.0142s ]
SQL: SELECT * FROM `lib_bookinfo` WHERE `status` = 1 AND `id` = 4 LIMIT 1   [ RunTime:0.0005s ]
SQL: UPDATE `lib_bookinfo` SET `status`='1',`nownum`='-1' WHERE `id` = 4 [ RunTime:0.0906s ]
SQL: INSERT INTO `lib_borrowinfo` (`readerid`,`bookid`,`managerid`,`borrowtime`,`status`,`endttime`) VALUES ('1','4','1','1460078225','1','1460081825') [ RunTime:0.0310s ]

[ 2016-04-08T09:17:06+08:00 ] ::1 /think-library/index.php/PrivateLibrary/LendBook.html
INFO: [ app_init ] --START--
INFO: Run Behavior\BuildLiteBehavior [ RunTime:0.000045s ]
INFO: [ app_init ] --END-- [ RunTime:0.000862s ]
INFO: [ app_begin ] --START--
INFO: Run Behavior\ReadHtmlCacheBehavior [ RunTime:0.001295s ]
INFO: [ app_begin ] --END-- [ RunTime:0.001552s ]
SQL: SHOW COLUMNS FROM `lib_borrowinfo` [ RunTime:0.0096s ]
SQL: SHOW COLUMNS FROM `lib_bookinfo` [ RunTime:0.0068s ]
SQL: SELECT * FROM `lib_bookinfo` WHERE `status` = 1 AND `id` = 4 LIMIT 1   [ RunTime:0.0005s ]
SQL: UPDATE `lib_bookinfo` SET `status`='1',`nownum`='-2' WHERE `id` = 4 [ RunTime:0.1023s ]
SQL: INSERT INTO `lib_borrowinfo` (`readerid`,`bookid`,`managerid`,`borrowtime`,`status`,`endttime`) VALUES ('1','4','1','1460078226','1','1460081826') [ RunTime:0.0382s ]

[ 2016-04-08T09:17:06+08:00 ] ::1 /think-library/index.php/PrivateLibrary/LendBook.html
INFO: [ app_init ] --START--
INFO: Run Behavior\BuildLiteBehavior [ RunTime:0.000044s ]
INFO: [ app_init ] --END-- [ RunTime:0.000856s ]
INFO: [ app_begin ] --START--
INFO: Run Behavior\ReadHtmlCacheBehavior [ RunTime:0.000850s ]
INFO: [ app_begin ] --END-- [ RunTime:0.001020s ]
SQL: SHOW COLUMNS FROM `lib_borrowinfo` [ RunTime:0.0825s ]
SQL: SHOW COLUMNS FROM `lib_bookinfo` [ RunTime:0.0169s ]
SQL: SELECT * FROM `lib_bookinfo` WHERE `status` = 1 AND `id` = 4 LIMIT 1   [ RunTime:0.0014s ]
SQL: UPDATE `lib_bookinfo` SET `status`='1',`nownum`='-3' WHERE `id` = 4 [ RunTime:0.0437s ]
SQL: INSERT INTO `lib_borrowinfo` (`readerid`,`bookid`,`managerid`,`borrowtime`,`status`,`endttime`) VALUES ('1','4','1','1460078226','1','1460081826') [ RunTime:0.0228s ]

[ 2016-04-08T09:17:06+08:00 ] ::1 /think-library/index.php/PrivateLibrary/LendBook.html
INFO: [ app_init ] --START--
INFO: Run Behavior\BuildLiteBehavior [ RunTime:0.000044s ]
INFO: [ app_init ] --END-- [ RunTime:0.000794s ]
INFO: [ app_begin ] --START--
INFO: Run Behavior\ReadHtmlCacheBehavior [ RunTime:0.000757s ]
INFO: [ app_begin ] --END-- [ RunTime:0.000922s ]
SQL: SHOW COLUMNS FROM `lib_borrowinfo` [ RunTime:0.0069s ]
SQL: SHOW COLUMNS FROM `lib_bookinfo` [ RunTime:0.0072s ]
SQL: SELECT * FROM `lib_bookinfo` WHERE `status` = 1 AND `id` = 4 LIMIT 1   [ RunTime:0.0006s ]

[ 2016-04-08T09:17:06+08:00 ] ::1 /think-library/index.php/PrivateLibrary/LendBook.html
INFO: [ app_init ] --START--
INFO: Run Behavior\BuildLiteBehavior [ RunTime:0.000042s ]
INFO: [ app_init ] --END-- [ RunTime:0.000772s ]
INFO: [ app_begin ] --START--
INFO: Run Behavior\ReadHtmlCacheBehavior [ RunTime:0.000779s ]
INFO: [ app_begin ] --END-- [ RunTime:0.000941s ]
SQL: SHOW COLUMNS FROM `lib_borrowinfo` [ RunTime:0.0066s ]
SQL: SHOW COLUMNS FROM `lib_bookinfo` [ RunTime:0.0067s ]
SQL: SELECT * FROM `lib_bookinfo` WHERE `status` = 1 AND `id` = 4 LIMIT 1   [ RunTime:0.0005s ]

[ 2016-04-08T09:17:06+08:00 ] ::1 /think-library/index.php/PrivateLibrary/LendBook.html
INFO: [ app_init ] --START--
INFO: Run Behavior\BuildLiteBehavior [ RunTime:0.000044s ]
INFO: [ app_init ] --END-- [ RunTime:0.000810s ]
INFO: [ app_begin ] --START--
INFO: Run Behavior\ReadHtmlCacheBehavior [ RunTime:0.000787s ]
INFO: [ app_begin ] --END-- [ RunTime:0.000952s ]
SQL: SHOW COLUMNS FROM `lib_borrowinfo` [ RunTime:0.0068s ]
SQL: SHOW COLUMNS FROM `lib_bookinfo` [ RunTime:0.0066s ]
SQL: SELECT * FROM `lib_bookinfo` WHERE `status` = 1 AND `id` = 4 LIMIT 1   [ RunTime:0.0005s ]

[ 2016-04-08T09:17:07+08:00 ] ::1 /think-library/index.php/PrivateLibrary/LendBook.html
INFO: [ app_init ] --START--
INFO: Run Behavior\BuildLiteBehavior [ RunTime:0.000043s ]
INFO: [ app_init ] --END-- [ RunTime:0.000892s ]
INFO: [ app_begin ] --START--
INFO: Run Behavior\ReadHtmlCacheBehavior [ RunTime:0.000865s ]
INFO: [ app_begin ] --END-- [ RunTime:0.001042s ]
SQL: SHOW COLUMNS FROM `lib_borrowinfo` [ RunTime:0.0125s ]
SQL: SHOW COLUMNS FROM `lib_bookinfo` [ RunTime:0.0101s ]
SQL: SELECT * FROM `lib_bookinfo` WHERE `status` = 1 AND `id` = 4 LIMIT 1   [ RunTime:0.0005s ]

[ 2016-04-08T09:17:07+08:00 ] ::1 /think-library/index.php/PrivateLibrary/LendBook.html
INFO: [ app_init ] --START--
INFO: Run Behavior\BuildLiteBehavior [ RunTime:0.000042s ]
INFO: [ app_init ] --END-- [ RunTime:0.000801s ]
INFO: [ app_begin ] --START--
INFO: Run Behavior\ReadHtmlCacheBehavior [ RunTime:0.000784s ]
INFO: [ app_begin ] --END-- [ RunTime:0.000950s ]
SQL: SHOW COLUMNS FROM `lib_borrowinfo` [ RunTime:0.0117s ]
SQL: SHOW COLUMNS FROM `lib_bookinfo` [ RunTime:0.0063s ]
SQL: SELECT * FROM `lib_bookinfo` WHERE `status` = 1 AND `id` = 4 LIMIT 1   [ RunTime:0.0006s ]

[ 2016-04-08T09:17:07+08:00 ] ::1 /think-library/index.php/PrivateLibrary/LendBook.html
INFO: [ app_init ] --START--
INFO: Run Behavior\BuildLiteBehavior [ RunTime:0.000044s ]
INFO: [ app_init ] --END-- [ RunTime:0.000785s ]
INFO: [ app_begin ] --START--
INFO: Run Behavior\ReadHtmlCacheBehavior [ RunTime:0.000780s ]
INFO: [ app_begin ] --END-- [ RunTime:0.000946s ]
SQL: SHOW COLUMNS FROM `lib_borrowinfo` [ RunTime:0.0070s ]
SQL: SHOW COLUMNS FROM `lib_bookinfo` [ RunTime:0.0066s ]
SQL: SELECT * FROM `lib_bookinfo` WHERE `status` = 1 AND `id` = 4 LIMIT 1   [ RunTime:0.0005s ]

[ 2016-04-08T09:17:08+08:00 ] ::1 /think-library/index.php/PrivateLibrary/LendBook.html
INFO: [ app_init ] --START--
INFO: Run Behavior\BuildLiteBehavior [ RunTime:0.000043s ]
INFO: [ app_init ] --END-- [ RunTime:0.000793s ]
INFO: [ app_begin ] --START--
INFO: Run Behavior\ReadHtmlCacheBehavior [ RunTime:0.000773s ]
INFO: [ app_begin ] --END-- [ RunTime:0.000945s ]
SQL: SHOW COLUMNS FROM `lib_borrowinfo` [ RunTime:0.0118s ]
SQL: SHOW COLUMNS FROM `lib_bookinfo` [ RunTime:0.0098s ]
SQL: SELECT * FROM `lib_bookinfo` WHERE `status` = 1 AND `id` = 4 LIMIT 1   [ RunTime:0.0005s ]

[ 2016-04-08T09:17:08+08:00 ] ::1 /think-library/index.php/PrivateLibrary/LendBook.html
INFO: [ app_init ] --START--
INFO: Run Behavior\BuildLiteBehavior [ RunTime:0.000041s ]
INFO: [ app_init ] --END-- [ RunTime:0.000768s ]
INFO: [ app_begin ] --START--
INFO: Run Behavior\ReadHtmlCacheBehavior [ RunTime:0.000756s ]
INFO: [ app_begin ] --END-- [ RunTime:0.000924s ]
SQL: SHOW COLUMNS FROM `lib_borrowinfo` [ RunTime:0.0067s ]
SQL: SHOW COLUMNS FROM `lib_bookinfo` [ RunTime:0.0062s ]
SQL: SELECT * FROM `lib_bookinfo` WHERE `status` = 1 AND `id` = 4 LIMIT 1   [ RunTime:0.0005s ]

[ 2016-04-08T09:17:08+08:00 ] ::1 /think-library/index.php/PrivateLibrary/LendBook.html
INFO: [ app_init ] --START--
INFO: Run Behavior\BuildLiteBehavior [ RunTime:0.000046s ]
INFO: [ app_init ] --END-- [ RunTime:0.000854s ]
INFO: [ app_begin ] --START--
INFO: Run Behavior\ReadHtmlCacheBehavior [ RunTime:0.000896s ]
INFO: [ app_begin ] --END-- [ RunTime:0.001108s ]
INFO: [ view_parse ] --START--
INFO: [ template_filter ] --START--
INFO: Run Behavior\ContentReplaceBehavior [ RunTime:0.000481s ]
INFO: [ template_filter ] --END-- [ RunTime:0.000684s ]
INFO: Run Behavior\ParseTemplateBehavior [ RunTime:0.151609s ]
INFO: [ view_parse ] --END-- [ RunTime:0.151870s ]
INFO: [ view_filter ] --START--
INFO: Run Behavior\WriteHtmlCacheBehavior [ RunTime:0.000801s ]
INFO: [ view_filter ] --END-- [ RunTime:0.000989s ]
INFO: [ app_end ] --START--
INFO: Run Behavior\ShowPageTraceBehavior [ RunTime:0.001310s ]
INFO: [ app_end ] --END-- [ RunTime:0.001543s ]

[ 2016-04-08T09:17:12+08:00 ] ::1 /think-library/index.php/PrivateLibrary/AlsoBook.html
INFO: [ app_init ] --START--
INFO: Run Behavior\BuildLiteBehavior [ RunTime:0.000044s ]
INFO: [ app_init ] --END-- [ RunTime:0.000864s ]
INFO: [ app_begin ] --START--
INFO: Run Behavior\ReadHtmlCacheBehavior [ RunTime:0.000906s ]
INFO: [ app_begin ] --END-- [ RunTime:0.001144s ]
SQL: SHOW COLUMNS FROM `lib_borrowinfo` [ RunTime:0.0790s ]
SQL: SELECT COUNT(*) AS tp_count FROM `lib_borrowinfo` WHERE `status` < 2 AND `readerid` = 1 LIMIT 1   [ RunTime:0.0006s ]
SQL: SELECT `id`,`readerid`,`bookid`,`managerid`,`borrowtime`,`returntime`,`endttime`,`status` FROM `lib_borrowinfo` WHERE `status` < 2 AND `readerid` = 1 ORDER BY id asc LIMIT 0,10   [ RunTime:0.0005s ]
SQL: SHOW COLUMNS FROM `lib_bookinfo` [ RunTime:0.0127s ]
SQL: SELECT * FROM `lib_bookinfo` WHERE `id` = 4 AND `status` = 1 LIMIT 1   [ RunTime:0.0006s ]
SQL: SELECT * FROM `lib_bookinfo` WHERE `id` = 4 AND `status` = 1 LIMIT 1   [ RunTime:0.0004s ]
SQL: SELECT * FROM `lib_bookinfo` WHERE `id` = 4 AND `status` = 1 LIMIT 1   [ RunTime:0.0004s ]
INFO: [ view_parse ] --START--
INFO: [ template_filter ] --START--
INFO: Run Behavior\ContentReplaceBehavior [ RunTime:0.000506s ]
INFO: [ template_filter ] --END-- [ RunTime:0.000719s ]
INFO: Run Behavior\ParseTemplateBehavior [ RunTime:0.105091s ]
INFO: [ view_parse ] --END-- [ RunTime:0.105301s ]
INFO: [ view_filter ] --START--
INFO: Run Behavior\WriteHtmlCacheBehavior [ RunTime:0.000728s ]
INFO: [ view_filter ] --END-- [ RunTime:0.000914s ]
INFO: [ app_end ] --START--
INFO: Run Behavior\ShowPageTraceBehavior [ RunTime:0.001094s ]
INFO: [ app_end ] --END-- [ RunTime:0.001434s ]

[ 2016-04-08T09:17:15+08:00 ] ::1 /think-library/index.php/PrivateLibrary/AlsoBook.html
INFO: [ app_init ] --START--
INFO: Run Behavior\BuildLiteBehavior [ RunTime:0.000084s ]
INFO: [ app_init ] --END-- [ RunTime:0.001241s ]
INFO: [ app_begin ] --START--
INFO: Run Behavior\ReadHtmlCacheBehavior [ RunTime:0.000774s ]
INFO: [ app_begin ] --END-- [ RunTime:0.000956s ]
SQL: SHOW COLUMNS FROM `lib_bookinfo` [ RunTime:0.1997s ]
SQL: SELECT * FROM `lib_bookinfo` WHERE `status` = 1 AND `id` = 4 LIMIT 1   [ RunTime:0.0012s ]
SQL: UPDATE `lib_bookinfo` SET `status`='1',`nownum`='-2' WHERE `id` = 4 [ RunTime:0.2083s ]
SQL: SHOW COLUMNS FROM `lib_borrowinfo` [ RunTime:0.0949s ]
SQL: UPDATE `lib_borrowinfo` SET `returntime`='1460078234',`status`='2' WHERE `id` = 15 AND `readerid` = 1 [ RunTime:0.0872s ]

[ 2016-04-08T09:17:15+08:00 ] ::1 /think-library/index.php/PrivateLibrary/AlsoBook.html
INFO: [ app_init ] --START--
INFO: Run Behavior\BuildLiteBehavior [ RunTime:0.000044s ]
INFO: [ app_init ] --END-- [ RunTime:0.000792s ]
INFO: [ app_begin ] --START--
INFO: Run Behavior\ReadHtmlCacheBehavior [ RunTime:0.000946s ]
INFO: [ app_begin ] --END-- [ RunTime:0.001150s ]
SQL: SHOW COLUMNS FROM `lib_borrowinfo` [ RunTime:0.0278s ]
SQL: SELECT COUNT(*) AS tp_count FROM `lib_borrowinfo` WHERE `status` < 2 AND `readerid` = 1 LIMIT 1   [ RunTime:0.0007s ]
SQL: SELECT `id`,`readerid`,`bookid`,`managerid`,`borrowtime`,`returntime`,`endttime`,`status` FROM `lib_borrowinfo` WHERE `status` < 2 AND `readerid` = 1 ORDER BY id asc LIMIT 0,10   [ RunTime:0.0006s ]
SQL: SHOW COLUMNS FROM `lib_bookinfo` [ RunTime:0.0284s ]
SQL: SELECT * FROM `lib_bookinfo` WHERE `id` = 4 AND `status` = 1 LIMIT 1   [ RunTime:0.0006s ]
SQL: SELECT * FROM `lib_bookinfo` WHERE `id` = 4 AND `status` = 1 LIMIT 1   [ RunTime:0.0005s ]
INFO: [ view_parse ] --START--
INFO: [ template_filter ] --START--
INFO: Run Behavior\ContentReplaceBehavior [ RunTime:0.000556s ]
INFO: [ template_filter ] --END-- [ RunTime:0.000917s ]
INFO: Run Behavior\ParseTemplateBehavior [ RunTime:0.116569s ]
INFO: [ view_parse ] --END-- [ RunTime:0.116776s ]
INFO: [ view_filter ] --START--
INFO: Run Behavior\WriteHtmlCacheBehavior [ RunTime:0.000847s ]
INFO: [ view_filter ] --END-- [ RunTime:0.001036s ]
INFO: [ app_end ] --START--
INFO: Run Behavior\ShowPageTraceBehavior [ RunTime:0.001894s ]
INFO: [ app_end ] --END-- [ RunTime:0.002406s ]

[ 2016-04-08T09:17:16+08:00 ] ::1 /think-library/index.php/PrivateLibrary/AlsoBook.html
INFO: [ app_init ] --START--
INFO: Run Behavior\BuildLiteBehavior [ RunTime:0.000085s ]
INFO: [ app_init ] --END-- [ RunTime:0.001450s ]
INFO: [ app_begin ] --START--
INFO: Run Behavior\ReadHtmlCacheBehavior [ RunTime:0.001252s ]
INFO: [ app_begin ] --END-- [ RunTime:0.001462s ]
SQL: SHOW COLUMNS FROM `lib_bookinfo` [ RunTime:0.0190s ]
SQL: SELECT * FROM `lib_bookinfo` WHERE `status` = 1 AND `id` = 4 LIMIT 1   [ RunTime:0.0007s ]
SQL: UPDATE `lib_bookinfo` SET `status`='1',`nownum`='-1' WHERE `id` = 4 [ RunTime:0.1104s ]
SQL: SHOW COLUMNS FROM `lib_borrowinfo` [ RunTime:0.0097s ]
SQL: UPDATE `lib_borrowinfo` SET `returntime`='1460078236',`status`='2' WHERE `id` = 16 AND `readerid` = 1 [ RunTime:0.0654s ]

[ 2016-04-08T09:17:16+08:00 ] ::1 /think-library/index.php/PrivateLibrary/AlsoBook.html
INFO: [ app_init ] --START--
INFO: Run Behavior\BuildLiteBehavior [ RunTime:0.000043s ]
INFO: [ app_init ] --END-- [ RunTime:0.000778s ]
INFO: [ app_begin ] --START--
INFO: Run Behavior\ReadHtmlCacheBehavior [ RunTime:0.001476s ]
INFO: [ app_begin ] --END-- [ RunTime:0.001925s ]
SQL: SHOW COLUMNS FROM `lib_borrowinfo` [ RunTime:0.0073s ]
SQL: SELECT COUNT(*) AS tp_count FROM `lib_borrowinfo` WHERE `status` < 2 AND `readerid` = 1 LIMIT 1   [ RunTime:0.0005s ]
SQL: SELECT `id`,`readerid`,`bookid`,`managerid`,`borrowtime`,`returntime`,`endttime`,`status` FROM `lib_borrowinfo` WHERE `status` < 2 AND `readerid` = 1 ORDER BY id asc LIMIT 0,10   [ RunTime:0.0005s ]
SQL: SHOW COLUMNS FROM `lib_bookinfo` [ RunTime:0.0067s ]
SQL: SELECT * FROM `lib_bookinfo` WHERE `id` = 4 AND `status` = 1 LIMIT 1   [ RunTime:0.0006s ]
INFO: [ view_parse ] --START--
INFO: [ template_filter ] --START--
INFO: Run Behavior\ContentReplaceBehavior [ RunTime:0.000443s ]
INFO: [ template_filter ] --END-- [ RunTime:0.000641s ]
INFO: Run Behavior\ParseTemplateBehavior [ RunTime:0.103278s ]
INFO: [ view_parse ] --END-- [ RunTime:0.103485s ]
INFO: [ view_filter ] --START--
INFO: Run Behavior\WriteHtmlCacheBehavior [ RunTime:0.000600s ]
INFO: [ view_filter ] --END-- [ RunTime:0.000779s ]
INFO: [ app_end ] --START--
INFO: Run Behavior\ShowPageTraceBehavior [ RunTime:0.001135s ]
INFO: [ app_end ] --END-- [ RunTime:0.001457s ]

[ 2016-04-08T09:17:17+08:00 ] ::1 /think-library/index.php/PrivateLibrary/AlsoBook.html
INFO: [ app_init ] --START--
INFO: Run Behavior\BuildLiteBehavior [ RunTime:0.000042s ]
INFO: [ app_init ] --END-- [ RunTime:0.000776s ]
INFO: [ app_begin ] --START--
INFO: Run Behavior\ReadHtmlCacheBehavior [ RunTime:0.000901s ]
INFO: [ app_begin ] --END-- [ RunTime:0.001116s ]
SQL: SHOW COLUMNS FROM `lib_bookinfo` [ RunTime:0.0156s ]
SQL: SELECT * FROM `lib_bookinfo` WHERE `status` = 1 AND `id` = 4 LIMIT 1   [ RunTime:0.0009s ]
SQL: UPDATE `lib_bookinfo` SET `status`='1',`nownum`='0' WHERE `id` = 4 [ RunTime:0.0732s ]
SQL: SHOW COLUMNS FROM `lib_borrowinfo` [ RunTime:0.0092s ]
SQL: UPDATE `lib_borrowinfo` SET `returntime`='1460078237',`status`='2' WHERE `id` = 17 AND `readerid` = 1 [ RunTime:0.0899s ]

[ 2016-04-08T09:17:17+08:00 ] ::1 /think-library/index.php/PrivateLibrary/AlsoBook.html
INFO: [ app_init ] --START--
INFO: Run Behavior\BuildLiteBehavior [ RunTime:0.000080s ]
INFO: [ app_init ] --END-- [ RunTime:0.001415s ]
INFO: [ app_begin ] --START--
INFO: Run Behavior\ReadHtmlCacheBehavior [ RunTime:0.000877s ]
INFO: [ app_begin ] --END-- [ RunTime:0.001089s ]
SQL: SHOW COLUMNS FROM `lib_borrowinfo` [ RunTime:0.0065s ]
SQL: SELECT COUNT(*) AS tp_count FROM `lib_borrowinfo` WHERE `status` < 2 AND `readerid` = 1 LIMIT 1   [ RunTime:0.0005s ]
SQL: SELECT `id`,`readerid`,`bookid`,`managerid`,`borrowtime`,`returntime`,`endttime`,`status` FROM `lib_borrowinfo` WHERE `status` < 2 AND `readerid` = 1 ORDER BY id asc LIMIT 0,10   [ RunTime:0.0006s ]
SQL: SHOW COLUMNS FROM `lib_bookinfo` [ RunTime:0.0074s ]
INFO: [ view_parse ] --START--
INFO: [ template_filter ] --START--
INFO: Run Behavior\ContentReplaceBehavior [ RunTime:0.000491s ]
INFO: [ template_filter ] --END-- [ RunTime:0.000794s ]
INFO: Run Behavior\ParseTemplateBehavior [ RunTime:0.104447s ]
INFO: [ view_parse ] --END-- [ RunTime:0.104654s ]
INFO: [ view_filter ] --START--
INFO: Run Behavior\WriteHtmlCacheBehavior [ RunTime:0.000951s ]
INFO: [ view_filter ] --END-- [ RunTime:0.001153s ]
INFO: [ app_end ] --START--
INFO: Run Behavior\ShowPageTraceBehavior [ RunTime:0.001589s ]
INFO: [ app_end ] --END-- [ RunTime:0.001892s ]

[ 2016-04-08T09:17:19+08:00 ] ::1 /think-library/index.php/PrivateLibrary/BorrowingRecord.html
INFO: [ app_init ] --START--
INFO: Run Behavior\BuildLiteBehavior [ RunTime:0.000049s ]
INFO: [ app_init ] --END-- [ RunTime:0.000781s ]
INFO: [ app_begin ] --START--
INFO: Run Behavior\ReadHtmlCacheBehavior [ RunTime:0.000881s ]
INFO: [ app_begin ] --END-- [ RunTime:0.001094s ]
SQL: SHOW COLUMNS FROM `lib_borrowinfo` [ RunTime:0.1547s ]
SQL: SELECT COUNT(*) AS tp_count FROM `lib_borrowinfo` WHERE `readerid` = 1 LIMIT 1   [ RunTime:0.0004s ]
SQL: SELECT `id`,`readerid`,`bookid`,`managerid`,`borrowtime`,`returntime`,`endttime`,`status` FROM `lib_borrowinfo` WHERE `readerid` = 1 ORDER BY id asc LIMIT 0,10   [ RunTime:0.0006s ]
SQL: SHOW COLUMNS FROM `lib_bookinfo` [ RunTime:0.0697s ]
SQL: SELECT * FROM `lib_bookinfo` WHERE `id` = 4 AND `status` = 1 LIMIT 1   [ RunTime:0.0008s ]
SQL: SELECT * FROM `lib_bookinfo` WHERE `id` = 4 AND `status` = 1 LIMIT 1   [ RunTime:0.0006s ]
SQL: SELECT * FROM `lib_bookinfo` WHERE `id` = 4 AND `status` = 1 LIMIT 1   [ RunTime:0.0004s ]
SQL: SELECT * FROM `lib_bookinfo` WHERE `id` = 4 AND `status` = 1 LIMIT 1   [ RunTime:0.0004s ]
SQL: SELECT * FROM `lib_bookinfo` WHERE `id` = 5 AND `status` = 1 LIMIT 1   [ RunTime:0.0004s ]
SQL: SELECT * FROM `lib_bookinfo` WHERE `id` = 4 AND `status` = 1 LIMIT 1   [ RunTime:0.0004s ]
SQL: SELECT * FROM `lib_bookinfo` WHERE `id` = 4 AND `status` = 1 LIMIT 1   [ RunTime:0.0005s ]
SQL: SELECT * FROM `lib_bookinfo` WHERE `id` = 5 AND `status` = 1 LIMIT 1   [ RunTime:0.0004s ]
SQL: SELECT * FROM `lib_bookinfo` WHERE `id` = 5 AND `status` = 1 LIMIT 1   [ RunTime:0.0004s ]
SQL: SELECT * FROM `lib_bookinfo` WHERE `id` = 4 AND `status` = 1 LIMIT 1   [ RunTime:0.0004s ]
INFO: [ view_parse ] --START--
INFO: [ template_filter ] --START--
INFO: Run Behavior\ContentReplaceBehavior [ RunTime:0.000424s ]
INFO: [ template_filter ] --END-- [ RunTime:0.000626s ]
INFO: Run Behavior\ParseTemplateBehavior [ RunTime:0.088503s ]
INFO: [ view_parse ] --END-- [ RunTime:0.088811s ]
INFO: [ view_filter ] --START--
INFO: Run Behavior\WriteHtmlCacheBehavior [ RunTime:0.000998s ]
INFO: [ view_filter ] --END-- [ RunTime:0.001287s ]
INFO: [ app_end ] --START--
INFO: Run Behavior\ShowPageTraceBehavior [ RunTime:0.001553s ]
INFO: [ app_end ] --END-- [ RunTime:0.001762s ]

[ 2016-04-08T09:20:54+08:00 ] ::1 /think-library/index.php/PrivateLibrary/BorrowingRecord.html
INFO: [ app_init ] --START--
INFO: Run Behavior\BuildLiteBehavior [ RunTime:0.000043s ]
INFO: [ app_init ] --END-- [ RunTime:0.000822s ]
INFO: [ app_begin ] --START--
INFO: Run Behavior\ReadHtmlCacheBehavior [ RunTime:0.001176s ]
INFO: [ app_begin ] --END-- [ RunTime:0.001400s ]
SQL: SHOW COLUMNS FROM `lib_borrowinfo` [ RunTime:0.0133s ]
SQL: SELECT COUNT(*) AS tp_count FROM `lib_borrowinfo` WHERE `readerid` = 1 LIMIT 1   [ RunTime:0.0005s ]
SQL: SELECT `id`,`readerid`,`bookid`,`managerid`,`borrowtime`,`returntime`,`endttime`,`status` FROM `lib_borrowinfo` WHERE `readerid` = 1 ORDER BY id asc LIMIT 0,10   [ RunTime:0.0006s ]
SQL: SHOW COLUMNS FROM `lib_bookinfo` [ RunTime:0.0128s ]
SQL: SELECT * FROM `lib_bookinfo` WHERE `id` = 4 AND `status` = 1 LIMIT 1   [ RunTime:0.0006s ]
SQL: SELECT * FROM `lib_bookinfo` WHERE `id` = 4 AND `status` = 1 LIMIT 1   [ RunTime:0.0004s ]
SQL: SELECT * FROM `lib_bookinfo` WHERE `id` = 4 AND `status` = 1 LIMIT 1   [ RunTime:0.0003s ]
SQL: SELECT * FROM `lib_bookinfo` WHERE `id` = 4 AND `status` = 1 LIMIT 1   [ RunTime:0.0004s ]
SQL: SELECT * FROM `lib_bookinfo` WHERE `id` = 5 AND `status` = 1 LIMIT 1   [ RunTime:0.0004s ]
SQL: SELECT * FROM `lib_bookinfo` WHERE `id` = 4 AND `status` = 1 LIMIT 1   [ RunTime:0.0003s ]
SQL: SELECT * FROM `lib_bookinfo` WHERE `id` = 4 AND `status` = 1 LIMIT 1   [ RunTime:0.0003s ]
SQL: SELECT * FROM `lib_bookinfo` WHERE `id` = 5 AND `status` = 1 LIMIT 1   [ RunTime:0.0005s ]
SQL: SELECT * FROM `lib_bookinfo` WHERE `id` = 5 AND `status` = 1 LIMIT 1   [ RunTime:0.0003s ]
SQL: SELECT * FROM `lib_bookinfo` WHERE `id` = 4 AND `status` = 1 LIMIT 1   [ RunTime:0.0003s ]
INFO: [ view_parse ] --START--
INFO: [ template_filter ] --START--
INFO: Run Behavior\ContentReplaceBehavior [ RunTime:0.000420s ]
INFO: [ template_filter ] --END-- [ RunTime:0.000622s ]
INFO: Run Behavior\ParseTemplateBehavior [ RunTime:0.092551s ]
INFO: [ view_parse ] --END-- [ RunTime:0.092780s ]
INFO: [ view_filter ] --START--
INFO: Run Behavior\WriteHtmlCacheBehavior [ RunTime:0.000738s ]
INFO: [ view_filter ] --END-- [ RunTime:0.000921s ]
INFO: [ app_end ] --START--
INFO: Run Behavior\ShowPageTraceBehavior [ RunTime:0.001931s ]
INFO: [ app_end ] --END-- [ RunTime:0.002497s ]

[ 2016-04-08T09:20:58+08:00 ] ::1 /think-library/index.php/PrivateLibrary/BorrowingRecord/p/2.html
INFO: [ app_init ] --START--
INFO: Run Behavior\BuildLiteBehavior [ RunTime:0.000043s ]
INFO: [ app_init ] --END-- [ RunTime:0.000950s ]
INFO: [ app_begin ] --START--
INFO: Run Behavior\ReadHtmlCacheBehavior [ RunTime:0.001115s ]
INFO: [ app_begin ] --END-- [ RunTime:0.001335s ]
SQL: SHOW COLUMNS FROM `lib_borrowinfo` [ RunTime:0.0199s ]
SQL: SELECT COUNT(*) AS tp_count FROM `lib_borrowinfo` WHERE `readerid` = 1 LIMIT 1   [ RunTime:0.0004s ]
SQL: SELECT `id`,`readerid`,`bookid`,`managerid`,`borrowtime`,`returntime`,`endttime`,`status` FROM `lib_borrowinfo` WHERE `readerid` = 1 ORDER BY id asc LIMIT 10,10   [ RunTime:0.0005s ]
SQL: SHOW COLUMNS FROM `lib_bookinfo` [ RunTime:0.0104s ]
SQL: SELECT * FROM `lib_bookinfo` WHERE `id` = 4 AND `status` = 1 LIMIT 1   [ RunTime:0.0006s ]
SQL: SELECT * FROM `lib_bookinfo` WHERE `id` = 4 AND `status` = 1 LIMIT 1   [ RunTime:0.0005s ]
INFO: [ view_parse ] --START--
INFO: [ template_filter ] --START--
INFO: Run Behavior\ContentReplaceBehavior [ RunTime:0.000447s ]
INFO: [ template_filter ] --END-- [ RunTime:0.000650s ]
INFO: Run Behavior\ParseTemplateBehavior [ RunTime:0.092686s ]
INFO: [ view_parse ] --END-- [ RunTime:0.093027s ]
INFO: [ view_filter ] --START--
INFO: Run Behavior\WriteHtmlCacheBehavior [ RunTime:0.001055s ]
INFO: [ view_filter ] --END-- [ RunTime:0.001368s ]
INFO: [ app_end ] --START--
INFO: Run Behavior\ShowPageTraceBehavior [ RunTime:0.001367s ]
INFO: [ app_end ] --END-- [ RunTime:0.001645s ]

[ 2016-04-08T09:21:01+08:00 ] ::1 /think-library/index.php/PrivateLibrary/BorrowingRecord/p/1.html
INFO: [ app_init ] --START--
INFO: Run Behavior\BuildLiteBehavior [ RunTime:0.000041s ]
INFO: [ app_init ] --END-- [ RunTime:0.000777s ]
INFO: [ app_begin ] --START--
INFO: Run Behavior\ReadHtmlCacheBehavior [ RunTime:0.000862s ]
INFO: [ app_begin ] --END-- [ RunTime:0.001069s ]
SQL: SHOW COLUMNS FROM `lib_borrowinfo` [ RunTime:0.0312s ]
SQL: SELECT COUNT(*) AS tp_count FROM `lib_borrowinfo` WHERE `readerid` = 1 LIMIT 1   [ RunTime:0.0004s ]
SQL: SELECT `id`,`readerid`,`bookid`,`managerid`,`borrowtime`,`returntime`,`endttime`,`status` FROM `lib_borrowinfo` WHERE `readerid` = 1 ORDER BY id asc LIMIT 0,10   [ RunTime:0.0005s ]
SQL: SHOW COLUMNS FROM `lib_bookinfo` [ RunTime:0.0221s ]
SQL: SELECT * FROM `lib_bookinfo` WHERE `id` = 4 AND `status` = 1 LIMIT 1   [ RunTime:0.0006s ]
SQL: SELECT * FROM `lib_bookinfo` WHERE `id` = 4 AND `status` = 1 LIMIT 1   [ RunTime:0.0004s ]
SQL: SELECT * FROM `lib_bookinfo` WHERE `id` = 4 AND `status` = 1 LIMIT 1   [ RunTime:0.0004s ]
SQL: SELECT * FROM `lib_bookinfo` WHERE `id` = 4 AND `status` = 1 LIMIT 1   [ RunTime:0.0004s ]
SQL: SELECT * FROM `lib_bookinfo` WHERE `id` = 5 AND `status` = 1 LIMIT 1   [ RunTime:0.0004s ]
SQL: SELECT * FROM `lib_bookinfo` WHERE `id` = 4 AND `status` = 1 LIMIT 1   [ RunTime:0.0004s ]
SQL: SELECT * FROM `lib_bookinfo` WHERE `id` = 4 AND `status` = 1 LIMIT 1   [ RunTime:0.0006s ]
SQL: SELECT * FROM `lib_bookinfo` WHERE `id` = 5 AND `status` = 1 LIMIT 1   [ RunTime:0.0005s ]
SQL: SELECT * FROM `lib_bookinfo` WHERE `id` = 5 AND `status` = 1 LIMIT 1   [ RunTime:0.0005s ]
SQL: SELECT * FROM `lib_bookinfo` WHERE `id` = 4 AND `status` = 1 LIMIT 1   [ RunTime:0.0005s ]
INFO: [ view_parse ] --START--
INFO: [ template_filter ] --START--
INFO: Run Behavior\ContentReplaceBehavior [ RunTime:0.000413s ]
INFO: [ template_filter ] --END-- [ RunTime:0.000611s ]
INFO: Run Behavior\ParseTemplateBehavior [ RunTime:0.090265s ]
INFO: [ view_parse ] --END-- [ RunTime:0.090474s ]
INFO: [ view_filter ] --START--
INFO: Run Behavior\WriteHtmlCacheBehavior [ RunTime:0.000925s ]
INFO: [ view_filter ] --END-- [ RunTime:0.001120s ]
INFO: [ app_end ] --START--
INFO: Run Behavior\ShowPageTraceBehavior [ RunTime:0.001475s ]
INFO: [ app_end ] --END-- [ RunTime:0.001777s ]

[ 2016-04-08T09:33:13+08:00 ] ::1 /think-library/index.php/PrivateLibrary/index.html
INFO: [ app_init ] --START--
INFO: Run Behavior\BuildLiteBehavior [ RunTime:0.000044s ]
INFO: [ app_init ] --END-- [ RunTime:0.000916s ]
INFO: [ app_begin ] --START--
INFO: Run Behavior\ReadHtmlCacheBehavior [ RunTime:0.001176s ]
INFO: [ app_begin ] --END-- [ RunTime:0.001395s ]

[ 2016-04-08T09:33:13+08:00 ] ::1 /think-library/index.php/User/login.html
INFO: [ app_init ] --START--
INFO: Run Behavior\BuildLiteBehavior [ RunTime:0.000077s ]
INFO: [ app_init ] --END-- [ RunTime:0.000956s ]
INFO: [ app_begin ] --START--
INFO: Run Behavior\ReadHtmlCacheBehavior [ RunTime:0.000935s ]
INFO: [ app_begin ] --END-- [ RunTime:0.001233s ]
INFO: [ view_parse ] --START--
INFO: [ template_filter ] --START--
INFO: Run Behavior\ContentReplaceBehavior [ RunTime:0.000462s ]
INFO: [ template_filter ] --END-- [ RunTime:0.000671s ]
INFO: Run Behavior\ParseTemplateBehavior [ RunTime:0.082288s ]
INFO: [ view_parse ] --END-- [ RunTime:0.082496s ]
INFO: [ view_filter ] --START--
INFO: Run Behavior\WriteHtmlCacheBehavior [ RunTime:0.000801s ]
INFO: [ view_filter ] --END-- [ RunTime:0.000989s ]
INFO: [ app_end ] --START--
INFO: Run Behavior\ShowPageTraceBehavior [ RunTime:0.001633s ]
INFO: [ app_end ] --END-- [ RunTime:0.001919s ]

[ 2016-04-08T09:33:25+08:00 ] ::1 /think-library/index.php/User/login.html
INFO: [ app_init ] --START--
INFO: Run Behavior\BuildLiteBehavior [ RunTime:0.000043s ]
INFO: [ app_init ] --END-- [ RunTime:0.000808s ]
INFO: [ app_begin ] --START--
INFO: Run Behavior\ReadHtmlCacheBehavior [ RunTime:0.000815s ]
INFO: [ app_begin ] --END-- [ RunTime:0.000980s ]
NOTIC: [8] Use of undefined constant UC_AUTH_KEY - assumed 'UC_AUTH_KEY' D:\wamp\www\think-library\ThinkPHP\Common\functions.php 第 588 行.
SQL: SHOW COLUMNS FROM `lib_readerinfo` [ RunTime:0.1216s ]
SQL: SELECT * FROM `lib_readerinfo` WHERE `loginname` = '02230154106' AND `status` = 1 LIMIT 1   [ RunTime:0.0015s ]
NOTIC: [8] Use of undefined constant UC_AUTH_KEY - assumed 'UC_AUTH_KEY' D:\wamp\www\think-library\Application\Home\Model\ReaderinfoModel.class.php 第 76 行.
SQL: UPDATE `lib_readerinfo` SET `lasttime`='1460079204' WHERE `userid` = 1 [ RunTime:0.2084s ]
SQL: SELECT * FROM `lib_readerinfo` WHERE `userid` = 1 LIMIT 1   [ RunTime:0.0015s ]

[ 2016-04-08T09:33:27+08:00 ] ::1 /think-library/index.php/PrivateLibrary/index.html
INFO: [ app_init ] --START--
INFO: Run Behavior\BuildLiteBehavior [ RunTime:0.000051s ]
INFO: [ app_init ] --END-- [ RunTime:0.000980s ]
INFO: [ app_begin ] --START--
INFO: Run Behavior\ReadHtmlCacheBehavior [ RunTime:0.000982s ]
INFO: [ app_begin ] --END-- [ RunTime:0.001222s ]
INFO: [ view_parse ] --START--
INFO: [ template_filter ] --START--
INFO: Run Behavior\ContentReplaceBehavior [ RunTime:0.000386s ]
INFO: [ template_filter ] --END-- [ RunTime:0.000586s ]
INFO: Run Behavior\ParseTemplateBehavior [ RunTime:0.063287s ]
INFO: [ view_parse ] --END-- [ RunTime:0.063500s ]
INFO: [ view_filter ] --START--
INFO: Run Behavior\WriteHtmlCacheBehavior [ RunTime:0.000952s ]
INFO: [ view_filter ] --END-- [ RunTime:0.001142s ]
INFO: [ app_end ] --START--
INFO: Run Behavior\ShowPageTraceBehavior [ RunTime:0.003193s ]
INFO: [ app_end ] --END-- [ RunTime:0.003628s ]

[ 2016-04-08T09:33:29+08:00 ] ::1 /think-library/index.php/PrivateLibrary/index.html
INFO: [ app_init ] --START--
INFO: Run Behavior\BuildLiteBehavior [ RunTime:0.000041s ]
INFO: [ app_init ] --END-- [ RunTime:0.000796s ]
INFO: [ app_begin ] --START--
INFO: Run Behavior\ReadHtmlCacheBehavior [ RunTime:0.000890s ]
INFO: [ app_begin ] --END-- [ RunTime:0.001101s ]
INFO: [ view_parse ] --START--
INFO: [ template_filter ] --START--
INFO: Run Behavior\ContentReplaceBehavior [ RunTime:0.000391s ]
INFO: [ template_filter ] --END-- [ RunTime:0.000592s ]
INFO: Run Behavior\ParseTemplateBehavior [ RunTime:0.060819s ]
INFO: [ view_parse ] --END-- [ RunTime:0.061053s ]
INFO: [ view_filter ] --START--
INFO: Run Behavior\WriteHtmlCacheBehavior [ RunTime:0.000707s ]
INFO: [ view_filter ] --END-- [ RunTime:0.000909s ]
INFO: [ app_end ] --START--
INFO: Run Behavior\ShowPageTraceBehavior [ RunTime:0.001968s ]
INFO: [ app_end ] --END-- [ RunTime:0.002512s ]

[ 2016-04-08T09:33:54+08:00 ] ::1 /think-library/index.php/PrivateLibrary/index.html
INFO: [ app_init ] --START--
INFO: Run Behavior\BuildLiteBehavior [ RunTime:0.000044s ]
INFO: [ app_init ] --END-- [ RunTime:0.000919s ]
INFO: [ app_begin ] --START--
INFO: Run Behavior\ReadHtmlCacheBehavior [ RunTime:0.000773s ]
INFO: [ app_begin ] --END-- [ RunTime:0.000974s ]
INFO: [ view_parse ] --START--
INFO: [ template_filter ] --START--
INFO: Run Behavior\ContentReplaceBehavior [ RunTime:0.000635s ]
INFO: [ template_filter ] --END-- [ RunTime:0.000849s ]
INFO: Run Behavior\ParseTemplateBehavior [ RunTime:0.071418s ]
INFO: [ view_parse ] --END-- [ RunTime:0.071637s ]
INFO: [ view_filter ] --START--
INFO: Run Behavior\WriteHtmlCacheBehavior [ RunTime:0.000871s ]
INFO: [ view_filter ] --END-- [ RunTime:0.001060s ]
INFO: [ app_end ] --START--
INFO: Run Behavior\ShowPageTraceBehavior [ RunTime:0.001651s ]
INFO: [ app_end ] --END-- [ RunTime:0.002024s ]

[ 2016-04-08T12:24:02+08:00 ] ::1 /think-library/index.php/PrivateLibrary/index.html
INFO: [ app_init ] --START--
INFO: Run Behavior\BuildLiteBehavior [ RunTime:0.000045s ]
INFO: [ app_init ] --END-- [ RunTime:0.001040s ]
INFO: [ app_begin ] --START--
INFO: Run Behavior\ReadHtmlCacheBehavior [ RunTime:0.001003s ]
INFO: [ app_begin ] --END-- [ RunTime:0.001224s ]

[ 2016-04-08T12:24:02+08:00 ] ::1 /think-library/index.php/User/login.html
INFO: [ app_init ] --START--
INFO: Run Behavior\BuildLiteBehavior [ RunTime:0.000042s ]
INFO: [ app_init ] --END-- [ RunTime:0.000835s ]
INFO: [ app_begin ] --START--
INFO: Run Behavior\ReadHtmlCacheBehavior [ RunTime:0.000804s ]
INFO: [ app_begin ] --END-- [ RunTime:0.001019s ]
INFO: [ view_parse ] --START--
INFO: [ template_filter ] --START--
INFO: Run Behavior\ContentReplaceBehavior [ RunTime:0.000482s ]
INFO: [ template_filter ] --END-- [ RunTime:0.000719s ]
INFO: Run Behavior\ParseTemplateBehavior [ RunTime:0.073634s ]
INFO: [ view_parse ] --END-- [ RunTime:0.073846s ]
INFO: [ view_filter ] --START--
INFO: Run Behavior\WriteHtmlCacheBehavior [ RunTime:0.000815s ]
INFO: [ view_filter ] --END-- [ RunTime:0.001000s ]
INFO: [ app_end ] --START--
INFO: Run Behavior\ShowPageTraceBehavior [ RunTime:0.004653s ]
INFO: [ app_end ] --END-- [ RunTime:0.005152s ]

[ 2016-04-08T12:24:14+08:00 ] ::1 /think-library/index.php/User/login.html
INFO: [ app_init ] --START--
INFO: Run Behavior\BuildLiteBehavior [ RunTime:0.000042s ]
INFO: [ app_init ] --END-- [ RunTime:0.000860s ]
INFO: [ app_begin ] --START--
INFO: Run Behavior\ReadHtmlCacheBehavior [ RunTime:0.001060s ]
INFO: [ app_begin ] --END-- [ RunTime:0.001255s ]
NOTIC: [8] Use of undefined constant UC_AUTH_KEY - assumed 'UC_AUTH_KEY' D:\wamp\www\think-library\ThinkPHP\Common\functions.php 第 588 行.
SQL: SHOW COLUMNS FROM `lib_readerinfo` [ RunTime:0.1147s ]
SQL: SELECT * FROM `lib_readerinfo` WHERE `loginname` = '02230154106' AND `status` = 1 LIMIT 1   [ RunTime:0.0015s ]
NOTIC: [8] Use of undefined constant UC_AUTH_KEY - assumed 'UC_AUTH_KEY' D:\wamp\www\think-library\Application\Home\Model\ReaderinfoModel.class.php 第 76 行.
SQL: UPDATE `lib_readerinfo` SET `lasttime`='1460089454' WHERE `userid` = 1 [ RunTime:0.1760s ]
SQL: SELECT * FROM `lib_readerinfo` WHERE `userid` = 1 LIMIT 1   [ RunTime:0.0012s ]

[ 2016-04-08T12:24:16+08:00 ] ::1 /think-library/index.php/PrivateLibrary/index.html
INFO: [ app_init ] --START--
INFO: Run Behavior\BuildLiteBehavior [ RunTime:0.000052s ]
INFO: [ app_init ] --END-- [ RunTime:0.001141s ]
INFO: [ app_begin ] --START--
INFO: Run Behavior\ReadHtmlCacheBehavior [ RunTime:0.000832s ]
INFO: [ app_begin ] --END-- [ RunTime:0.001034s ]
INFO: [ view_parse ] --START--
INFO: [ template_filter ] --START--
INFO: Run Behavior\ContentReplaceBehavior [ RunTime:0.000622s ]
INFO: [ template_filter ] --END-- [ RunTime:0.000835s ]
INFO: Run Behavior\ParseTemplateBehavior [ RunTime:0.086358s ]
INFO: [ view_parse ] --END-- [ RunTime:0.086763s ]
INFO: [ view_filter ] --START--
INFO: Run Behavior\WriteHtmlCacheBehavior [ RunTime:0.001003s ]
INFO: [ view_filter ] --END-- [ RunTime:0.001226s ]
INFO: [ app_end ] --START--
INFO: Run Behavior\ShowPageTraceBehavior [ RunTime:0.002647s ]
INFO: [ app_end ] --END-- [ RunTime:0.003058s ]

[ 2016-04-08T12:27:39+08:00 ] ::1 /think-library/index.php/PrivateLibrary/index.html
INFO: [ app_init ] --START--
INFO: Run Behavior\BuildLiteBehavior [ RunTime:0.000043s ]
INFO: [ app_init ] --END-- [ RunTime:0.000946s ]
INFO: [ app_begin ] --START--
INFO: Run Behavior\ReadHtmlCacheBehavior [ RunTime:0.001367s ]
INFO: [ app_begin ] --END-- [ RunTime:0.001687s ]
INFO: [ view_parse ] --START--
INFO: [ template_filter ] --START--
INFO: Run Behavior\ContentReplaceBehavior [ RunTime:0.000385s ]
INFO: [ template_filter ] --END-- [ RunTime:0.000598s ]
INFO: Run Behavior\ParseTemplateBehavior [ RunTime:0.067048s ]
INFO: [ view_parse ] --END-- [ RunTime:0.067297s ]
INFO: [ view_filter ] --START--
INFO: Run Behavior\WriteHtmlCacheBehavior [ RunTime:0.000894s ]
INFO: [ view_filter ] --END-- [ RunTime:0.001082s ]
INFO: [ app_end ] --START--
INFO: Run Behavior\ShowPageTraceBehavior [ RunTime:0.001857s ]
INFO: [ app_end ] --END-- [ RunTime:0.002307s ]

[ 2016-04-08T12:29:45+08:00 ] ::1 /think-library/index.php/PrivateLibrary/index.html
INFO: [ app_init ] --START--
INFO: Run Behavior\BuildLiteBehavior [ RunTime:0.000083s ]
INFO: [ app_init ] --END-- [ RunTime:0.001526s ]
INFO: [ app_begin ] --START--
INFO: Run Behavior\ReadHtmlCacheBehavior [ RunTime:0.001050s ]
INFO: [ app_begin ] --END-- [ RunTime:0.001264s ]
INFO: [ view_parse ] --START--
INFO: [ template_filter ] --START--
INFO: Run Behavior\ContentReplaceBehavior [ RunTime:0.000453s ]
INFO: [ template_filter ] --END-- [ RunTime:0.000719s ]
INFO: Run Behavior\ParseTemplateBehavior [ RunTime:0.065400s ]
INFO: [ view_parse ] --END-- [ RunTime:0.065624s ]
INFO: [ view_filter ] --START--
INFO: Run Behavior\WriteHtmlCacheBehavior [ RunTime:0.000736s ]
INFO: [ view_filter ] --END-- [ RunTime:0.000933s ]
INFO: [ app_end ] --START--
INFO: Run Behavior\ShowPageTraceBehavior [ RunTime:0.001919s ]
INFO: [ app_end ] --END-- [ RunTime:0.002837s ]

[ 2016-04-08T12:31:30+08:00 ] ::1 /think-library/index.php/PrivateLibrary/index.html
INFO: [ app_init ] --START--
INFO: Run Behavior\BuildLiteBehavior [ RunTime:0.000049s ]
INFO: [ app_init ] --END-- [ RunTime:0.000963s ]
INFO: [ app_begin ] --START--
INFO: Run Behavior\ReadHtmlCacheBehavior [ RunTime:0.001172s ]
INFO: [ app_begin ] --END-- [ RunTime:0.001457s ]
INFO: [ view_parse ] --START--
INFO: [ template_filter ] --START--
INFO: Run Behavior\ContentReplaceBehavior [ RunTime:0.000400s ]
INFO: [ template_filter ] --END-- [ RunTime:0.000635s ]
INFO: Run Behavior\ParseTemplateBehavior [ RunTime:0.062349s ]
INFO: [ view_parse ] --END-- [ RunTime:0.062577s ]
INFO: [ view_filter ] --START--
INFO: Run Behavior\WriteHtmlCacheBehavior [ RunTime:0.000956s ]
INFO: [ view_filter ] --END-- [ RunTime:0.001147s ]
INFO: [ app_end ] --START--
INFO: Run Behavior\ShowPageTraceBehavior [ RunTime:0.002932s ]
INFO: [ app_end ] --END-- [ RunTime:0.003334s ]

[ 2016-04-08T12:33:06+08:00 ] ::1 /think-library/index.php/PrivateLibrary/index.html
INFO: [ app_init ] --START--
INFO: Run Behavior\BuildLiteBehavior [ RunTime:0.000043s ]
INFO: [ app_init ] --END-- [ RunTime:0.000809s ]
INFO: [ app_begin ] --START--
INFO: Run Behavior\ReadHtmlCacheBehavior [ RunTime:0.000943s ]
INFO: [ app_begin ] --END-- [ RunTime:0.001146s ]
INFO: [ view_parse ] --START--
INFO: [ template_filter ] --START--
INFO: Run Behavior\ContentReplaceBehavior [ RunTime:0.000425s ]
INFO: [ template_filter ] --END-- [ RunTime:0.000647s ]
INFO: Run Behavior\ParseTemplateBehavior [ RunTime:0.066018s ]
INFO: [ view_parse ] --END-- [ RunTime:0.066246s ]
INFO: [ view_filter ] --START--
INFO: Run Behavior\WriteHtmlCacheBehavior [ RunTime:0.000854s ]
INFO: [ view_filter ] --END-- [ RunTime:0.001065s ]
INFO: [ app_end ] --START--
INFO: Run Behavior\ShowPageTraceBehavior [ RunTime:0.001495s ]
INFO: [ app_end ] --END-- [ RunTime:0.001892s ]

[ 2016-04-08T12:35:01+08:00 ] ::1 /think-library/index.php/PrivateLibrary/index.html
INFO: [ app_init ] --START--
INFO: Run Behavior\BuildLiteBehavior [ RunTime:0.000041s ]
INFO: [ app_init ] --END-- [ RunTime:0.000830s ]
INFO: [ app_begin ] --START--
INFO: Run Behavior\ReadHtmlCacheBehavior [ RunTime:0.001039s ]
INFO: [ app_begin ] --END-- [ RunTime:0.001253s ]
INFO: [ view_parse ] --START--
INFO: [ template_filter ] --START--
INFO: Run Behavior\ContentReplaceBehavior [ RunTime:0.000818s ]
INFO: [ template_filter ] --END-- [ RunTime:0.001237s ]
INFO: Run Behavior\ParseTemplateBehavior [ RunTime:0.078022s ]
INFO: [ view_parse ] --END-- [ RunTime:0.078230s ]
INFO: [ view_filter ] --START--
INFO: Run Behavior\WriteHtmlCacheBehavior [ RunTime:0.000891s ]
INFO: [ view_filter ] --END-- [ RunTime:0.001081s ]
INFO: [ app_end ] --START--
INFO: Run Behavior\ShowPageTraceBehavior [ RunTime:0.005664s ]
INFO: [ app_end ] --END-- [ RunTime:0.006130s ]

[ 2016-04-08T12:35:14+08:00 ] ::1 /think-library/
INFO: [ app_init ] --START--
INFO: Run Behavior\BuildLiteBehavior [ RunTime:0.000045s ]
INFO: [ app_init ] --END-- [ RunTime:0.000930s ]
INFO: [ app_begin ] --START--
INFO: Run Behavior\ReadHtmlCacheBehavior [ RunTime:0.000937s ]
INFO: [ app_begin ] --END-- [ RunTime:0.001145s ]
INFO: [ view_parse ] --START--
INFO: [ template_filter ] --START--
INFO: Run Behavior\ContentReplaceBehavior [ RunTime:0.000825s ]
INFO: [ template_filter ] --END-- [ RunTime:0.001072s ]
INFO: Run Behavior\ParseTemplateBehavior [ RunTime:0.051201s ]
INFO: [ view_parse ] --END-- [ RunTime:0.051497s ]
INFO: [ view_filter ] --START--
INFO: Run Behavior\WriteHtmlCacheBehavior [ RunTime:0.000798s ]
INFO: [ view_filter ] --END-- [ RunTime:0.000987s ]
INFO: [ app_end ] --START--
INFO: Run Behavior\ShowPageTraceBehavior [ RunTime:0.013182s ]
INFO: [ app_end ] --END-- [ RunTime:0.013678s ]

[ 2016-04-08T12:35:17+08:00 ] ::1 /think-library/index.php/Server/index.html
INFO: [ app_init ] --START--
INFO: Run Behavior\BuildLiteBehavior [ RunTime:0.000050s ]
INFO: [ app_init ] --END-- [ RunTime:0.000935s ]
INFO: [ app_begin ] --START--
INFO: Run Behavior\ReadHtmlCacheBehavior [ RunTime:0.001364s ]
INFO: [ app_begin ] --END-- [ RunTime:0.001761s ]
INFO: [ view_parse ] --START--
INFO: [ template_filter ] --START--
INFO: Run Behavior\ContentReplaceBehavior [ RunTime:0.000591s ]
INFO: [ template_filter ] --END-- [ RunTime:0.001010s ]
INFO: Run Behavior\ParseTemplateBehavior [ RunTime:0.051598s ]
INFO: [ view_parse ] --END-- [ RunTime:0.051819s ]
INFO: [ view_filter ] --START--
INFO: Run Behavior\WriteHtmlCacheBehavior [ RunTime:0.000585s ]
INFO: [ view_filter ] --END-- [ RunTime:0.000792s ]
INFO: [ app_end ] --START--
INFO: Run Behavior\ShowPageTraceBehavior [ RunTime:0.002255s ]
INFO: [ app_end ] --END-- [ RunTime:0.002646s ]

[ 2016-04-08T12:35:20+08:00 ] ::1 /think-library/index.php/PrivateLibrary.html
INFO: [ app_init ] --START--
INFO: Run Behavior\BuildLiteBehavior [ RunTime:0.000046s ]
INFO: [ app_init ] --END-- [ RunTime:0.001149s ]
INFO: [ app_begin ] --START--
INFO: Run Behavior\ReadHtmlCacheBehavior [ RunTime:0.000885s ]
INFO: [ app_begin ] --END-- [ RunTime:0.001097s ]
INFO: [ view_parse ] --START--
INFO: [ template_filter ] --START--
INFO: Run Behavior\ContentReplaceBehavior [ RunTime:0.000627s ]
INFO: [ template_filter ] --END-- [ RunTime:0.000850s ]
INFO: Run Behavior\ParseTemplateBehavior [ RunTime:0.079704s ]
INFO: [ view_parse ] --END-- [ RunTime:0.079911s ]
INFO: [ view_filter ] --START--
INFO: Run Behavior\WriteHtmlCacheBehavior [ RunTime:0.000634s ]
INFO: [ view_filter ] --END-- [ RunTime:0.000831s ]
INFO: [ app_end ] --START--
INFO: Run Behavior\ShowPageTraceBehavior [ RunTime:0.001267s ]
INFO: [ app_end ] --END-- [ RunTime:0.001589s ]

[ 2016-04-08T12:38:59+08:00 ] ::1 /think-library/index.php/PrivateLibrary.html
INFO: [ app_init ] --START--
INFO: Run Behavior\BuildLiteBehavior [ RunTime:0.000043s ]
INFO: [ app_init ] --END-- [ RunTime:0.000909s ]
INFO: [ app_begin ] --START--
INFO: Run Behavior\ReadHtmlCacheBehavior [ RunTime:0.000993s ]
INFO: [ app_begin ] --END-- [ RunTime:0.001202s ]
INFO: [ view_parse ] --START--
INFO: [ template_filter ] --START--
INFO: Run Behavior\ContentReplaceBehavior [ RunTime:0.000451s ]
INFO: [ template_filter ] --END-- [ RunTime:0.000666s ]
INFO: Run Behavior\ParseTemplateBehavior [ RunTime:0.068079s ]
INFO: [ view_parse ] --END-- [ RunTime:0.068291s ]
INFO: [ view_filter ] --START--
INFO: Run Behavior\WriteHtmlCacheBehavior [ RunTime:0.000775s ]
INFO: [ view_filter ] --END-- [ RunTime:0.000974s ]
INFO: [ app_end ] --START--
INFO: Run Behavior\ShowPageTraceBehavior [ RunTime:0.001495s ]
INFO: [ app_end ] --END-- [ RunTime:0.001961s ]

[ 2016-04-08T16:25:22+08:00 ] ::1 /think-library/
INFO: [ app_init ] --START--
INFO: Run Behavior\BuildLiteBehavior [ RunTime:0.000047s ]
INFO: [ app_init ] --END-- [ RunTime:0.011190s ]
INFO: [ app_begin ] --START--
INFO: Run Behavior\ReadHtmlCacheBehavior [ RunTime:0.043202s ]
INFO: [ app_begin ] --END-- [ RunTime:0.043457s ]
INFO: [ view_parse ] --START--
INFO: [ template_filter ] --START--
INFO: Run Behavior\ContentReplaceBehavior [ RunTime:0.000750s ]
INFO: [ template_filter ] --END-- [ RunTime:0.000966s ]
INFO: Run Behavior\ParseTemplateBehavior [ RunTime:0.259934s ]
INFO: [ view_parse ] --END-- [ RunTime:0.260197s ]
INFO: [ view_filter ] --START--
INFO: Run Behavior\WriteHtmlCacheBehavior [ RunTime:0.013163s ]
INFO: [ view_filter ] --END-- [ RunTime:0.013437s ]
INFO: [ app_end ] --START--
INFO: Run Behavior\ShowPageTraceBehavior [ RunTime:0.026617s ]
INFO: [ app_end ] --END-- [ RunTime:0.027187s ]

[ 2016-04-08T17:34:46+08:00 ] ::1 /think-library/index.php/PrivateLibrary.html
INFO: [ app_init ] --START--
INFO: Run Behavior\BuildLiteBehavior [ RunTime:0.000052s ]
INFO: [ app_init ] --END-- [ RunTime:0.000957s ]
INFO: [ app_begin ] --START--
INFO: Run Behavior\ReadHtmlCacheBehavior [ RunTime:0.001028s ]
INFO: [ app_begin ] --END-- [ RunTime:0.001238s ]

[ 2016-04-08T17:34:46+08:00 ] ::1 /think-library/index.php/User/login.html
INFO: [ app_init ] --START--
INFO: Run Behavior\BuildLiteBehavior [ RunTime:0.000043s ]
INFO: [ app_init ] --END-- [ RunTime:0.000760s ]
INFO: [ app_begin ] --START--
INFO: Run Behavior\ReadHtmlCacheBehavior [ RunTime:0.000791s ]
INFO: [ app_begin ] --END-- [ RunTime:0.001001s ]
INFO: [ view_parse ] --START--
INFO: [ template_filter ] --START--
INFO: Run Behavior\ContentReplaceBehavior [ RunTime:0.000483s ]
INFO: [ template_filter ] --END-- [ RunTime:0.000705s ]
INFO: Run Behavior\ParseTemplateBehavior [ RunTime:0.133985s ]
INFO: [ view_parse ] --END-- [ RunTime:0.134202s ]
INFO: [ view_filter ] --START--
INFO: Run Behavior\WriteHtmlCacheBehavior [ RunTime:0.000895s ]
INFO: [ view_filter ] --END-- [ RunTime:0.001088s ]
INFO: [ app_end ] --START--
INFO: Run Behavior\ShowPageTraceBehavior [ RunTime:0.001859s ]
INFO: [ app_end ] --END-- [ RunTime:0.002306s ]

[ 2016-04-08T17:34:55+08:00 ] ::1 /think-library/index.php/User/login.html
INFO: [ app_init ] --START--
INFO: Run Behavior\BuildLiteBehavior [ RunTime:0.000043s ]
INFO: [ app_init ] --END-- [ RunTime:0.000849s ]
INFO: [ app_begin ] --START--
INFO: Run Behavior\ReadHtmlCacheBehavior [ RunTime:0.001132s ]
INFO: [ app_begin ] --END-- [ RunTime:0.001331s ]
NOTIC: [8] Use of undefined constant UC_AUTH_KEY - assumed 'UC_AUTH_KEY' D:\wamp\www\think-library\ThinkPHP\Common\functions.php 第 588 行.
SQL: SHOW COLUMNS FROM `lib_readerinfo` [ RunTime:0.0769s ]
SQL: SELECT * FROM `lib_readerinfo` WHERE `loginname` = '02230154106' AND `status` = 1 LIMIT 1   [ RunTime:0.0009s ]
NOTIC: [8] Use of undefined constant UC_AUTH_KEY - assumed 'UC_AUTH_KEY' D:\wamp\www\think-library\Application\Home\Model\ReaderinfoModel.class.php 第 76 行.
SQL: UPDATE `lib_readerinfo` SET `lasttime`='1460108095' WHERE `userid` = 1 [ RunTime:0.1518s ]
SQL: SELECT * FROM `lib_readerinfo` WHERE `userid` = 1 LIMIT 1   [ RunTime:0.0013s ]

[ 2016-04-08T17:34:58+08:00 ] ::1 /think-library/index.php/PrivateLibrary/index.html
INFO: [ app_init ] --START--
INFO: Run Behavior\BuildLiteBehavior [ RunTime:0.000049s ]
INFO: [ app_init ] --END-- [ RunTime:0.000988s ]
INFO: [ app_begin ] --START--
INFO: Run Behavior\ReadHtmlCacheBehavior [ RunTime:0.000940s ]
INFO: [ app_begin ] --END-- [ RunTime:0.001168s ]
INFO: [ view_parse ] --START--
INFO: [ template_filter ] --START--
INFO: Run Behavior\ContentReplaceBehavior [ RunTime:0.000404s ]
INFO: [ template_filter ] --END-- [ RunTime:0.000612s ]
INFO: Run Behavior\ParseTemplateBehavior [ RunTime:0.063963s ]
INFO: [ view_parse ] --END-- [ RunTime:0.064193s ]
INFO: [ view_filter ] --START--
INFO: Run Behavior\WriteHtmlCacheBehavior [ RunTime:0.000856s ]
INFO: [ view_filter ] --END-- [ RunTime:0.001068s ]
INFO: [ app_end ] --START--
INFO: Run Behavior\ShowPageTraceBehavior [ RunTime:0.001773s ]
INFO: [ app_end ] --END-- [ RunTime:0.002149s ]

[ 2016-04-08T20:50:54+08:00 ] ::1 /think-library/
INFO: [ app_init ] --START--
INFO: Run Behavior\BuildLiteBehavior [ RunTime:0.000044s ]
INFO: [ app_init ] --END-- [ RunTime:0.000999s ]
INFO: [ app_begin ] --START--
INFO: Run Behavior\ReadHtmlCacheBehavior [ RunTime:0.001204s ]
INFO: [ app_begin ] --END-- [ RunTime:0.001436s ]
INFO: [ view_parse ] --START--
INFO: [ template_filter ] --START--
INFO: Run Behavior\ContentReplaceBehavior [ RunTime:0.001209s ]
INFO: [ template_filter ] --END-- [ RunTime:0.001667s ]
INFO: Run Behavior\ParseTemplateBehavior [ RunTime:0.049451s ]
INFO: [ view_parse ] --END-- [ RunTime:0.049745s ]
INFO: [ view_filter ] --START--
INFO: Run Behavior\WriteHtmlCacheBehavior [ RunTime:0.000716s ]
INFO: [ view_filter ] --END-- [ RunTime:0.000965s ]
INFO: [ app_end ] --START--
INFO: Run Behavior\ShowPageTraceBehavior [ RunTime:0.001748s ]
INFO: [ app_end ] --END-- [ RunTime:0.002219s ]

