[ 2016-04-15T15:58:24+08:00 ] ::1 /think-library/
INFO: [ app_init ] --START--
INFO: Run Behavior\BuildLiteBehavior [ RunTime:0.000047s ]
INFO: [ app_init ] --END-- [ RunTime:0.010245s ]
INFO: [ app_begin ] --START--
INFO: Run Behavior\ReadHtmlCacheBehavior [ RunTime:0.012551s ]
INFO: [ app_begin ] --END-- [ RunTime:0.012815s ]
SQL: SHOW COLUMNS FROM `lib_article` [ RunTime:0.0168s ]
SQL: SELECT * FROM `lib_article` WHERE `status` = 1 AND `type` = 4  [ RunTime:0.0020s ]
SQL: SELECT * FROM `lib_article` WHERE `status` = 1 AND `type` = 5  [ RunTime:0.0010s ]
SQL: SELECT * FROM `lib_article` WHERE `status` = 1 AND `type` = 7  [ RunTime:0.0006s ]
SQL: SELECT * FROM `lib_article` WHERE `status` = 1 AND `type` = 9  [ RunTime:0.0006s ]
SQL: SELECT * FROM `lib_article` WHERE `status` = 1 AND `type` = 11  [ RunTime:0.0004s ]
INFO: [ view_parse ] --START--
INFO: [ template_filter ] --START--
INFO: Run Behavior\ContentReplaceBehavior [ RunTime:0.000429s ]
INFO: [ template_filter ] --END-- [ RunTime:0.000708s ]
INFO: Run Behavior\ParseTemplateBehavior [ RunTime:0.357485s ]
INFO: [ view_parse ] --END-- [ RunTime:0.357734s ]
INFO: [ view_filter ] --START--
INFO: Run Behavior\WriteHtmlCacheBehavior [ RunTime:0.029192s ]
INFO: [ view_filter ] --END-- [ RunTime:0.029406s ]
INFO: [ app_end ] --START--
INFO: Run Behavior\ShowPageTraceBehavior [ RunTime:0.031588s ]
INFO: [ app_end ] --END-- [ RunTime:0.033096s ]

