[ 2016-04-18T08:41:48+08:00 ] ::1 /think-library/
INFO: [ app_init ] --START--
INFO: Run Behavior\BuildLiteBehavior [ RunTime:0.000045s ]
INFO: [ app_init ] --END-- [ RunTime:0.000968s ]
INFO: [ app_begin ] --START--
INFO: Run Behavior\ReadHtmlCacheBehavior [ RunTime:0.001446s ]
INFO: [ app_begin ] --END-- [ RunTime:0.001657s ]
SQL: SHOW COLUMNS FROM `lib_article` [ RunTime:0.3071s ]
SQL: SELECT * FROM `lib_article` WHERE `status` = 1 AND `type` = 4  [ RunTime:0.0645s ]
SQL: SELECT * FROM `lib_article` WHERE `status` = 1 AND `type` = 5  [ RunTime:0.0011s ]
SQL: SELECT * FROM `lib_article` WHERE `status` = 1 AND `type` = 7  [ RunTime:0.0004s ]
SQL: SELECT * FROM `lib_article` WHERE `status` = 1 AND `type` = 9  [ RunTime:0.0004s ]
SQL: SELECT * FROM `lib_article` WHERE `status` = 1 AND `type` = 11  [ RunTime:0.0004s ]
INFO: [ view_parse ] --START--
INFO: [ template_filter ] --START--
INFO: Run Behavior\ContentReplaceBehavior [ RunTime:0.000400s ]
INFO: [ template_filter ] --END-- [ RunTime:0.000605s ]
INFO: Run Behavior\ParseTemplateBehavior [ RunTime:0.106687s ]
INFO: [ view_parse ] --END-- [ RunTime:0.106910s ]
INFO: [ view_filter ] --START--
INFO: Run Behavior\WriteHtmlCacheBehavior [ RunTime:0.015468s ]
INFO: [ view_filter ] --END-- [ RunTime:0.015673s ]
INFO: [ app_end ] --START--
INFO: Run Behavior\ShowPageTraceBehavior [ RunTime:0.006178s ]
INFO: [ app_end ] --END-- [ RunTime:0.006490s ]

