[ 2016-04-06T14:31:44+08:00 ] ::1 /think-library/admin.php
INFO: [ app_init ] --START--
INFO: Run Behavior\BuildLiteBehavior [ RunTime:0.000045s ]
INFO: [ app_init ] --END-- [ RunTime:0.000916s ]
INFO: [ app_begin ] --START--
INFO: Run Behavior\ReadHtmlCacheBehavior [ RunTime:0.001075s ]
INFO: [ app_begin ] --END-- [ RunTime:0.001346s ]

[ 2016-04-06T14:31:45+08:00 ] ::1 /think-library/admin.php/Publics/login.html
INFO: [ app_init ] --START--
INFO: Run Behavior\BuildLiteBehavior [ RunTime:0.000043s ]
INFO: [ app_init ] --END-- [ RunTime:0.000767s ]
INFO: [ app_begin ] --START--
INFO: Run Behavior\ReadHtmlCacheBehavior [ RunTime:0.001050s ]
INFO: [ app_begin ] --END-- [ RunTime:0.001270s ]
INFO: [ view_parse ] --START--
INFO: [ template_filter ] --START--
INFO: Run Behavior\ContentReplaceBehavior [ RunTime:0.000244s ]
INFO: [ template_filter ] --END-- [ RunTime:0.000461s ]
INFO: Run Behavior\ParseTemplateBehavior [ RunTime:0.089320s ]
INFO: [ view_parse ] --END-- [ RunTime:0.089717s ]
INFO: [ view_filter ] --START--
INFO: Run Behavior\WriteHtmlCacheBehavior [ RunTime:0.000978s ]
INFO: [ view_filter ] --END-- [ RunTime:0.001241s ]
INFO: [ app_end ] --START--
INFO: Run Behavior\ShowPageTraceBehavior [ RunTime:0.000943s ]
INFO: [ app_end ] --END-- [ RunTime:0.001149s ]

[ 2016-04-06T14:31:51+08:00 ] ::1 /think-library/admin.php/Publics/login.html
INFO: [ app_init ] --START--
INFO: Run Behavior\BuildLiteBehavior [ RunTime:0.000070s ]
INFO: [ app_init ] --END-- [ RunTime:0.001195s ]
INFO: [ app_begin ] --START--
INFO: Run Behavior\ReadHtmlCacheBehavior [ RunTime:0.001038s ]
INFO: [ app_begin ] --END-- [ RunTime:0.001237s ]
NOTIC: [8] Use of undefined constant UC_AUTH_KEY - assumed 'UC_AUTH_KEY' D:\wamp\www\think-library\ThinkPHP\Common\functions.php 第 588 行.
SQL: SHOW COLUMNS FROM `lib_managerinfo` [ RunTime:0.0981s ]
SQL: SELECT * FROM `lib_managerinfo` WHERE `loginname` = 'admin' AND `status` = 1 LIMIT 1   [ RunTime:0.0007s ]
NOTIC: [8] Use of undefined constant UC_AUTH_KEY - assumed 'UC_AUTH_KEY' D:\wamp\www\think-library\Application\Admin\Model\ManagerinfoModel.class.php 第 74 行.
SQL: UPDATE `lib_managerinfo` SET `lasttime`='1459924311' WHERE `userid` = 1 [ RunTime:0.0703s ]
SQL: SELECT * FROM `lib_managerinfo` WHERE `userid` = 1 LIMIT 1   [ RunTime:0.0005s ]

[ 2016-04-06T14:31:54+08:00 ] ::1 /think-library/admin.php/Index/index.html
INFO: [ app_init ] --START--
INFO: Run Behavior\BuildLiteBehavior [ RunTime:0.000044s ]
INFO: [ app_init ] --END-- [ RunTime:0.000851s ]
INFO: [ app_begin ] --START--
INFO: Run Behavior\ReadHtmlCacheBehavior [ RunTime:0.000881s ]
INFO: [ app_begin ] --END-- [ RunTime:0.001086s ]
INFO: [ view_parse ] --START--
INFO: [ template_filter ] --START--
INFO: Run Behavior\ContentReplaceBehavior [ RunTime:0.000376s ]
INFO: [ template_filter ] --END-- [ RunTime:0.000583s ]
INFO: Run Behavior\ParseTemplateBehavior [ RunTime:0.394572s ]
INFO: [ view_parse ] --END-- [ RunTime:0.394792s ]
INFO: [ view_filter ] --START--
INFO: Run Behavior\WriteHtmlCacheBehavior [ RunTime:0.000741s ]
INFO: [ view_filter ] --END-- [ RunTime:0.000938s ]
INFO: [ app_end ] --START--
INFO: Run Behavior\ShowPageTraceBehavior [ RunTime:0.001426s ]
INFO: [ app_end ] --END-- [ RunTime:0.001879s ]

[ 2016-04-06T14:31:58+08:00 ] ::1 /think-library/admin.php/Usermanage/ReadersList.html
INFO: [ app_init ] --START--
INFO: Run Behavior\BuildLiteBehavior [ RunTime:0.000044s ]
INFO: [ app_init ] --END-- [ RunTime:0.000931s ]
INFO: [ app_begin ] --START--
INFO: Run Behavior\ReadHtmlCacheBehavior [ RunTime:0.000812s ]
INFO: [ app_begin ] --END-- [ RunTime:0.001021s ]
SQL: SHOW COLUMNS FROM `lib_readerinfo` [ RunTime:0.0165s ]
SQL: SELECT COUNT(*) AS tp_count FROM `lib_readerinfo` WHERE `status` > 0 LIMIT 1   [ RunTime:0.0005s ]
SQL: SELECT `userid`,`username`,`loginname`,`loginpwd`,`sex`,`typeid`,`email`,`createtime`,`updatetime`,`lasttime`,`status`,`remark` FROM `lib_readerinfo` WHERE `status` > 0 ORDER BY createtime desc ,userid desc LIMIT 0,10   [ RunTime:0.0007s ]
INFO: [ view_parse ] --START--
INFO: [ template_filter ] --START--
INFO: Run Behavior\ContentReplaceBehavior [ RunTime:0.000365s ]
INFO: [ template_filter ] --END-- [ RunTime:0.000636s ]
INFO: Run Behavior\ParseTemplateBehavior [ RunTime:0.183022s ]
INFO: [ view_parse ] --END-- [ RunTime:0.183235s ]
INFO: [ view_filter ] --START--
INFO: Run Behavior\WriteHtmlCacheBehavior [ RunTime:0.000663s ]
INFO: [ view_filter ] --END-- [ RunTime:0.000856s ]
INFO: [ app_end ] --START--
INFO: Run Behavior\ShowPageTraceBehavior [ RunTime:0.001233s ]
INFO: [ app_end ] --END-- [ RunTime:0.001585s ]

[ 2016-04-06T14:32:02+08:00 ] ::1 /think-library/admin.php/Bookmanage/bookstyle.html
INFO: [ app_init ] --START--
INFO: Run Behavior\BuildLiteBehavior [ RunTime:0.000042s ]
INFO: [ app_init ] --END-- [ RunTime:0.000784s ]
INFO: [ app_begin ] --START--
INFO: Run Behavior\ReadHtmlCacheBehavior [ RunTime:0.001097s ]
INFO: [ app_begin ] --END-- [ RunTime:0.001443s ]
SQL: SHOW COLUMNS FROM `lib_booktype` [ RunTime:0.0169s ]
SQL: SELECT COUNT(*) AS tp_count FROM `lib_booktype` WHERE `status` = 1 LIMIT 1   [ RunTime:0.0006s ]
SQL: SELECT `id`,`typename`,`updatetime`,`sort`,`status` FROM `lib_booktype` WHERE `status` = 1 ORDER BY sort asc,id asc LIMIT 0,10   [ RunTime:0.0006s ]
INFO: [ view_parse ] --START--
INFO: [ template_filter ] --START--
INFO: Run Behavior\ContentReplaceBehavior [ RunTime:0.000323s ]
INFO: [ template_filter ] --END-- [ RunTime:0.000530s ]
INFO: Run Behavior\ParseTemplateBehavior [ RunTime:0.143823s ]
INFO: [ view_parse ] --END-- [ RunTime:0.144029s ]
INFO: [ view_filter ] --START--
INFO: Run Behavior\WriteHtmlCacheBehavior [ RunTime:0.000637s ]
INFO: [ view_filter ] --END-- [ RunTime:0.000833s ]
INFO: [ app_end ] --START--
INFO: Run Behavior\ShowPageTraceBehavior [ RunTime:0.001098s ]
INFO: [ app_end ] --END-- [ RunTime:0.001331s ]

[ 2016-04-06T14:38:43+08:00 ] ::1 /think-library/admin.php/Bookmanage/bookstyle.html
INFO: [ app_init ] --START--
INFO: Run Behavior\BuildLiteBehavior [ RunTime:0.000105s ]
INFO: [ app_init ] --END-- [ RunTime:0.001531s ]
INFO: [ app_begin ] --START--
INFO: Run Behavior\ReadHtmlCacheBehavior [ RunTime:0.001211s ]
INFO: [ app_begin ] --END-- [ RunTime:0.001513s ]
SQL: SHOW COLUMNS FROM `lib_booktype` [ RunTime:0.0185s ]
SQL: SELECT COUNT(*) AS tp_count FROM `lib_booktype` WHERE `status` = 1 LIMIT 1   [ RunTime:0.0004s ]
SQL: SELECT `id`,`typename`,`updatetime`,`sort`,`status` FROM `lib_booktype` WHERE `status` = 1 ORDER BY sort asc,id asc LIMIT 0,10   [ RunTime:0.0007s ]
INFO: [ view_parse ] --START--
INFO: [ template_filter ] --START--
INFO: Run Behavior\ContentReplaceBehavior [ RunTime:0.000323s ]
INFO: [ template_filter ] --END-- [ RunTime:0.000527s ]
INFO: Run Behavior\ParseTemplateBehavior [ RunTime:0.125167s ]
INFO: [ view_parse ] --END-- [ RunTime:0.125376s ]
INFO: [ view_filter ] --START--
INFO: Run Behavior\WriteHtmlCacheBehavior [ RunTime:0.000609s ]
INFO: [ view_filter ] --END-- [ RunTime:0.000798s ]
INFO: [ app_end ] --START--
INFO: Run Behavior\ShowPageTraceBehavior [ RunTime:0.002276s ]
INFO: [ app_end ] --END-- [ RunTime:0.002659s ]

[ 2016-04-06T14:48:57+08:00 ] ::1 /think-library/admin.php/Bookmanage/bookcheck.html
INFO: [ app_init ] --START--
INFO: Run Behavior\BuildLiteBehavior [ RunTime:0.000046s ]
INFO: [ app_init ] --END-- [ RunTime:0.000885s ]
INFO: [ app_begin ] --START--
INFO: Run Behavior\ReadHtmlCacheBehavior [ RunTime:0.001072s ]
INFO: [ app_begin ] --END-- [ RunTime:0.001289s ]
INFO: [ view_parse ] --START--
INFO: [ template_filter ] --START--
INFO: Run Behavior\ContentReplaceBehavior [ RunTime:0.000306s ]
INFO: [ template_filter ] --END-- [ RunTime:0.000509s ]
INFO: Run Behavior\ParseTemplateBehavior [ RunTime:0.100858s ]
INFO: [ view_parse ] --END-- [ RunTime:0.101081s ]
INFO: [ view_filter ] --START--
INFO: Run Behavior\WriteHtmlCacheBehavior [ RunTime:0.000831s ]
INFO: [ view_filter ] --END-- [ RunTime:0.001040s ]
INFO: [ app_end ] --START--
INFO: Run Behavior\ShowPageTraceBehavior [ RunTime:0.001762s ]
INFO: [ app_end ] --END-- [ RunTime:0.002122s ]

