[ 2016-04-18T08:41:55+08:00 ] ::1 /think-library/admin.php
INFO: [ app_init ] --START--
INFO: Run Behavior\BuildLiteBehavior [ RunTime:0.000042s ]
INFO: [ app_init ] --END-- [ RunTime:0.000649s ]
INFO: [ app_begin ] --START--
INFO: Run Behavior\ReadHtmlCacheBehavior [ RunTime:0.001115s ]
INFO: [ app_begin ] --END-- [ RunTime:0.001479s ]

[ 2016-04-18T08:41:55+08:00 ] ::1 /think-library/admin.php/Publics/login.html
INFO: [ app_init ] --START--
INFO: Run Behavior\BuildLiteBehavior [ RunTime:0.000045s ]
INFO: [ app_init ] --END-- [ RunTime:0.000779s ]
INFO: [ app_begin ] --START--
INFO: Run Behavior\ReadHtmlCacheBehavior [ RunTime:0.000875s ]
INFO: [ app_begin ] --END-- [ RunTime:0.001192s ]
INFO: [ view_parse ] --START--
INFO: [ template_filter ] --START--
INFO: Run Behavior\ContentReplaceBehavior [ RunTime:0.000219s ]
INFO: [ template_filter ] --END-- [ RunTime:0.000424s ]
INFO: Run Behavior\ParseTemplateBehavior [ RunTime:0.083603s ]
INFO: [ view_parse ] --END-- [ RunTime:0.083829s ]
INFO: [ view_filter ] --START--
INFO: Run Behavior\WriteHtmlCacheBehavior [ RunTime:0.000489s ]
INFO: [ view_filter ] --END-- [ RunTime:0.000688s ]
INFO: [ app_end ] --START--
INFO: Run Behavior\ShowPageTraceBehavior [ RunTime:0.000878s ]
INFO: [ app_end ] --END-- [ RunTime:0.001066s ]

[ 2016-04-18T08:42:04+08:00 ] ::1 /think-library/admin.php/Publics/login.html
INFO: [ app_init ] --START--
INFO: Run Behavior\BuildLiteBehavior [ RunTime:0.000044s ]
INFO: [ app_init ] --END-- [ RunTime:0.000742s ]
INFO: [ app_begin ] --START--
INFO: Run Behavior\ReadHtmlCacheBehavior [ RunTime:0.000828s ]
INFO: [ app_begin ] --END-- [ RunTime:0.000995s ]
NOTIC: [8] Use of undefined constant UC_AUTH_KEY - assumed 'UC_AUTH_KEY' D:\wamp\www\think-library\ThinkPHP\Common\functions.php 第 588 行.
SQL: SHOW COLUMNS FROM `lib_managerinfo` [ RunTime:0.1348s ]
SQL: SELECT * FROM `lib_managerinfo` WHERE `loginname` = 'admin' AND `status` = 1 LIMIT 1   [ RunTime:0.0841s ]
NOTIC: [8] Use of undefined constant UC_AUTH_KEY - assumed 'UC_AUTH_KEY' D:\wamp\www\think-library\Application\Admin\Model\ManagerinfoModel.class.php 第 74 行.
SQL: UPDATE `lib_managerinfo` SET `lasttime`='1460940124' WHERE `userid` = 1 [ RunTime:0.2800s ]
SQL: SELECT * FROM `lib_managerinfo` WHERE `userid` = 1 LIMIT 1   [ RunTime:0.0497s ]

[ 2016-04-18T08:42:07+08:00 ] ::1 /think-library/admin.php/Index/index.html
INFO: [ app_init ] --START--
INFO: Run Behavior\BuildLiteBehavior [ RunTime:0.000044s ]
INFO: [ app_init ] --END-- [ RunTime:0.000692s ]
INFO: [ app_begin ] --START--
INFO: Run Behavior\ReadHtmlCacheBehavior [ RunTime:0.000691s ]
INFO: [ app_begin ] --END-- [ RunTime:0.000896s ]
INFO: [ view_parse ] --START--
INFO: [ template_filter ] --START--
INFO: Run Behavior\ContentReplaceBehavior [ RunTime:0.000374s ]
INFO: [ template_filter ] --END-- [ RunTime:0.000582s ]
INFO: Run Behavior\ParseTemplateBehavior [ RunTime:0.240830s ]
INFO: [ view_parse ] --END-- [ RunTime:0.241038s ]
INFO: [ view_filter ] --START--
INFO: Run Behavior\WriteHtmlCacheBehavior [ RunTime:0.000620s ]
INFO: [ view_filter ] --END-- [ RunTime:0.000801s ]
INFO: [ app_end ] --START--
INFO: Run Behavior\ShowPageTraceBehavior [ RunTime:0.001135s ]
INFO: [ app_end ] --END-- [ RunTime:0.001514s ]

[ 2016-04-18T08:42:38+08:00 ] ::1 /think-library/admin.php/Bookmanage/bookstyle.html
INFO: [ app_init ] --START--
INFO: Run Behavior\BuildLiteBehavior [ RunTime:0.000045s ]
INFO: [ app_init ] --END-- [ RunTime:0.000808s ]
INFO: [ app_begin ] --START--
INFO: Run Behavior\ReadHtmlCacheBehavior [ RunTime:0.000874s ]
INFO: [ app_begin ] --END-- [ RunTime:0.001076s ]
SQL: SHOW COLUMNS FROM `lib_booktype` [ RunTime:0.0404s ]
SQL: SELECT COUNT(*) AS tp_count FROM `lib_booktype` WHERE `status` = 1 LIMIT 1   [ RunTime:0.1030s ]
SQL: SELECT `id`,`typename`,`updatetime`,`sort`,`status` FROM `lib_booktype` WHERE `status` = 1 ORDER BY sort asc,id asc LIMIT 0,10   [ RunTime:0.0297s ]
INFO: [ view_parse ] --START--
INFO: [ template_filter ] --START--
INFO: Run Behavior\ContentReplaceBehavior [ RunTime:0.000307s ]
INFO: [ template_filter ] --END-- [ RunTime:0.000503s ]
INFO: Run Behavior\ParseTemplateBehavior [ RunTime:0.057427s ]
INFO: [ view_parse ] --END-- [ RunTime:0.057644s ]
INFO: [ view_filter ] --START--
INFO: Run Behavior\WriteHtmlCacheBehavior [ RunTime:0.000820s ]
INFO: [ view_filter ] --END-- [ RunTime:0.001010s ]
INFO: [ app_end ] --START--
INFO: Run Behavior\ShowPageTraceBehavior [ RunTime:0.001156s ]
INFO: [ app_end ] --END-- [ RunTime:0.001362s ]

[ 2016-04-18T08:42:41+08:00 ] ::1 /think-library/admin.php/Bookmanage/addstyle.html
INFO: [ app_init ] --START--
INFO: Run Behavior\BuildLiteBehavior [ RunTime:0.000045s ]
INFO: [ app_init ] --END-- [ RunTime:0.000823s ]
INFO: [ app_begin ] --START--
INFO: Run Behavior\ReadHtmlCacheBehavior [ RunTime:0.000828s ]
INFO: [ app_begin ] --END-- [ RunTime:0.001044s ]
INFO: [ view_parse ] --START--
INFO: [ template_filter ] --START--
INFO: Run Behavior\ContentReplaceBehavior [ RunTime:0.000315s ]
INFO: [ template_filter ] --END-- [ RunTime:0.000529s ]
INFO: Run Behavior\ParseTemplateBehavior [ RunTime:0.056417s ]
INFO: [ view_parse ] --END-- [ RunTime:0.056643s ]
INFO: [ view_filter ] --START--
INFO: Run Behavior\WriteHtmlCacheBehavior [ RunTime:0.001129s ]
INFO: [ view_filter ] --END-- [ RunTime:0.001329s ]
INFO: [ app_end ] --START--
INFO: Run Behavior\ShowPageTraceBehavior [ RunTime:0.001252s ]
INFO: [ app_end ] --END-- [ RunTime:0.001482s ]

[ 2016-04-18T08:42:49+08:00 ] ::1 /think-library/admin.php/Bookmanage/addstyle.html
INFO: [ app_init ] --START--
INFO: Run Behavior\BuildLiteBehavior [ RunTime:0.000089s ]
INFO: [ app_init ] --END-- [ RunTime:0.001495s ]
INFO: [ app_begin ] --START--
INFO: Run Behavior\ReadHtmlCacheBehavior [ RunTime:0.000969s ]
INFO: [ app_begin ] --END-- [ RunTime:0.001221s ]
SQL: SHOW COLUMNS FROM `lib_booktype` [ RunTime:0.1106s ]

[ 2016-04-18T08:43:07+08:00 ] ::1 /think-library/admin.php/Bookmanage/bookstyle.html
INFO: [ app_init ] --START--
INFO: Run Behavior\BuildLiteBehavior [ RunTime:0.000043s ]
INFO: [ app_init ] --END-- [ RunTime:0.000722s ]
INFO: [ app_begin ] --START--
INFO: Run Behavior\ReadHtmlCacheBehavior [ RunTime:0.000785s ]
INFO: [ app_begin ] --END-- [ RunTime:0.001000s ]
SQL: SHOW COLUMNS FROM `lib_booktype` [ RunTime:0.0070s ]
SQL: SELECT COUNT(*) AS tp_count FROM `lib_booktype` WHERE `status` = 1 LIMIT 1   [ RunTime:0.0004s ]
SQL: SELECT `id`,`typename`,`updatetime`,`sort`,`status` FROM `lib_booktype` WHERE `status` = 1 ORDER BY sort asc,id asc LIMIT 0,10   [ RunTime:0.0005s ]
INFO: [ view_parse ] --START--
INFO: [ template_filter ] --START--
INFO: Run Behavior\ContentReplaceBehavior [ RunTime:0.000306s ]
INFO: [ template_filter ] --END-- [ RunTime:0.000512s ]
INFO: Run Behavior\ParseTemplateBehavior [ RunTime:0.033295s ]
INFO: [ view_parse ] --END-- [ RunTime:0.033497s ]
INFO: [ view_filter ] --START--
INFO: Run Behavior\WriteHtmlCacheBehavior [ RunTime:0.000804s ]
INFO: [ view_filter ] --END-- [ RunTime:0.000992s ]
INFO: [ app_end ] --START--
INFO: Run Behavior\ShowPageTraceBehavior [ RunTime:0.001425s ]
INFO: [ app_end ] --END-- [ RunTime:0.001759s ]

[ 2016-04-18T08:43:12+08:00 ] ::1 /think-library/admin.php/Bookmanage/editstyle/id/3.html
INFO: [ app_init ] --START--
INFO: Run Behavior\BuildLiteBehavior [ RunTime:0.000048s ]
INFO: [ app_init ] --END-- [ RunTime:0.000822s ]
INFO: [ app_begin ] --START--
INFO: Run Behavior\ReadHtmlCacheBehavior [ RunTime:0.000773s ]
INFO: [ app_begin ] --END-- [ RunTime:0.000970s ]
SQL: SHOW COLUMNS FROM `lib_booktype` [ RunTime:0.1842s ]
SQL: SELECT * FROM `lib_booktype` WHERE ( status=1 AND id=3 ) LIMIT 1   [ RunTime:0.0005s ]
INFO: [ view_parse ] --START--
INFO: [ template_filter ] --START--
INFO: Run Behavior\ContentReplaceBehavior [ RunTime:0.000305s ]
INFO: [ template_filter ] --END-- [ RunTime:0.000504s ]
INFO: Run Behavior\ParseTemplateBehavior [ RunTime:0.029373s ]
INFO: [ view_parse ] --END-- [ RunTime:0.029580s ]
INFO: [ view_filter ] --START--
INFO: Run Behavior\WriteHtmlCacheBehavior [ RunTime:0.000838s ]
INFO: [ view_filter ] --END-- [ RunTime:0.001023s ]
INFO: [ app_end ] --START--
INFO: Run Behavior\ShowPageTraceBehavior [ RunTime:0.001143s ]
INFO: [ app_end ] --END-- [ RunTime:0.001411s ]

[ 2016-04-18T08:43:15+08:00 ] ::1 /think-library/admin.php/Bookmanage/editstyle.html
INFO: [ app_init ] --START--
INFO: Run Behavior\BuildLiteBehavior [ RunTime:0.000042s ]
INFO: [ app_init ] --END-- [ RunTime:0.000726s ]
INFO: [ app_begin ] --START--
INFO: Run Behavior\ReadHtmlCacheBehavior [ RunTime:0.000748s ]
INFO: [ app_begin ] --END-- [ RunTime:0.000911s ]
SQL: SHOW COLUMNS FROM `lib_booktype` [ RunTime:0.5520s ]
SQL: UPDATE `lib_booktype` SET `typename`='',`sort`='0' WHERE `id` = 3 [ RunTime:0.2079s ]

[ 2016-04-18T08:43:25+08:00 ] ::1 /think-library/admin.php/Bookmanage/bookstyle.html
INFO: [ app_init ] --START--
INFO: Run Behavior\BuildLiteBehavior [ RunTime:0.000045s ]
INFO: [ app_init ] --END-- [ RunTime:0.000917s ]
INFO: [ app_begin ] --START--
INFO: Run Behavior\ReadHtmlCacheBehavior [ RunTime:0.001163s ]
INFO: [ app_begin ] --END-- [ RunTime:0.001393s ]
SQL: SHOW COLUMNS FROM `lib_booktype` [ RunTime:0.0055s ]
SQL: SELECT COUNT(*) AS tp_count FROM `lib_booktype` WHERE `status` = 1 LIMIT 1   [ RunTime:0.0005s ]
SQL: SELECT `id`,`typename`,`updatetime`,`sort`,`status` FROM `lib_booktype` WHERE `status` = 1 ORDER BY sort asc,id asc LIMIT 0,10   [ RunTime:0.0006s ]
INFO: [ view_parse ] --START--
INFO: [ template_filter ] --START--
INFO: Run Behavior\ContentReplaceBehavior [ RunTime:0.000305s ]
INFO: [ template_filter ] --END-- [ RunTime:0.000499s ]
INFO: Run Behavior\ParseTemplateBehavior [ RunTime:0.033485s ]
INFO: [ view_parse ] --END-- [ RunTime:0.033685s ]
INFO: [ view_filter ] --START--
INFO: Run Behavior\WriteHtmlCacheBehavior [ RunTime:0.000757s ]
INFO: [ view_filter ] --END-- [ RunTime:0.000942s ]
INFO: [ app_end ] --START--
INFO: Run Behavior\ShowPageTraceBehavior [ RunTime:0.001672s ]
INFO: [ app_end ] --END-- [ RunTime:0.001996s ]

[ 2016-04-18T08:43:29+08:00 ] ::1 /think-library/admin.php/Bookmanage/editstyle/id/3.html
INFO: [ app_init ] --START--
INFO: Run Behavior\BuildLiteBehavior [ RunTime:0.000043s ]
INFO: [ app_init ] --END-- [ RunTime:0.000797s ]
INFO: [ app_begin ] --START--
INFO: Run Behavior\ReadHtmlCacheBehavior [ RunTime:0.000741s ]
INFO: [ app_begin ] --END-- [ RunTime:0.000935s ]
SQL: SHOW COLUMNS FROM `lib_booktype` [ RunTime:0.0049s ]
SQL: SELECT * FROM `lib_booktype` WHERE ( status=1 AND id=3 ) LIMIT 1   [ RunTime:0.0005s ]
INFO: [ view_parse ] --START--
INFO: [ template_filter ] --START--
INFO: Run Behavior\ContentReplaceBehavior [ RunTime:0.000293s ]
INFO: [ template_filter ] --END-- [ RunTime:0.000496s ]
INFO: Run Behavior\ParseTemplateBehavior [ RunTime:0.031050s ]
INFO: [ view_parse ] --END-- [ RunTime:0.031258s ]
INFO: [ view_filter ] --START--
INFO: Run Behavior\WriteHtmlCacheBehavior [ RunTime:0.000846s ]
INFO: [ view_filter ] --END-- [ RunTime:0.001030s ]
INFO: [ app_end ] --START--
INFO: Run Behavior\ShowPageTraceBehavior [ RunTime:0.001610s ]
INFO: [ app_end ] --END-- [ RunTime:0.001898s ]

[ 2016-04-18T08:43:35+08:00 ] ::1 /think-library/admin.php/Bookmanage/editstyle.html
INFO: [ app_init ] --START--
INFO: Run Behavior\BuildLiteBehavior [ RunTime:0.000047s ]
INFO: [ app_init ] --END-- [ RunTime:0.000928s ]
INFO: [ app_begin ] --START--
INFO: Run Behavior\ReadHtmlCacheBehavior [ RunTime:0.000843s ]
INFO: [ app_begin ] --END-- [ RunTime:0.001023s ]
SQL: SHOW COLUMNS FROM `lib_booktype` [ RunTime:0.0897s ]
SQL: UPDATE `lib_booktype` SET `typename`='',`sort`='0' WHERE `id` = 3 [ RunTime:0.1777s ]

[ 2016-04-18T08:43:43+08:00 ] ::1 /think-library/admin.php/Bookmanage/bookstyle.html
INFO: [ app_init ] --START--
INFO: Run Behavior\BuildLiteBehavior [ RunTime:0.000093s ]
INFO: [ app_init ] --END-- [ RunTime:0.001155s ]
INFO: [ app_begin ] --START--
INFO: Run Behavior\ReadHtmlCacheBehavior [ RunTime:0.000957s ]
INFO: [ app_begin ] --END-- [ RunTime:0.001196s ]
SQL: SHOW COLUMNS FROM `lib_booktype` [ RunTime:0.0067s ]
SQL: SELECT COUNT(*) AS tp_count FROM `lib_booktype` WHERE `status` = 1 LIMIT 1   [ RunTime:0.0007s ]
SQL: SELECT `id`,`typename`,`updatetime`,`sort`,`status` FROM `lib_booktype` WHERE `status` = 1 ORDER BY sort asc,id asc LIMIT 0,10   [ RunTime:0.0007s ]
INFO: [ view_parse ] --START--
INFO: [ template_filter ] --START--
INFO: Run Behavior\ContentReplaceBehavior [ RunTime:0.000308s ]
INFO: [ template_filter ] --END-- [ RunTime:0.000505s ]
INFO: Run Behavior\ParseTemplateBehavior [ RunTime:0.034444s ]
INFO: [ view_parse ] --END-- [ RunTime:0.034661s ]
INFO: [ view_filter ] --START--
INFO: Run Behavior\WriteHtmlCacheBehavior [ RunTime:0.000748s ]
INFO: [ view_filter ] --END-- [ RunTime:0.000931s ]
INFO: [ app_end ] --START--
INFO: Run Behavior\ShowPageTraceBehavior [ RunTime:0.001308s ]
INFO: [ app_end ] --END-- [ RunTime:0.001657s ]

[ 2016-04-18T08:49:08+08:00 ] ::1 /think-library/admin.php/Bookmanage/bookstyle.html
INFO: [ app_init ] --START--
INFO: Run Behavior\BuildLiteBehavior [ RunTime:0.000042s ]
INFO: [ app_init ] --END-- [ RunTime:0.000794s ]
INFO: [ app_begin ] --START--
INFO: Run Behavior\ReadHtmlCacheBehavior [ RunTime:0.001309s ]
INFO: [ app_begin ] --END-- [ RunTime:0.001629s ]
SQL: SHOW COLUMNS FROM `lib_booktype` [ RunTime:0.0055s ]
SQL: SELECT COUNT(*) AS tp_count FROM `lib_booktype` WHERE `status` = 1 LIMIT 1   [ RunTime:0.0005s ]
SQL: SELECT `id`,`typename`,`updatetime`,`sort`,`status` FROM `lib_booktype` WHERE `status` = 1 ORDER BY sort asc,id asc LIMIT 0,10   [ RunTime:0.0005s ]
INFO: [ view_parse ] --START--
INFO: [ template_filter ] --START--
INFO: Run Behavior\ContentReplaceBehavior [ RunTime:0.000335s ]
INFO: [ template_filter ] --END-- [ RunTime:0.000534s ]
INFO: Run Behavior\ParseTemplateBehavior [ RunTime:0.035258s ]
INFO: [ view_parse ] --END-- [ RunTime:0.035461s ]
INFO: [ view_filter ] --START--
INFO: Run Behavior\WriteHtmlCacheBehavior [ RunTime:0.000856s ]
INFO: [ view_filter ] --END-- [ RunTime:0.001049s ]
INFO: [ app_end ] --START--
INFO: Run Behavior\ShowPageTraceBehavior [ RunTime:0.001358s ]
INFO: [ app_end ] --END-- [ RunTime:0.001673s ]

[ 2016-04-18T08:49:10+08:00 ] ::1 /think-library/admin.php/Bookmanage/editstyle/id/3.html
INFO: [ app_init ] --START--
INFO: Run Behavior\BuildLiteBehavior [ RunTime:0.000042s ]
INFO: [ app_init ] --END-- [ RunTime:0.000757s ]
INFO: [ app_begin ] --START--
INFO: Run Behavior\ReadHtmlCacheBehavior [ RunTime:0.000746s ]
INFO: [ app_begin ] --END-- [ RunTime:0.000945s ]
SQL: SHOW COLUMNS FROM `lib_booktype` [ RunTime:0.0055s ]
SQL: SELECT * FROM `lib_booktype` WHERE ( status=1 AND id=3 ) LIMIT 1   [ RunTime:0.0006s ]
INFO: [ view_parse ] --START--
INFO: [ template_filter ] --START--
INFO: Run Behavior\ContentReplaceBehavior [ RunTime:0.000304s ]
INFO: [ template_filter ] --END-- [ RunTime:0.000502s ]
INFO: Run Behavior\ParseTemplateBehavior [ RunTime:0.027794s ]
INFO: [ view_parse ] --END-- [ RunTime:0.027998s ]
INFO: [ view_filter ] --START--
INFO: Run Behavior\WriteHtmlCacheBehavior [ RunTime:0.000666s ]
INFO: [ view_filter ] --END-- [ RunTime:0.000848s ]
INFO: [ app_end ] --START--
INFO: Run Behavior\ShowPageTraceBehavior [ RunTime:0.001149s ]
INFO: [ app_end ] --END-- [ RunTime:0.001434s ]

[ 2016-04-18T08:49:15+08:00 ] ::1 /think-library/admin.php/Bookmanage/editstyle.html
INFO: [ app_init ] --START--
INFO: Run Behavior\BuildLiteBehavior [ RunTime:0.000042s ]
INFO: [ app_init ] --END-- [ RunTime:0.000765s ]
INFO: [ app_begin ] --START--
INFO: Run Behavior\ReadHtmlCacheBehavior [ RunTime:0.000745s ]
INFO: [ app_begin ] --END-- [ RunTime:0.000907s ]
SQL: SHOW COLUMNS FROM `lib_booktype` [ RunTime:0.0676s ]
SQL: UPDATE `lib_booktype` SET `typename`='科技',`sort`='0' WHERE `id` = 3 [ RunTime:0.1385s ]

[ 2016-04-18T08:49:18+08:00 ] ::1 /think-library/admin.php/Bookmanage/bookstyle.html
INFO: [ app_init ] --START--
INFO: Run Behavior\BuildLiteBehavior [ RunTime:0.000058s ]
INFO: [ app_init ] --END-- [ RunTime:0.000877s ]
INFO: [ app_begin ] --START--
INFO: Run Behavior\ReadHtmlCacheBehavior [ RunTime:0.000786s ]
INFO: [ app_begin ] --END-- [ RunTime:0.000982s ]
SQL: SHOW COLUMNS FROM `lib_booktype` [ RunTime:0.1516s ]
SQL: SELECT COUNT(*) AS tp_count FROM `lib_booktype` WHERE `status` = 1 LIMIT 1   [ RunTime:0.0005s ]
SQL: SELECT `id`,`typename`,`updatetime`,`sort`,`status` FROM `lib_booktype` WHERE `status` = 1 ORDER BY sort asc,id asc LIMIT 0,10   [ RunTime:0.0005s ]
INFO: [ view_parse ] --START--
INFO: [ template_filter ] --START--
INFO: Run Behavior\ContentReplaceBehavior [ RunTime:0.000319s ]
INFO: [ template_filter ] --END-- [ RunTime:0.000518s ]
INFO: Run Behavior\ParseTemplateBehavior [ RunTime:0.033354s ]
INFO: [ view_parse ] --END-- [ RunTime:0.033555s ]
INFO: [ view_filter ] --START--
INFO: Run Behavior\WriteHtmlCacheBehavior [ RunTime:0.000826s ]
INFO: [ view_filter ] --END-- [ RunTime:0.001016s ]
INFO: [ app_end ] --START--
INFO: Run Behavior\ShowPageTraceBehavior [ RunTime:0.001678s ]
INFO: [ app_end ] --END-- [ RunTime:0.001969s ]

[ 2016-04-18T08:49:20+08:00 ] ::1 /think-library/admin.php/Bookmanage/addstyle.html
INFO: [ app_init ] --START--
INFO: Run Behavior\BuildLiteBehavior [ RunTime:0.000046s ]
INFO: [ app_init ] --END-- [ RunTime:0.000819s ]
INFO: [ app_begin ] --START--
INFO: Run Behavior\ReadHtmlCacheBehavior [ RunTime:0.000843s ]
INFO: [ app_begin ] --END-- [ RunTime:0.001061s ]
INFO: [ view_parse ] --START--
INFO: [ template_filter ] --START--
INFO: Run Behavior\ContentReplaceBehavior [ RunTime:0.000291s ]
INFO: [ template_filter ] --END-- [ RunTime:0.000492s ]
INFO: Run Behavior\ParseTemplateBehavior [ RunTime:0.031104s ]
INFO: [ view_parse ] --END-- [ RunTime:0.031420s ]
INFO: [ view_filter ] --START--
INFO: Run Behavior\WriteHtmlCacheBehavior [ RunTime:0.000980s ]
INFO: [ view_filter ] --END-- [ RunTime:0.001249s ]
INFO: [ app_end ] --START--
INFO: Run Behavior\ShowPageTraceBehavior [ RunTime:0.002165s ]
INFO: [ app_end ] --END-- [ RunTime:0.002645s ]

[ 2016-04-18T08:49:25+08:00 ] ::1 /think-library/admin.php/Bookmanage/addstyle.html
INFO: [ app_init ] --START--
INFO: Run Behavior\BuildLiteBehavior [ RunTime:0.000042s ]
INFO: [ app_init ] --END-- [ RunTime:0.000729s ]
INFO: [ app_begin ] --START--
INFO: Run Behavior\ReadHtmlCacheBehavior [ RunTime:0.001518s ]
INFO: [ app_begin ] --END-- [ RunTime:0.001901s ]
SQL: SHOW COLUMNS FROM `lib_booktype` [ RunTime:0.0731s ]
SQL: SELECT * FROM `lib_booktype` WHERE `typename` = '哲学' LIMIT 1   [ RunTime:0.0004s ]
SQL: INSERT INTO `lib_booktype` (`typename`,`sort`,`updatetime`) VALUES ('哲学','0','1460940564') [ RunTime:0.2593s ]

[ 2016-04-18T08:49:27+08:00 ] ::1 /think-library/admin.php/Bookmanage/bookstyle.html
INFO: [ app_init ] --START--
INFO: Run Behavior\BuildLiteBehavior [ RunTime:0.000043s ]
INFO: [ app_init ] --END-- [ RunTime:0.000777s ]
INFO: [ app_begin ] --START--
INFO: Run Behavior\ReadHtmlCacheBehavior [ RunTime:0.000780s ]
INFO: [ app_begin ] --END-- [ RunTime:0.000974s ]
SQL: SHOW COLUMNS FROM `lib_booktype` [ RunTime:0.0042s ]
SQL: SELECT COUNT(*) AS tp_count FROM `lib_booktype` WHERE `status` = 1 LIMIT 1   [ RunTime:0.0004s ]
SQL: SELECT `id`,`typename`,`updatetime`,`sort`,`status` FROM `lib_booktype` WHERE `status` = 1 ORDER BY sort asc,id asc LIMIT 0,10   [ RunTime:0.0005s ]
INFO: [ view_parse ] --START--
INFO: [ template_filter ] --START--
INFO: Run Behavior\ContentReplaceBehavior [ RunTime:0.000322s ]
INFO: [ template_filter ] --END-- [ RunTime:0.000518s ]
INFO: Run Behavior\ParseTemplateBehavior [ RunTime:0.034000s ]
INFO: [ view_parse ] --END-- [ RunTime:0.034203s ]
INFO: [ view_filter ] --START--
INFO: Run Behavior\WriteHtmlCacheBehavior [ RunTime:0.000834s ]
INFO: [ view_filter ] --END-- [ RunTime:0.001025s ]
INFO: [ app_end ] --START--
INFO: Run Behavior\ShowPageTraceBehavior [ RunTime:0.001174s ]
INFO: [ app_end ] --END-- [ RunTime:0.001455s ]

[ 2016-04-18T08:49:54+08:00 ] ::1 /think-library/admin.php/Bookmanage/presslist.html
INFO: [ app_init ] --START--
INFO: Run Behavior\BuildLiteBehavior [ RunTime:0.000044s ]
INFO: [ app_init ] --END-- [ RunTime:0.000855s ]
INFO: [ app_begin ] --START--
INFO: Run Behavior\ReadHtmlCacheBehavior [ RunTime:0.000860s ]
INFO: [ app_begin ] --END-- [ RunTime:0.001063s ]
SQL: SHOW COLUMNS FROM `lib_publisher` [ RunTime:0.0596s ]
SQL: SELECT COUNT(*) AS tp_count FROM `lib_publisher` WHERE `status` = 1 LIMIT 1   [ RunTime:0.0005s ]
SQL: SELECT `id`,`pressname`,`updatetime`,`sort`,`status` FROM `lib_publisher` WHERE `status` = 1 ORDER BY sort asc,id asc LIMIT 0,10   [ RunTime:0.0006s ]
INFO: [ view_parse ] --START--
INFO: [ template_filter ] --START--
INFO: Run Behavior\ContentReplaceBehavior [ RunTime:0.000317s ]
INFO: [ template_filter ] --END-- [ RunTime:0.000515s ]
INFO: Run Behavior\ParseTemplateBehavior [ RunTime:0.078686s ]
INFO: [ view_parse ] --END-- [ RunTime:0.079144s ]
INFO: [ view_filter ] --START--
INFO: Run Behavior\WriteHtmlCacheBehavior [ RunTime:0.000965s ]
INFO: [ view_filter ] --END-- [ RunTime:0.001265s ]
INFO: [ app_end ] --START--
INFO: Run Behavior\ShowPageTraceBehavior [ RunTime:0.001414s ]
INFO: [ app_end ] --END-- [ RunTime:0.001702s ]

[ 2016-04-18T08:49:57+08:00 ] ::1 /think-library/admin.php/Bookmanage/addpress.html
INFO: [ app_init ] --START--
INFO: Run Behavior\BuildLiteBehavior [ RunTime:0.000041s ]
INFO: [ app_init ] --END-- [ RunTime:0.000763s ]
INFO: [ app_begin ] --START--
INFO: Run Behavior\ReadHtmlCacheBehavior [ RunTime:0.000885s ]
INFO: [ app_begin ] --END-- [ RunTime:0.001089s ]
INFO: [ view_parse ] --START--
INFO: [ template_filter ] --START--
INFO: Run Behavior\ContentReplaceBehavior [ RunTime:0.000318s ]
INFO: [ template_filter ] --END-- [ RunTime:0.000524s ]
INFO: Run Behavior\ParseTemplateBehavior [ RunTime:0.055514s ]
INFO: [ view_parse ] --END-- [ RunTime:0.055801s ]
INFO: [ view_filter ] --START--
INFO: Run Behavior\WriteHtmlCacheBehavior [ RunTime:0.000828s ]
INFO: [ view_filter ] --END-- [ RunTime:0.001014s ]
INFO: [ app_end ] --START--
INFO: Run Behavior\ShowPageTraceBehavior [ RunTime:0.001325s ]
INFO: [ app_end ] --END-- [ RunTime:0.001632s ]

[ 2016-04-18T08:50:15+08:00 ] ::1 /think-library/admin.php/Bookmanage/addpress.html
INFO: [ app_init ] --START--
INFO: Run Behavior\BuildLiteBehavior [ RunTime:0.000042s ]
INFO: [ app_init ] --END-- [ RunTime:0.000760s ]
INFO: [ app_begin ] --START--
INFO: Run Behavior\ReadHtmlCacheBehavior [ RunTime:0.001298s ]
INFO: [ app_begin ] --END-- [ RunTime:0.001528s ]
SQL: SHOW COLUMNS FROM `lib_publisher` [ RunTime:0.1111s ]
SQL: SELECT * FROM `lib_publisher` WHERE `pressname` = '广大出版社' LIMIT 1   [ RunTime:0.0005s ]
SQL: INSERT INTO `lib_publisher` (`pressname`,`sort`,`updatetime`) VALUES ('广大出版社','0','1460940615') [ RunTime:0.0816s ]

[ 2016-04-18T08:50:17+08:00 ] ::1 /think-library/admin.php/Bookmanage/presslist.html
INFO: [ app_init ] --START--
INFO: Run Behavior\BuildLiteBehavior [ RunTime:0.000044s ]
INFO: [ app_init ] --END-- [ RunTime:0.000857s ]
INFO: [ app_begin ] --START--
INFO: Run Behavior\ReadHtmlCacheBehavior [ RunTime:0.000808s ]
INFO: [ app_begin ] --END-- [ RunTime:0.001011s ]
SQL: SHOW COLUMNS FROM `lib_publisher` [ RunTime:0.0055s ]
SQL: SELECT COUNT(*) AS tp_count FROM `lib_publisher` WHERE `status` = 1 LIMIT 1   [ RunTime:0.0005s ]
SQL: SELECT `id`,`pressname`,`updatetime`,`sort`,`status` FROM `lib_publisher` WHERE `status` = 1 ORDER BY sort asc,id asc LIMIT 0,10   [ RunTime:0.0005s ]
INFO: [ view_parse ] --START--
INFO: [ template_filter ] --START--
INFO: Run Behavior\ContentReplaceBehavior [ RunTime:0.000311s ]
INFO: [ template_filter ] --END-- [ RunTime:0.000507s ]
INFO: Run Behavior\ParseTemplateBehavior [ RunTime:0.034185s ]
INFO: [ view_parse ] --END-- [ RunTime:0.034386s ]
INFO: [ view_filter ] --START--
INFO: Run Behavior\WriteHtmlCacheBehavior [ RunTime:0.000853s ]
INFO: [ view_filter ] --END-- [ RunTime:0.001043s ]
INFO: [ app_end ] --START--
INFO: Run Behavior\ShowPageTraceBehavior [ RunTime:0.002059s ]
INFO: [ app_end ] --END-- [ RunTime:0.002540s ]

[ 2016-04-18T08:50:20+08:00 ] ::1 /think-library/admin.php/Bookmanage/presslist/p/2.html
INFO: [ app_init ] --START--
INFO: Run Behavior\BuildLiteBehavior [ RunTime:0.000042s ]
INFO: [ app_init ] --END-- [ RunTime:0.000755s ]
INFO: [ app_begin ] --START--
INFO: Run Behavior\ReadHtmlCacheBehavior [ RunTime:0.001026s ]
INFO: [ app_begin ] --END-- [ RunTime:0.001254s ]
SQL: SHOW COLUMNS FROM `lib_publisher` [ RunTime:0.0055s ]
SQL: SELECT COUNT(*) AS tp_count FROM `lib_publisher` WHERE `status` = 1 LIMIT 1   [ RunTime:0.0005s ]
SQL: SELECT `id`,`pressname`,`updatetime`,`sort`,`status` FROM `lib_publisher` WHERE `status` = 1 ORDER BY sort asc,id asc LIMIT 10,10   [ RunTime:0.0005s ]
INFO: [ view_parse ] --START--
INFO: [ template_filter ] --START--
INFO: Run Behavior\ContentReplaceBehavior [ RunTime:0.000311s ]
INFO: [ template_filter ] --END-- [ RunTime:0.000507s ]
INFO: Run Behavior\ParseTemplateBehavior [ RunTime:0.032116s ]
INFO: [ view_parse ] --END-- [ RunTime:0.032321s ]
INFO: [ view_filter ] --START--
INFO: Run Behavior\WriteHtmlCacheBehavior [ RunTime:0.000793s ]
INFO: [ view_filter ] --END-- [ RunTime:0.000991s ]
INFO: [ app_end ] --START--
INFO: Run Behavior\ShowPageTraceBehavior [ RunTime:0.001298s ]
INFO: [ app_end ] --END-- [ RunTime:0.001600s ]

[ 2016-04-18T08:50:22+08:00 ] ::1 /think-library/admin.php/Bookmanage/editpress/id/13.html
INFO: [ app_init ] --START--
INFO: Run Behavior\BuildLiteBehavior [ RunTime:0.000043s ]
INFO: [ app_init ] --END-- [ RunTime:0.000816s ]
INFO: [ app_begin ] --START--
INFO: Run Behavior\ReadHtmlCacheBehavior [ RunTime:0.000865s ]
INFO: [ app_begin ] --END-- [ RunTime:0.001080s ]
SQL: SHOW COLUMNS FROM `lib_publisher` [ RunTime:0.0047s ]
SQL: SELECT * FROM `lib_publisher` WHERE ( status=1 AND id=13 ) LIMIT 1   [ RunTime:0.0004s ]
INFO: [ view_parse ] --START--
INFO: [ template_filter ] --START--
INFO: Run Behavior\ContentReplaceBehavior [ RunTime:0.000386s ]
INFO: [ template_filter ] --END-- [ RunTime:0.000697s ]
INFO: Run Behavior\ParseTemplateBehavior [ RunTime:0.028511s ]
INFO: [ view_parse ] --END-- [ RunTime:0.028721s ]
INFO: [ view_filter ] --START--
INFO: Run Behavior\WriteHtmlCacheBehavior [ RunTime:0.000782s ]
INFO: [ view_filter ] --END-- [ RunTime:0.000964s ]
INFO: [ app_end ] --START--
INFO: Run Behavior\ShowPageTraceBehavior [ RunTime:0.001301s ]
INFO: [ app_end ] --END-- [ RunTime:0.001588s ]

[ 2016-04-18T08:50:27+08:00 ] ::1 /think-library/admin.php/Bookmanage/editpress.html
INFO: [ app_init ] --START--
INFO: Run Behavior\BuildLiteBehavior [ RunTime:0.000077s ]
INFO: [ app_init ] --END-- [ RunTime:0.000954s ]
INFO: [ app_begin ] --START--
INFO: Run Behavior\ReadHtmlCacheBehavior [ RunTime:0.000944s ]
INFO: [ app_begin ] --END-- [ RunTime:0.001152s ]
SQL: SHOW COLUMNS FROM `lib_publisher` [ RunTime:0.0620s ]
SQL: UPDATE `lib_publisher` SET `pressname`='广大出版',`sort`='0' WHERE `id` = 13 [ RunTime:0.2218s ]

[ 2016-04-18T08:50:30+08:00 ] ::1 /think-library/admin.php/Bookmanage/presslist/p/2.html
INFO: [ app_init ] --START--
INFO: Run Behavior\BuildLiteBehavior [ RunTime:0.000043s ]
INFO: [ app_init ] --END-- [ RunTime:0.000814s ]
INFO: [ app_begin ] --START--
INFO: Run Behavior\ReadHtmlCacheBehavior [ RunTime:0.000785s ]
INFO: [ app_begin ] --END-- [ RunTime:0.000980s ]
SQL: SHOW COLUMNS FROM `lib_publisher` [ RunTime:0.0045s ]
SQL: SELECT COUNT(*) AS tp_count FROM `lib_publisher` WHERE `status` = 1 LIMIT 1   [ RunTime:0.0006s ]
SQL: SELECT `id`,`pressname`,`updatetime`,`sort`,`status` FROM `lib_publisher` WHERE `status` = 1 ORDER BY sort asc,id asc LIMIT 10,10   [ RunTime:0.0005s ]
INFO: [ view_parse ] --START--
INFO: [ template_filter ] --START--
INFO: Run Behavior\ContentReplaceBehavior [ RunTime:0.000312s ]
INFO: [ template_filter ] --END-- [ RunTime:0.000534s ]
INFO: Run Behavior\ParseTemplateBehavior [ RunTime:0.033239s ]
INFO: [ view_parse ] --END-- [ RunTime:0.033445s ]
INFO: [ view_filter ] --START--
INFO: Run Behavior\WriteHtmlCacheBehavior [ RunTime:0.000804s ]
INFO: [ view_filter ] --END-- [ RunTime:0.000987s ]
INFO: [ app_end ] --START--
INFO: Run Behavior\ShowPageTraceBehavior [ RunTime:0.001143s ]
INFO: [ app_end ] --END-- [ RunTime:0.001349s ]

[ 2016-04-18T08:51:03+08:00 ] ::1 /think-library/admin.php/Bookmanage/booklist.html
INFO: [ app_init ] --START--
INFO: Run Behavior\BuildLiteBehavior [ RunTime:0.000044s ]
INFO: [ app_init ] --END-- [ RunTime:0.000812s ]
INFO: [ app_begin ] --START--
INFO: Run Behavior\ReadHtmlCacheBehavior [ RunTime:0.000785s ]
INFO: [ app_begin ] --END-- [ RunTime:0.000988s ]
SQL: SHOW COLUMNS FROM `lib_bookinfo` [ RunTime:0.0834s ]
SQL: SELECT COUNT(*) AS tp_count FROM `lib_bookinfo` WHERE `status` = 1 LIMIT 1   [ RunTime:0.0005s ]
SQL: SELECT `id`,`isbn`,`bookname`,`typeid`,`author`,`publisherid`,`frontcover`,`page`,`sumnum`,`createtime`,`updatetime`,`status`,`bookcaseid`,`remark`,`nownum` FROM `lib_bookinfo` WHERE `status` = 1 ORDER BY id asc LIMIT 0,10   [ RunTime:0.0005s ]
SQL: SHOW COLUMNS FROM `lib_booktype` [ RunTime:0.0046s ]
SQL: SELECT * FROM `lib_booktype` WHERE `status` = 1 ORDER BY sort,id  [ RunTime:0.0006s ]
SQL: SHOW COLUMNS FROM `lib_publisher` [ RunTime:0.0049s ]
SQL: SELECT * FROM `lib_publisher` WHERE `status` = 1 ORDER BY sort,id  [ RunTime:0.0006s ]
INFO: [ view_parse ] --START--
INFO: [ template_filter ] --START--
INFO: Run Behavior\ContentReplaceBehavior [ RunTime:0.000324s ]
INFO: [ template_filter ] --END-- [ RunTime:0.000527s ]
INFO: Run Behavior\ParseTemplateBehavior [ RunTime:0.084230s ]
INFO: [ view_parse ] --END-- [ RunTime:0.084552s ]
INFO: [ view_filter ] --START--
INFO: Run Behavior\WriteHtmlCacheBehavior [ RunTime:0.001206s ]
INFO: [ view_filter ] --END-- [ RunTime:0.001493s ]
INFO: [ app_end ] --START--
INFO: Run Behavior\ShowPageTraceBehavior [ RunTime:0.001365s ]
INFO: [ app_end ] --END-- [ RunTime:0.001578s ]

[ 2016-04-18T08:51:10+08:00 ] ::1 /think-library/admin.php/Bookmanage/addbook.html
INFO: [ app_init ] --START--
INFO: Run Behavior\BuildLiteBehavior [ RunTime:0.000045s ]
INFO: [ app_init ] --END-- [ RunTime:0.000930s ]
INFO: [ app_begin ] --START--
INFO: Run Behavior\ReadHtmlCacheBehavior [ RunTime:0.001063s ]
INFO: [ app_begin ] --END-- [ RunTime:0.001280s ]
SQL: SHOW COLUMNS FROM `lib_booktype` [ RunTime:0.0058s ]
SQL: SELECT * FROM `lib_booktype` WHERE `status` = 1 ORDER BY sort,id  [ RunTime:0.0006s ]
SQL: SHOW COLUMNS FROM `lib_publisher` [ RunTime:0.0091s ]
SQL: SELECT * FROM `lib_publisher` WHERE `status` = 1 ORDER BY sort,id  [ RunTime:0.0005s ]
INFO: [ view_parse ] --START--
INFO: [ template_filter ] --START--
INFO: Run Behavior\ContentReplaceBehavior [ RunTime:0.000425s ]
INFO: [ template_filter ] --END-- [ RunTime:0.000623s ]
INFO: Run Behavior\ParseTemplateBehavior [ RunTime:0.063896s ]
INFO: [ view_parse ] --END-- [ RunTime:0.064104s ]
INFO: [ view_filter ] --START--
INFO: Run Behavior\WriteHtmlCacheBehavior [ RunTime:0.000811s ]
INFO: [ view_filter ] --END-- [ RunTime:0.001011s ]
INFO: [ app_end ] --START--
INFO: Run Behavior\ShowPageTraceBehavior [ RunTime:0.001293s ]
INFO: [ app_end ] --END-- [ RunTime:0.001502s ]

[ 2016-04-18T08:53:07+08:00 ] ::1 /think-library/admin.php/Bookmanage/addbook.html
INFO: [ app_init ] --START--
INFO: Run Behavior\BuildLiteBehavior [ RunTime:0.000044s ]
INFO: [ app_init ] --END-- [ RunTime:0.000836s ]
INFO: [ app_begin ] --START--
INFO: Run Behavior\ReadHtmlCacheBehavior [ RunTime:0.001593s ]
INFO: [ app_begin ] --END-- [ RunTime:0.001803s ]
SQL: SHOW COLUMNS FROM `lib_bookinfo` [ RunTime:0.0815s ]
SQL: SELECT * FROM `lib_bookinfo` WHERE `isbn` = '1-22-333-4444-00003' LIMIT 1   [ RunTime:0.0340s ]
SQL: INSERT INTO `lib_bookinfo` (`isbn`,`bookname`,`author`,`page`,`sumnum`,`typeid`,`publisherid`,`frontcover`,`status`,`createtime`,`updatetime`) VALUES ('1-22-333-4444-00003','高等数学','马克吐温','360','3','3','1','0','1','1460940787','1460940787') [ RunTime:0.0884s ]

[ 2016-04-18T08:53:09+08:00 ] ::1 /think-library/admin.php/Bookmanage/booklist.html
INFO: [ app_init ] --START--
INFO: Run Behavior\BuildLiteBehavior [ RunTime:0.000044s ]
INFO: [ app_init ] --END-- [ RunTime:0.000815s ]
INFO: [ app_begin ] --START--
INFO: Run Behavior\ReadHtmlCacheBehavior [ RunTime:0.000924s ]
INFO: [ app_begin ] --END-- [ RunTime:0.001209s ]
SQL: SHOW COLUMNS FROM `lib_bookinfo` [ RunTime:0.0051s ]
SQL: SELECT COUNT(*) AS tp_count FROM `lib_bookinfo` WHERE `status` = 1 LIMIT 1   [ RunTime:0.0004s ]
SQL: SELECT `id`,`isbn`,`bookname`,`typeid`,`author`,`publisherid`,`frontcover`,`page`,`sumnum`,`createtime`,`updatetime`,`status`,`bookcaseid`,`remark`,`nownum` FROM `lib_bookinfo` WHERE `status` = 1 ORDER BY id asc LIMIT 0,10   [ RunTime:0.0005s ]
SQL: SHOW COLUMNS FROM `lib_booktype` [ RunTime:0.0271s ]
SQL: SELECT * FROM `lib_booktype` WHERE `status` = 1 ORDER BY sort,id  [ RunTime:0.0005s ]
SQL: SHOW COLUMNS FROM `lib_publisher` [ RunTime:0.0044s ]
SQL: SELECT * FROM `lib_publisher` WHERE `status` = 1 ORDER BY sort,id  [ RunTime:0.0007s ]
INFO: [ view_parse ] --START--
INFO: [ template_filter ] --START--
INFO: Run Behavior\ContentReplaceBehavior [ RunTime:0.000330s ]
INFO: [ template_filter ] --END-- [ RunTime:0.000527s ]
INFO: Run Behavior\ParseTemplateBehavior [ RunTime:0.038552s ]
INFO: [ view_parse ] --END-- [ RunTime:0.038773s ]
INFO: [ view_filter ] --START--
INFO: Run Behavior\WriteHtmlCacheBehavior [ RunTime:0.000829s ]
INFO: [ view_filter ] --END-- [ RunTime:0.001010s ]
INFO: [ app_end ] --START--
INFO: Run Behavior\ShowPageTraceBehavior [ RunTime:0.001216s ]
INFO: [ app_end ] --END-- [ RunTime:0.001424s ]

[ 2016-04-18T08:53:15+08:00 ] ::1 /think-library/admin.php/Bookmanage/addbook.html
INFO: [ app_init ] --START--
INFO: Run Behavior\BuildLiteBehavior [ RunTime:0.000044s ]
INFO: [ app_init ] --END-- [ RunTime:0.000842s ]
INFO: [ app_begin ] --START--
INFO: Run Behavior\ReadHtmlCacheBehavior [ RunTime:0.001359s ]
INFO: [ app_begin ] --END-- [ RunTime:0.001641s ]
SQL: SHOW COLUMNS FROM `lib_booktype` [ RunTime:0.0055s ]
SQL: SELECT * FROM `lib_booktype` WHERE `status` = 1 ORDER BY sort,id  [ RunTime:0.0005s ]
SQL: SHOW COLUMNS FROM `lib_publisher` [ RunTime:0.0094s ]
SQL: SELECT * FROM `lib_publisher` WHERE `status` = 1 ORDER BY sort,id  [ RunTime:0.0005s ]
INFO: [ view_parse ] --START--
INFO: [ template_filter ] --START--
INFO: Run Behavior\ContentReplaceBehavior [ RunTime:0.000423s ]
INFO: [ template_filter ] --END-- [ RunTime:0.000632s ]
INFO: Run Behavior\ParseTemplateBehavior [ RunTime:0.044282s ]
INFO: [ view_parse ] --END-- [ RunTime:0.044490s ]
INFO: [ view_filter ] --START--
INFO: Run Behavior\WriteHtmlCacheBehavior [ RunTime:0.000806s ]
INFO: [ view_filter ] --END-- [ RunTime:0.001009s ]
INFO: [ app_end ] --START--
INFO: Run Behavior\ShowPageTraceBehavior [ RunTime:0.001558s ]
INFO: [ app_end ] --END-- [ RunTime:0.001878s ]

[ 2016-04-18T08:53:22+08:00 ] ::1 /think-library/admin.php/Bookmanage/addbook.html
INFO: [ app_init ] --START--
INFO: Run Behavior\BuildLiteBehavior [ RunTime:0.000044s ]
INFO: [ app_init ] --END-- [ RunTime:0.000810s ]
INFO: [ app_begin ] --START--
INFO: Run Behavior\ReadHtmlCacheBehavior [ RunTime:0.000773s ]
INFO: [ app_begin ] --END-- [ RunTime:0.000972s ]
SQL: SHOW COLUMNS FROM `lib_booktype` [ RunTime:0.2428s ]
SQL: SELECT * FROM `lib_booktype` WHERE `status` = 1 ORDER BY sort,id  [ RunTime:0.0005s ]
SQL: SHOW COLUMNS FROM `lib_publisher` [ RunTime:0.0190s ]
SQL: SELECT * FROM `lib_publisher` WHERE `status` = 1 ORDER BY sort,id  [ RunTime:0.0006s ]
INFO: [ view_parse ] --START--
INFO: [ template_filter ] --START--
INFO: Run Behavior\ContentReplaceBehavior [ RunTime:0.000425s ]
INFO: [ template_filter ] --END-- [ RunTime:0.000623s ]
INFO: Run Behavior\ParseTemplateBehavior [ RunTime:0.044656s ]
INFO: [ view_parse ] --END-- [ RunTime:0.044862s ]
INFO: [ view_filter ] --START--
INFO: Run Behavior\WriteHtmlCacheBehavior [ RunTime:0.000825s ]
INFO: [ view_filter ] --END-- [ RunTime:0.001032s ]
INFO: [ app_end ] --START--
INFO: Run Behavior\ShowPageTraceBehavior [ RunTime:0.001221s ]
INFO: [ app_end ] --END-- [ RunTime:0.001447s ]

[ 2016-04-18T08:54:06+08:00 ] ::1 /think-library/admin.php/Bookmanage/addbook.html
INFO: [ app_init ] --START--
INFO: Run Behavior\BuildLiteBehavior [ RunTime:0.000043s ]
INFO: [ app_init ] --END-- [ RunTime:0.000819s ]
INFO: [ app_begin ] --START--
INFO: Run Behavior\ReadHtmlCacheBehavior [ RunTime:0.000776s ]
INFO: [ app_begin ] --END-- [ RunTime:0.000941s ]
SQL: SHOW COLUMNS FROM `lib_bookinfo` [ RunTime:0.0882s ]
SQL: SELECT * FROM `lib_bookinfo` WHERE `isbn` = '1-22-333-4444-00004' LIMIT 1   [ RunTime:0.0007s ]
SQL: INSERT INTO `lib_bookinfo` (`isbn`,`bookname`,`author`,`page`,`sumnum`,`typeid`,`publisherid`,`frontcover`,`status`,`createtime`,`updatetime`) VALUES ('1-22-333-4444-00004','计算机科学与艺术','泰小布','456','3','3','2','0','1','1460940846','1460940846') [ RunTime:0.1799s ]

[ 2016-04-18T08:54:08+08:00 ] ::1 /think-library/admin.php/Bookmanage/booklist.html
INFO: [ app_init ] --START--
INFO: Run Behavior\BuildLiteBehavior [ RunTime:0.000042s ]
INFO: [ app_init ] --END-- [ RunTime:0.000749s ]
INFO: [ app_begin ] --START--
INFO: Run Behavior\ReadHtmlCacheBehavior [ RunTime:0.000786s ]
INFO: [ app_begin ] --END-- [ RunTime:0.000979s ]
SQL: SHOW COLUMNS FROM `lib_bookinfo` [ RunTime:0.0052s ]
SQL: SELECT COUNT(*) AS tp_count FROM `lib_bookinfo` WHERE `status` = 1 LIMIT 1   [ RunTime:0.0004s ]
SQL: SELECT `id`,`isbn`,`bookname`,`typeid`,`author`,`publisherid`,`frontcover`,`page`,`sumnum`,`createtime`,`updatetime`,`status`,`bookcaseid`,`remark`,`nownum` FROM `lib_bookinfo` WHERE `status` = 1 ORDER BY id asc LIMIT 0,10   [ RunTime:0.0006s ]
SQL: SHOW COLUMNS FROM `lib_booktype` [ RunTime:0.0043s ]
SQL: SELECT * FROM `lib_booktype` WHERE `status` = 1 ORDER BY sort,id  [ RunTime:0.0005s ]
SQL: SHOW COLUMNS FROM `lib_publisher` [ RunTime:0.0051s ]
SQL: SELECT * FROM `lib_publisher` WHERE `status` = 1 ORDER BY sort,id  [ RunTime:0.0005s ]
INFO: [ view_parse ] --START--
INFO: [ template_filter ] --START--
INFO: Run Behavior\ContentReplaceBehavior [ RunTime:0.000342s ]
INFO: [ template_filter ] --END-- [ RunTime:0.000572s ]
INFO: Run Behavior\ParseTemplateBehavior [ RunTime:0.038512s ]
INFO: [ view_parse ] --END-- [ RunTime:0.038718s ]
INFO: [ view_filter ] --START--
INFO: Run Behavior\WriteHtmlCacheBehavior [ RunTime:0.000743s ]
INFO: [ view_filter ] --END-- [ RunTime:0.000925s ]
INFO: [ app_end ] --START--
INFO: Run Behavior\ShowPageTraceBehavior [ RunTime:0.001235s ]
INFO: [ app_end ] --END-- [ RunTime:0.001523s ]

[ 2016-04-18T08:54:18+08:00 ] ::1 /think-library/admin.php/Article/ArticleType.html
INFO: [ app_init ] --START--
INFO: Run Behavior\BuildLiteBehavior [ RunTime:0.000045s ]
INFO: [ app_init ] --END-- [ RunTime:0.000784s ]
INFO: [ app_begin ] --START--
INFO: Run Behavior\ReadHtmlCacheBehavior [ RunTime:0.000768s ]
INFO: [ app_begin ] --END-- [ RunTime:0.000969s ]
SQL: SHOW COLUMNS FROM `lib_articletype` [ RunTime:0.0389s ]
SQL: SELECT * FROM `lib_articletype` WHERE `parentid` = 0 AND `type` = 0 AND `status` = 1 ORDER BY id  [ RunTime:0.1420s ]
SQL: SELECT * FROM `lib_articletype` WHERE `parentid` = 1 AND `type` = 1 AND `status` = 1 ORDER BY id  [ RunTime:0.0005s ]
SQL: SELECT * FROM `lib_articletype` WHERE `parentid` = 2 AND `type` = 1 AND `status` = 1 ORDER BY id  [ RunTime:0.0004s ]
INFO: [ view_parse ] --START--
INFO: [ template_filter ] --START--
INFO: Run Behavior\ContentReplaceBehavior [ RunTime:0.000337s ]
INFO: [ template_filter ] --END-- [ RunTime:0.000535s ]
NOTIC: [8] Undefined variable: _page D:\wamp\www\think-library\Runtime\Cache\Admin\a7fd2918b9548f62ef1c20398b9e8779.php 第 206 行.
INFO: Run Behavior\ParseTemplateBehavior [ RunTime:0.076480s ]
INFO: [ view_parse ] --END-- [ RunTime:0.076698s ]
INFO: [ view_filter ] --START--
INFO: Run Behavior\WriteHtmlCacheBehavior [ RunTime:0.000884s ]
INFO: [ view_filter ] --END-- [ RunTime:0.001153s ]
INFO: [ app_end ] --START--
INFO: Run Behavior\ShowPageTraceBehavior [ RunTime:0.002343s ]
INFO: [ app_end ] --END-- [ RunTime:0.002710s ]

[ 2016-04-18T08:54:21+08:00 ] ::1 /think-library/admin.php/Article/ArticleList.html
INFO: [ app_init ] --START--
INFO: Run Behavior\BuildLiteBehavior [ RunTime:0.000041s ]
INFO: [ app_init ] --END-- [ RunTime:0.000722s ]
INFO: [ app_begin ] --START--
INFO: Run Behavior\ReadHtmlCacheBehavior [ RunTime:0.000755s ]
INFO: [ app_begin ] --END-- [ RunTime:0.000953s ]
SQL: SHOW COLUMNS FROM `lib_articletype` [ RunTime:0.0056s ]
SQL: SELECT `id`,`name` FROM `lib_articletype` WHERE `type` = 1  [ RunTime:0.0007s ]
SQL: SHOW COLUMNS FROM `lib_article` [ RunTime:0.0165s ]
SQL: SELECT COUNT(*) AS tp_count FROM `lib_article` WHERE `status` = 1 LIMIT 1   [ RunTime:0.0005s ]
SQL: SELECT `id`,`parse`,`type`,`title`,`summary`,`content`,`template`,`bookmark`,`createtime`,`status` FROM `lib_article` WHERE `status` = 1 ORDER BY createtime asc,id asc LIMIT 0,10   [ RunTime:0.0016s ]
INFO: [ view_parse ] --START--
INFO: [ template_filter ] --START--
INFO: Run Behavior\ContentReplaceBehavior [ RunTime:0.000312s ]
INFO: [ template_filter ] --END-- [ RunTime:0.000524s ]
INFO: Run Behavior\ParseTemplateBehavior [ RunTime:0.056836s ]
INFO: [ view_parse ] --END-- [ RunTime:0.057041s ]
INFO: [ view_filter ] --START--
INFO: Run Behavior\WriteHtmlCacheBehavior [ RunTime:0.000856s ]
INFO: [ view_filter ] --END-- [ RunTime:0.001053s ]
INFO: [ app_end ] --START--
INFO: Run Behavior\ShowPageTraceBehavior [ RunTime:0.001335s ]
INFO: [ app_end ] --END-- [ RunTime:0.001554s ]

[ 2016-04-18T09:00:33+08:00 ] ::1 /think-library/admin.php/Article/ArticleList.html
INFO: [ app_init ] --START--
INFO: Run Behavior\BuildLiteBehavior [ RunTime:0.000044s ]
INFO: [ app_init ] --END-- [ RunTime:0.000885s ]
INFO: [ app_begin ] --START--
INFO: Run Behavior\ReadHtmlCacheBehavior [ RunTime:0.001431s ]
INFO: [ app_begin ] --END-- [ RunTime:0.001806s ]
SQL: SHOW COLUMNS FROM `lib_articletype` [ RunTime:0.0059s ]
SQL: SELECT `id`,`name` FROM `lib_articletype` WHERE `type` = 1  [ RunTime:0.0005s ]
SQL: SHOW COLUMNS FROM `lib_article` [ RunTime:0.0167s ]
SQL: SELECT COUNT(*) AS tp_count FROM `lib_article` WHERE `status` = 1 LIMIT 1   [ RunTime:0.0004s ]
SQL: SELECT `id`,`parse`,`type`,`title`,`summary`,`content`,`template`,`bookmark`,`createtime`,`status` FROM `lib_article` WHERE `status` = 1 ORDER BY createtime asc,id asc LIMIT 0,10   [ RunTime:0.0021s ]
INFO: [ view_parse ] --START--
INFO: [ template_filter ] --START--
INFO: Run Behavior\ContentReplaceBehavior [ RunTime:0.000314s ]
INFO: [ template_filter ] --END-- [ RunTime:0.000510s ]
INFO: Run Behavior\ParseTemplateBehavior [ RunTime:0.037067s ]
INFO: [ view_parse ] --END-- [ RunTime:0.037280s ]
INFO: [ view_filter ] --START--
INFO: Run Behavior\WriteHtmlCacheBehavior [ RunTime:0.000814s ]
INFO: [ view_filter ] --END-- [ RunTime:0.001015s ]
INFO: [ app_end ] --START--
INFO: Run Behavior\ShowPageTraceBehavior [ RunTime:0.001146s ]
INFO: [ app_end ] --END-- [ RunTime:0.001394s ]

[ 2016-04-18T09:01:27+08:00 ] ::1 /think-library/admin.php/Article/ArticleList.html
INFO: [ app_init ] --START--
INFO: Run Behavior\BuildLiteBehavior [ RunTime:0.000046s ]
INFO: [ app_init ] --END-- [ RunTime:0.000931s ]
INFO: [ app_begin ] --START--
INFO: Run Behavior\ReadHtmlCacheBehavior [ RunTime:0.001390s ]
INFO: [ app_begin ] --END-- [ RunTime:0.001711s ]
SQL: SHOW COLUMNS FROM `lib_articletype` [ RunTime:0.0060s ]
SQL: SELECT `id`,`name` FROM `lib_articletype` WHERE `type` = 1  [ RunTime:0.0005s ]
SQL: SHOW COLUMNS FROM `lib_article` [ RunTime:0.0048s ]
SQL: SELECT COUNT(*) AS tp_count FROM `lib_article` WHERE `status` = 1 LIMIT 1   [ RunTime:0.0006s ]
SQL: SELECT `id`,`parse`,`type`,`title`,`summary`,`content`,`template`,`bookmark`,`createtime`,`status` FROM `lib_article` WHERE `status` = 1 ORDER BY createtime asc,id asc LIMIT 0,10   [ RunTime:0.0026s ]
INFO: [ view_parse ] --START--
INFO: [ template_filter ] --START--
INFO: Run Behavior\ContentReplaceBehavior [ RunTime:0.000315s ]
INFO: [ template_filter ] --END-- [ RunTime:0.000516s ]
INFO: Run Behavior\ParseTemplateBehavior [ RunTime:0.038850s ]
INFO: [ view_parse ] --END-- [ RunTime:0.039081s ]
INFO: [ view_filter ] --START--
INFO: Run Behavior\WriteHtmlCacheBehavior [ RunTime:0.000860s ]
INFO: [ view_filter ] --END-- [ RunTime:0.001049s ]
INFO: [ app_end ] --START--
INFO: Run Behavior\ShowPageTraceBehavior [ RunTime:0.001839s ]
INFO: [ app_end ] --END-- [ RunTime:0.002150s ]

[ 2016-04-18T09:02:28+08:00 ] ::1 /think-library/admin.php/Article/ArticleList.html
INFO: [ app_init ] --START--
INFO: Run Behavior\BuildLiteBehavior [ RunTime:0.000045s ]
INFO: [ app_init ] --END-- [ RunTime:0.000952s ]
INFO: [ app_begin ] --START--
INFO: Run Behavior\ReadHtmlCacheBehavior [ RunTime:0.000875s ]
INFO: [ app_begin ] --END-- [ RunTime:0.001086s ]
SQL: SHOW COLUMNS FROM `lib_articletype` [ RunTime:0.0100s ]
SQL: SELECT `id`,`name` FROM `lib_articletype` WHERE `type` = 1  [ RunTime:0.0006s ]
SQL: SHOW COLUMNS FROM `lib_article` [ RunTime:0.0051s ]
SQL: SELECT COUNT(*) AS tp_count FROM `lib_article` WHERE `status` = 1 LIMIT 1   [ RunTime:0.0006s ]
SQL: SELECT `id`,`parse`,`type`,`title`,`summary`,`content`,`template`,`bookmark`,`createtime`,`status` FROM `lib_article` WHERE `status` = 1 ORDER BY createtime asc,id asc LIMIT 0,10   [ RunTime:0.0021s ]
INFO: [ view_parse ] --START--
INFO: [ template_filter ] --START--
INFO: Run Behavior\ContentReplaceBehavior [ RunTime:0.000407s ]
INFO: [ template_filter ] --END-- [ RunTime:0.000706s ]
INFO: Run Behavior\ParseTemplateBehavior [ RunTime:0.042183s ]
INFO: [ view_parse ] --END-- [ RunTime:0.042388s ]
INFO: [ view_filter ] --START--
INFO: Run Behavior\WriteHtmlCacheBehavior [ RunTime:0.001401s ]
INFO: [ view_filter ] --END-- [ RunTime:0.001637s ]
INFO: [ app_end ] --START--
INFO: Run Behavior\ShowPageTraceBehavior [ RunTime:0.001847s ]
INFO: [ app_end ] --END-- [ RunTime:0.002336s ]

[ 2016-04-18T09:02:52+08:00 ] ::1 /think-library/admin.php/Article/ArticleList.html
INFO: [ app_init ] --START--
INFO: Run Behavior\BuildLiteBehavior [ RunTime:0.000046s ]
INFO: [ app_init ] --END-- [ RunTime:0.000972s ]
INFO: [ app_begin ] --START--
INFO: Run Behavior\ReadHtmlCacheBehavior [ RunTime:0.001003s ]
INFO: [ app_begin ] --END-- [ RunTime:0.001257s ]
SQL: SHOW COLUMNS FROM `lib_articletype` [ RunTime:0.0058s ]
SQL: SELECT `id`,`name` FROM `lib_articletype` WHERE `type` = 1  [ RunTime:0.0005s ]
SQL: SHOW COLUMNS FROM `lib_article` [ RunTime:0.0158s ]
SQL: SELECT COUNT(*) AS tp_count FROM `lib_article` WHERE `status` = 1 LIMIT 1   [ RunTime:0.0004s ]
SQL: SELECT `id`,`parse`,`type`,`title`,`summary`,`content`,`template`,`bookmark`,`createtime`,`status` FROM `lib_article` WHERE `status` = 1 ORDER BY createtime asc,id asc LIMIT 0,10   [ RunTime:0.0022s ]
INFO: [ view_parse ] --START--
INFO: [ template_filter ] --START--
INFO: Run Behavior\ContentReplaceBehavior [ RunTime:0.000313s ]
INFO: [ template_filter ] --END-- [ RunTime:0.000510s ]
INFO: Run Behavior\ParseTemplateBehavior [ RunTime:0.039664s ]
INFO: [ view_parse ] --END-- [ RunTime:0.039897s ]
INFO: [ view_filter ] --START--
INFO: Run Behavior\WriteHtmlCacheBehavior [ RunTime:0.000898s ]
INFO: [ view_filter ] --END-- [ RunTime:0.001080s ]
INFO: [ app_end ] --START--
INFO: Run Behavior\ShowPageTraceBehavior [ RunTime:0.001290s ]
INFO: [ app_end ] --END-- [ RunTime:0.001618s ]

[ 2016-04-18T09:03:04+08:00 ] ::1 /think-library/admin.php/Article/ArticleList.html
INFO: [ app_init ] --START--
INFO: Run Behavior\BuildLiteBehavior [ RunTime:0.000042s ]
INFO: [ app_init ] --END-- [ RunTime:0.000771s ]
INFO: [ app_begin ] --START--
INFO: Run Behavior\ReadHtmlCacheBehavior [ RunTime:0.000888s ]
INFO: [ app_begin ] --END-- [ RunTime:0.001107s ]
SQL: SHOW COLUMNS FROM `lib_articletype` [ RunTime:0.0057s ]
SQL: SELECT `id`,`name` FROM `lib_articletype` WHERE `type` = 1  [ RunTime:0.0005s ]
SQL: SHOW COLUMNS FROM `lib_article` [ RunTime:0.0114s ]
SQL: SELECT COUNT(*) AS tp_count FROM `lib_article` WHERE `status` = 1 LIMIT 1   [ RunTime:0.0005s ]
SQL: SELECT `id`,`parse`,`type`,`title`,`summary`,`content`,`template`,`bookmark`,`createtime`,`status` FROM `lib_article` WHERE `status` = 1 ORDER BY createtime asc,id asc LIMIT 0,10   [ RunTime:0.0018s ]
INFO: [ view_parse ] --START--
INFO: [ template_filter ] --START--
INFO: Run Behavior\ContentReplaceBehavior [ RunTime:0.000318s ]
INFO: [ template_filter ] --END-- [ RunTime:0.000552s ]
INFO: Run Behavior\ParseTemplateBehavior [ RunTime:0.035627s ]
INFO: [ view_parse ] --END-- [ RunTime:0.035830s ]
INFO: [ view_filter ] --START--
INFO: Run Behavior\WriteHtmlCacheBehavior [ RunTime:0.000810s ]
INFO: [ view_filter ] --END-- [ RunTime:0.000994s ]
INFO: [ app_end ] --START--
INFO: Run Behavior\ShowPageTraceBehavior [ RunTime:0.001193s ]
INFO: [ app_end ] --END-- [ RunTime:0.001474s ]

[ 2016-04-18T09:03:14+08:00 ] ::1 /think-library/admin.php/Article/ArticleList.html
INFO: [ app_init ] --START--
INFO: Run Behavior\BuildLiteBehavior [ RunTime:0.000043s ]
INFO: [ app_init ] --END-- [ RunTime:0.000746s ]
INFO: [ app_begin ] --START--
INFO: Run Behavior\ReadHtmlCacheBehavior [ RunTime:0.000885s ]
INFO: [ app_begin ] --END-- [ RunTime:0.001101s ]
SQL: SHOW COLUMNS FROM `lib_articletype` [ RunTime:0.0052s ]
SQL: SELECT `id`,`name` FROM `lib_articletype` WHERE `type` = 1  [ RunTime:0.0007s ]
SQL: SHOW COLUMNS FROM `lib_article` [ RunTime:0.0047s ]
SQL: SELECT COUNT(*) AS tp_count FROM `lib_article` WHERE `status` = 1 LIMIT 1   [ RunTime:0.0006s ]
SQL: SELECT `id`,`parse`,`type`,`title`,`summary`,`content`,`template`,`bookmark`,`createtime`,`status` FROM `lib_article` WHERE `status` = 1 ORDER BY createtime asc,id asc LIMIT 0,10   [ RunTime:0.0019s ]
INFO: [ view_parse ] --START--
INFO: [ template_filter ] --START--
INFO: Run Behavior\ContentReplaceBehavior [ RunTime:0.000325s ]
INFO: [ template_filter ] --END-- [ RunTime:0.000528s ]
INFO: Run Behavior\ParseTemplateBehavior [ RunTime:0.039091s ]
INFO: [ view_parse ] --END-- [ RunTime:0.039300s ]
INFO: [ view_filter ] --START--
INFO: Run Behavior\WriteHtmlCacheBehavior [ RunTime:0.000829s ]
INFO: [ view_filter ] --END-- [ RunTime:0.001013s ]
INFO: [ app_end ] --START--
INFO: Run Behavior\ShowPageTraceBehavior [ RunTime:0.001464s ]
INFO: [ app_end ] --END-- [ RunTime:0.001839s ]

[ 2016-04-18T09:04:01+08:00 ] ::1 /think-library/admin.php/Article/ArticleList.html
INFO: [ app_init ] --START--
INFO: Run Behavior\BuildLiteBehavior [ RunTime:0.000047s ]
INFO: [ app_init ] --END-- [ RunTime:0.001076s ]
INFO: [ app_begin ] --START--
INFO: Run Behavior\ReadHtmlCacheBehavior [ RunTime:0.001115s ]
INFO: [ app_begin ] --END-- [ RunTime:0.001384s ]
SQL: SHOW COLUMNS FROM `lib_articletype` [ RunTime:0.0049s ]
SQL: SELECT `id`,`name` FROM `lib_articletype` WHERE `type` = 1  [ RunTime:0.0005s ]
SQL: SHOW COLUMNS FROM `lib_article` [ RunTime:0.0058s ]
SQL: SELECT COUNT(*) AS tp_count FROM `lib_article` WHERE `status` = 1 LIMIT 1   [ RunTime:0.0008s ]
SQL: SELECT `id`,`parse`,`type`,`title`,`summary`,`content`,`template`,`bookmark`,`createtime`,`status` FROM `lib_article` WHERE `status` = 1 ORDER BY createtime asc,id asc LIMIT 0,10   [ RunTime:0.0020s ]
INFO: [ view_parse ] --START--
INFO: [ template_filter ] --START--
INFO: Run Behavior\ContentReplaceBehavior [ RunTime:0.000352s ]
INFO: [ template_filter ] --END-- [ RunTime:0.000567s ]
INFO: Run Behavior\ParseTemplateBehavior [ RunTime:0.036840s ]
INFO: [ view_parse ] --END-- [ RunTime:0.037043s ]
INFO: [ view_filter ] --START--
INFO: Run Behavior\WriteHtmlCacheBehavior [ RunTime:0.001073s ]
INFO: [ view_filter ] --END-- [ RunTime:0.001408s ]
INFO: [ app_end ] --START--
INFO: Run Behavior\ShowPageTraceBehavior [ RunTime:0.003568s ]
INFO: [ app_end ] --END-- [ RunTime:0.004104s ]

[ 2016-04-18T09:04:46+08:00 ] ::1 /think-library/admin.php/Article/ArticleList.html
INFO: [ app_init ] --START--
INFO: Run Behavior\BuildLiteBehavior [ RunTime:0.000044s ]
INFO: [ app_init ] --END-- [ RunTime:0.000851s ]
INFO: [ app_begin ] --START--
INFO: Run Behavior\ReadHtmlCacheBehavior [ RunTime:0.001039s ]
INFO: [ app_begin ] --END-- [ RunTime:0.001292s ]
SQL: SHOW COLUMNS FROM `lib_articletype` [ RunTime:0.0056s ]
SQL: SELECT `id`,`name` FROM `lib_articletype` WHERE `type` = 1  [ RunTime:0.0005s ]
SQL: SHOW COLUMNS FROM `lib_article` [ RunTime:0.0178s ]
SQL: SELECT COUNT(*) AS tp_count FROM `lib_article` WHERE `status` = 1 LIMIT 1   [ RunTime:0.0004s ]
SQL: SELECT `id`,`parse`,`type`,`title`,`summary`,`content`,`template`,`bookmark`,`createtime`,`status` FROM `lib_article` WHERE `status` = 1 ORDER BY createtime asc,id asc LIMIT 0,10   [ RunTime:0.0017s ]
INFO: [ view_parse ] --START--
INFO: [ template_filter ] --START--
INFO: Run Behavior\ContentReplaceBehavior [ RunTime:0.000381s ]
INFO: [ template_filter ] --END-- [ RunTime:0.000724s ]
INFO: Run Behavior\ParseTemplateBehavior [ RunTime:0.036709s ]
INFO: [ view_parse ] --END-- [ RunTime:0.037014s ]
INFO: [ view_filter ] --START--
INFO: Run Behavior\WriteHtmlCacheBehavior [ RunTime:0.001206s ]
INFO: [ view_filter ] --END-- [ RunTime:0.001499s ]
INFO: [ app_end ] --START--
INFO: Run Behavior\ShowPageTraceBehavior [ RunTime:0.001643s ]
INFO: [ app_end ] --END-- [ RunTime:0.002155s ]

[ 2016-04-18T09:05:05+08:00 ] ::1 /think-library/admin.php/Article/ArticleList.html
INFO: [ app_init ] --START--
INFO: Run Behavior\BuildLiteBehavior [ RunTime:0.000078s ]
INFO: [ app_init ] --END-- [ RunTime:0.001035s ]
INFO: [ app_begin ] --START--
INFO: Run Behavior\ReadHtmlCacheBehavior [ RunTime:0.001122s ]
INFO: [ app_begin ] --END-- [ RunTime:0.001344s ]
SQL: SHOW COLUMNS FROM `lib_articletype` [ RunTime:0.0053s ]
SQL: SELECT `id`,`name` FROM `lib_articletype` WHERE `type` = 1  [ RunTime:0.0006s ]
SQL: SHOW COLUMNS FROM `lib_article` [ RunTime:0.0163s ]
SQL: SELECT COUNT(*) AS tp_count FROM `lib_article` WHERE `status` = 1 LIMIT 1   [ RunTime:0.0005s ]
SQL: SELECT `id`,`parse`,`type`,`title`,`summary`,`content`,`template`,`bookmark`,`createtime`,`status` FROM `lib_article` WHERE `status` = 1 ORDER BY createtime asc,id asc LIMIT 0,10   [ RunTime:0.0016s ]
INFO: [ view_parse ] --START--
INFO: [ template_filter ] --START--
INFO: Run Behavior\ContentReplaceBehavior [ RunTime:0.000330s ]
INFO: [ template_filter ] --END-- [ RunTime:0.000533s ]
INFO: Run Behavior\ParseTemplateBehavior [ RunTime:0.034488s ]
INFO: [ view_parse ] --END-- [ RunTime:0.034700s ]
INFO: [ view_filter ] --START--
INFO: Run Behavior\WriteHtmlCacheBehavior [ RunTime:0.000805s ]
INFO: [ view_filter ] --END-- [ RunTime:0.000991s ]
INFO: [ app_end ] --START--
INFO: Run Behavior\ShowPageTraceBehavior [ RunTime:0.001204s ]
INFO: [ app_end ] --END-- [ RunTime:0.001435s ]

[ 2016-04-18T09:05:14+08:00 ] ::1 /think-library/admin.php/Article/ArticleList.html
INFO: [ app_init ] --START--
INFO: Run Behavior\BuildLiteBehavior [ RunTime:0.000044s ]
INFO: [ app_init ] --END-- [ RunTime:0.000838s ]
INFO: [ app_begin ] --START--
INFO: Run Behavior\ReadHtmlCacheBehavior [ RunTime:0.000967s ]
INFO: [ app_begin ] --END-- [ RunTime:0.001187s ]
SQL: SHOW COLUMNS FROM `lib_articletype` [ RunTime:0.0058s ]
SQL: SELECT `id`,`name` FROM `lib_articletype` WHERE `type` = 1  [ RunTime:0.0005s ]
SQL: SHOW COLUMNS FROM `lib_article` [ RunTime:0.0106s ]
SQL: SELECT COUNT(*) AS tp_count FROM `lib_article` WHERE `status` = 1 LIMIT 1   [ RunTime:0.0007s ]
SQL: SELECT `id`,`parse`,`type`,`title`,`summary`,`content`,`template`,`bookmark`,`createtime`,`status` FROM `lib_article` WHERE `status` = 1 ORDER BY createtime asc,id asc LIMIT 0,10   [ RunTime:0.0016s ]
INFO: [ view_parse ] --START--
INFO: [ template_filter ] --START--
INFO: Run Behavior\ContentReplaceBehavior [ RunTime:0.000319s ]
INFO: [ template_filter ] --END-- [ RunTime:0.000521s ]
INFO: Run Behavior\ParseTemplateBehavior [ RunTime:0.035384s ]
INFO: [ view_parse ] --END-- [ RunTime:0.035586s ]
INFO: [ view_filter ] --START--
INFO: Run Behavior\WriteHtmlCacheBehavior [ RunTime:0.000898s ]
INFO: [ view_filter ] --END-- [ RunTime:0.001130s ]
INFO: [ app_end ] --START--
INFO: Run Behavior\ShowPageTraceBehavior [ RunTime:0.001291s ]
INFO: [ app_end ] --END-- [ RunTime:0.001584s ]

[ 2016-04-18T09:05:51+08:00 ] ::1 /think-library/admin.php/Article/ArticleList.html
INFO: [ app_init ] --START--
INFO: Run Behavior\BuildLiteBehavior [ RunTime:0.000042s ]
INFO: [ app_init ] --END-- [ RunTime:0.000803s ]
INFO: [ app_begin ] --START--
INFO: Run Behavior\ReadHtmlCacheBehavior [ RunTime:0.001085s ]
INFO: [ app_begin ] --END-- [ RunTime:0.001352s ]
SQL: SHOW COLUMNS FROM `lib_articletype` [ RunTime:0.0049s ]
SQL: SELECT `id`,`name` FROM `lib_articletype` WHERE `type` = 1  [ RunTime:0.0005s ]
SQL: SHOW COLUMNS FROM `lib_article` [ RunTime:0.0453s ]
SQL: SELECT COUNT(*) AS tp_count FROM `lib_article` WHERE `status` = 1 LIMIT 1   [ RunTime:0.0005s ]
SQL: SELECT `id`,`parse`,`type`,`title`,`summary`,`content`,`template`,`bookmark`,`createtime`,`status` FROM `lib_article` WHERE `status` = 1 ORDER BY createtime asc,id asc LIMIT 0,10   [ RunTime:0.0017s ]
INFO: [ view_parse ] --START--
INFO: [ template_filter ] --START--
INFO: Run Behavior\ContentReplaceBehavior [ RunTime:0.000317s ]
INFO: [ template_filter ] --END-- [ RunTime:0.000519s ]
INFO: Run Behavior\ParseTemplateBehavior [ RunTime:0.049977s ]
INFO: [ view_parse ] --END-- [ RunTime:0.050184s ]
INFO: [ view_filter ] --START--
INFO: Run Behavior\WriteHtmlCacheBehavior [ RunTime:0.000847s ]
INFO: [ view_filter ] --END-- [ RunTime:0.001031s ]
INFO: [ app_end ] --START--
INFO: Run Behavior\ShowPageTraceBehavior [ RunTime:0.001127s ]
INFO: [ app_end ] --END-- [ RunTime:0.001414s ]

[ 2016-04-18T09:06:04+08:00 ] ::1 /think-library/admin.php/Article/ArticleList/p/2.html
INFO: [ app_init ] --START--
INFO: Run Behavior\BuildLiteBehavior [ RunTime:0.000043s ]
INFO: [ app_init ] --END-- [ RunTime:0.000820s ]
INFO: [ app_begin ] --START--
INFO: Run Behavior\ReadHtmlCacheBehavior [ RunTime:0.000949s ]
INFO: [ app_begin ] --END-- [ RunTime:0.001246s ]
SQL: SHOW COLUMNS FROM `lib_articletype` [ RunTime:0.0053s ]
SQL: SELECT `id`,`name` FROM `lib_articletype` WHERE `type` = 1  [ RunTime:0.0005s ]
SQL: SHOW COLUMNS FROM `lib_article` [ RunTime:0.0951s ]
SQL: SELECT COUNT(*) AS tp_count FROM `lib_article` WHERE `status` = 1 LIMIT 1   [ RunTime:0.0005s ]
SQL: SELECT `id`,`parse`,`type`,`title`,`summary`,`content`,`template`,`bookmark`,`createtime`,`status` FROM `lib_article` WHERE `status` = 1 ORDER BY createtime asc,id asc LIMIT 10,10   [ RunTime:0.0024s ]
INFO: [ view_parse ] --START--
INFO: [ template_filter ] --START--
INFO: Run Behavior\ContentReplaceBehavior [ RunTime:0.000316s ]
INFO: [ template_filter ] --END-- [ RunTime:0.000523s ]
INFO: Run Behavior\ParseTemplateBehavior [ RunTime:0.035117s ]
INFO: [ view_parse ] --END-- [ RunTime:0.035422s ]
INFO: [ view_filter ] --START--
INFO: Run Behavior\WriteHtmlCacheBehavior [ RunTime:0.000692s ]
INFO: [ view_filter ] --END-- [ RunTime:0.000890s ]
INFO: [ app_end ] --START--
INFO: Run Behavior\ShowPageTraceBehavior [ RunTime:0.001549s ]
INFO: [ app_end ] --END-- [ RunTime:0.001942s ]

[ 2016-04-18T09:06:12+08:00 ] ::1 /think-library/admin.php/Article/ArticleList/p/3.html
INFO: [ app_init ] --START--
INFO: Run Behavior\BuildLiteBehavior [ RunTime:0.000048s ]
INFO: [ app_init ] --END-- [ RunTime:0.000858s ]
INFO: [ app_begin ] --START--
INFO: Run Behavior\ReadHtmlCacheBehavior [ RunTime:0.000771s ]
INFO: [ app_begin ] --END-- [ RunTime:0.000982s ]
SQL: SHOW COLUMNS FROM `lib_articletype` [ RunTime:0.0210s ]
SQL: SELECT `id`,`name` FROM `lib_articletype` WHERE `type` = 1  [ RunTime:0.0005s ]
SQL: SHOW COLUMNS FROM `lib_article` [ RunTime:0.0106s ]
SQL: SELECT COUNT(*) AS tp_count FROM `lib_article` WHERE `status` = 1 LIMIT 1   [ RunTime:0.0004s ]
SQL: SELECT `id`,`parse`,`type`,`title`,`summary`,`content`,`template`,`bookmark`,`createtime`,`status` FROM `lib_article` WHERE `status` = 1 ORDER BY createtime asc,id asc LIMIT 20,10   [ RunTime:0.0007s ]
INFO: [ view_parse ] --START--
INFO: [ template_filter ] --START--
INFO: Run Behavior\ContentReplaceBehavior [ RunTime:0.000317s ]
INFO: [ template_filter ] --END-- [ RunTime:0.000533s ]
INFO: Run Behavior\ParseTemplateBehavior [ RunTime:0.033432s ]
INFO: [ view_parse ] --END-- [ RunTime:0.033635s ]
INFO: [ view_filter ] --START--
INFO: Run Behavior\WriteHtmlCacheBehavior [ RunTime:0.000679s ]
INFO: [ view_filter ] --END-- [ RunTime:0.000867s ]
INFO: [ app_end ] --START--
INFO: Run Behavior\ShowPageTraceBehavior [ RunTime:0.001293s ]
INFO: [ app_end ] --END-- [ RunTime:0.001570s ]

[ 2016-04-18T09:06:15+08:00 ] ::1 /think-library/admin.php/Article/ArticleList/p/2.html
INFO: [ app_init ] --START--
INFO: Run Behavior\BuildLiteBehavior [ RunTime:0.000044s ]
INFO: [ app_init ] --END-- [ RunTime:0.000792s ]
INFO: [ app_begin ] --START--
INFO: Run Behavior\ReadHtmlCacheBehavior [ RunTime:0.000797s ]
INFO: [ app_begin ] --END-- [ RunTime:0.001004s ]
SQL: SHOW COLUMNS FROM `lib_articletype` [ RunTime:0.1353s ]
SQL: SELECT `id`,`name` FROM `lib_articletype` WHERE `type` = 1  [ RunTime:0.0005s ]
SQL: SHOW COLUMNS FROM `lib_article` [ RunTime:0.2893s ]
SQL: SELECT COUNT(*) AS tp_count FROM `lib_article` WHERE `status` = 1 LIMIT 1   [ RunTime:0.0005s ]
SQL: SELECT `id`,`parse`,`type`,`title`,`summary`,`content`,`template`,`bookmark`,`createtime`,`status` FROM `lib_article` WHERE `status` = 1 ORDER BY createtime asc,id asc LIMIT 10,10   [ RunTime:0.0021s ]
INFO: [ view_parse ] --START--
INFO: [ template_filter ] --START--
INFO: Run Behavior\ContentReplaceBehavior [ RunTime:0.000379s ]
INFO: [ template_filter ] --END-- [ RunTime:0.000599s ]
INFO: Run Behavior\ParseTemplateBehavior [ RunTime:0.034114s ]
INFO: [ view_parse ] --END-- [ RunTime:0.034321s ]
INFO: [ view_filter ] --START--
INFO: Run Behavior\WriteHtmlCacheBehavior [ RunTime:0.000729s ]
INFO: [ view_filter ] --END-- [ RunTime:0.000916s ]
INFO: [ app_end ] --START--
INFO: Run Behavior\ShowPageTraceBehavior [ RunTime:0.001160s ]
INFO: [ app_end ] --END-- [ RunTime:0.001431s ]

[ 2016-04-18T09:06:18+08:00 ] ::1 /think-library/admin.php/Article/ArticleList/p/1.html
INFO: [ app_init ] --START--
INFO: Run Behavior\BuildLiteBehavior [ RunTime:0.000043s ]
INFO: [ app_init ] --END-- [ RunTime:0.000755s ]
INFO: [ app_begin ] --START--
INFO: Run Behavior\ReadHtmlCacheBehavior [ RunTime:0.000806s ]
INFO: [ app_begin ] --END-- [ RunTime:0.001004s ]
SQL: SHOW COLUMNS FROM `lib_articletype` [ RunTime:0.0048s ]
SQL: SELECT `id`,`name` FROM `lib_articletype` WHERE `type` = 1  [ RunTime:0.0005s ]
SQL: SHOW COLUMNS FROM `lib_article` [ RunTime:0.0046s ]
SQL: SELECT COUNT(*) AS tp_count FROM `lib_article` WHERE `status` = 1 LIMIT 1   [ RunTime:0.0004s ]
SQL: SELECT `id`,`parse`,`type`,`title`,`summary`,`content`,`template`,`bookmark`,`createtime`,`status` FROM `lib_article` WHERE `status` = 1 ORDER BY createtime asc,id asc LIMIT 0,10   [ RunTime:0.0015s ]
INFO: [ view_parse ] --START--
INFO: [ template_filter ] --START--
INFO: Run Behavior\ContentReplaceBehavior [ RunTime:0.000314s ]
INFO: [ template_filter ] --END-- [ RunTime:0.000512s ]
INFO: Run Behavior\ParseTemplateBehavior [ RunTime:0.034837s ]
INFO: [ view_parse ] --END-- [ RunTime:0.035054s ]
INFO: [ view_filter ] --START--
INFO: Run Behavior\WriteHtmlCacheBehavior [ RunTime:0.000744s ]
INFO: [ view_filter ] --END-- [ RunTime:0.000949s ]
INFO: [ app_end ] --START--
INFO: Run Behavior\ShowPageTraceBehavior [ RunTime:0.001428s ]
INFO: [ app_end ] --END-- [ RunTime:0.001718s ]

