[ 2016-04-08T09:17:47+08:00 ] ::1 /think-library/admin.php
INFO: [ app_init ] --START--
INFO: Run Behavior\BuildLiteBehavior [ RunTime:0.000055s ]
INFO: [ app_init ] --END-- [ RunTime:0.001102s ]
INFO: [ app_begin ] --START--
INFO: Run Behavior\ReadHtmlCacheBehavior [ RunTime:0.001418s ]
INFO: [ app_begin ] --END-- [ RunTime:0.001724s ]

[ 2016-04-08T09:17:47+08:00 ] ::1 /think-library/admin.php/Publics/login.html
INFO: [ app_init ] --START--
INFO: Run Behavior\BuildLiteBehavior [ RunTime:0.000043s ]
INFO: [ app_init ] --END-- [ RunTime:0.000729s ]
INFO: [ app_begin ] --START--
INFO: Run Behavior\ReadHtmlCacheBehavior [ RunTime:0.000753s ]
INFO: [ app_begin ] --END-- [ RunTime:0.000951s ]
INFO: [ view_parse ] --START--
INFO: [ template_filter ] --START--
INFO: Run Behavior\ContentReplaceBehavior [ RunTime:0.000219s ]
INFO: [ template_filter ] --END-- [ RunTime:0.000430s ]
INFO: Run Behavior\ParseTemplateBehavior [ RunTime:0.097307s ]
INFO: [ view_parse ] --END-- [ RunTime:0.097522s ]
INFO: [ view_filter ] --START--
INFO: Run Behavior\WriteHtmlCacheBehavior [ RunTime:0.000786s ]
INFO: [ view_filter ] --END-- [ RunTime:0.000972s ]
INFO: [ app_end ] --START--
INFO: Run Behavior\ShowPageTraceBehavior [ RunTime:0.001138s ]
INFO: [ app_end ] --END-- [ RunTime:0.001439s ]

[ 2016-04-08T09:17:56+08:00 ] ::1 /think-library/admin.php/Publics/login.html
INFO: [ app_init ] --START--
INFO: Run Behavior\BuildLiteBehavior [ RunTime:0.000063s ]
INFO: [ app_init ] --END-- [ RunTime:0.000858s ]
INFO: [ app_begin ] --START--
INFO: Run Behavior\ReadHtmlCacheBehavior [ RunTime:0.000775s ]
INFO: [ app_begin ] --END-- [ RunTime:0.000948s ]
NOTIC: [8] Use of undefined constant UC_AUTH_KEY - assumed 'UC_AUTH_KEY' D:\wamp\www\think-library\ThinkPHP\Common\functions.php 第 588 行.
SQL: SHOW COLUMNS FROM `lib_managerinfo` [ RunTime:0.0868s ]
SQL: SELECT * FROM `lib_managerinfo` WHERE `loginname` = 'admin' AND `status` = 1 LIMIT 1   [ RunTime:0.0007s ]
NOTIC: [8] Use of undefined constant UC_AUTH_KEY - assumed 'UC_AUTH_KEY' D:\wamp\www\think-library\Application\Admin\Model\ManagerinfoModel.class.php 第 74 行.

[ 2016-04-08T09:18:01+08:00 ] ::1 /think-library/admin.php/Publics/login.html
INFO: [ app_init ] --START--
INFO: Run Behavior\BuildLiteBehavior [ RunTime:0.000042s ]
INFO: [ app_init ] --END-- [ RunTime:0.000745s ]
INFO: [ app_begin ] --START--
INFO: Run Behavior\ReadHtmlCacheBehavior [ RunTime:0.000781s ]
INFO: [ app_begin ] --END-- [ RunTime:0.000952s ]
NOTIC: [8] Use of undefined constant UC_AUTH_KEY - assumed 'UC_AUTH_KEY' D:\wamp\www\think-library\ThinkPHP\Common\functions.php 第 588 行.
SQL: SHOW COLUMNS FROM `lib_managerinfo` [ RunTime:0.0142s ]
SQL: SELECT * FROM `lib_managerinfo` WHERE `loginname` = 'admin' AND `status` = 1 LIMIT 1   [ RunTime:0.0006s ]
NOTIC: [8] Use of undefined constant UC_AUTH_KEY - assumed 'UC_AUTH_KEY' D:\wamp\www\think-library\Application\Admin\Model\ManagerinfoModel.class.php 第 74 行.
SQL: UPDATE `lib_managerinfo` SET `lasttime`='1460078281' WHERE `userid` = 1 [ RunTime:0.1181s ]
SQL: SELECT * FROM `lib_managerinfo` WHERE `userid` = 1 LIMIT 1   [ RunTime:0.0013s ]

[ 2016-04-08T09:18:03+08:00 ] ::1 /think-library/admin.php/Index/index.html
INFO: [ app_init ] --START--
INFO: Run Behavior\BuildLiteBehavior [ RunTime:0.000054s ]
INFO: [ app_init ] --END-- [ RunTime:0.001100s ]
INFO: [ app_begin ] --START--
INFO: Run Behavior\ReadHtmlCacheBehavior [ RunTime:0.000969s ]
INFO: [ app_begin ] --END-- [ RunTime:0.001215s ]
INFO: [ view_parse ] --START--
INFO: [ template_filter ] --START--
INFO: Run Behavior\ContentReplaceBehavior [ RunTime:0.000558s ]
INFO: [ template_filter ] --END-- [ RunTime:0.000872s ]
INFO: Run Behavior\ParseTemplateBehavior [ RunTime:0.316619s ]
INFO: [ view_parse ] --END-- [ RunTime:0.316860s ]
INFO: [ view_filter ] --START--
INFO: Run Behavior\WriteHtmlCacheBehavior [ RunTime:0.000645s ]
INFO: [ view_filter ] --END-- [ RunTime:0.000832s ]
INFO: [ app_end ] --START--
INFO: Run Behavior\ShowPageTraceBehavior [ RunTime:0.001732s ]
INFO: [ app_end ] --END-- [ RunTime:0.002101s ]

[ 2016-04-08T09:18:14+08:00 ] ::1 /think-library/admin.php/Usermanage/ReadersList.html
INFO: [ app_init ] --START--
INFO: Run Behavior\BuildLiteBehavior [ RunTime:0.000043s ]
INFO: [ app_init ] --END-- [ RunTime:0.000840s ]
INFO: [ app_begin ] --START--
INFO: Run Behavior\ReadHtmlCacheBehavior [ RunTime:0.001081s ]
INFO: [ app_begin ] --END-- [ RunTime:0.001383s ]
SQL: SHOW COLUMNS FROM `lib_readerinfo` [ RunTime:0.0154s ]
SQL: SELECT COUNT(*) AS tp_count FROM `lib_readerinfo` WHERE `status` > 0 LIMIT 1   [ RunTime:0.0004s ]
SQL: SELECT `userid`,`username`,`loginname`,`loginpwd`,`sex`,`typeid`,`email`,`createtime`,`updatetime`,`lasttime`,`status`,`remark` FROM `lib_readerinfo` WHERE `status` > 0 ORDER BY createtime desc ,userid desc LIMIT 0,10   [ RunTime:0.0006s ]
INFO: [ view_parse ] --START--
INFO: [ template_filter ] --START--
INFO: Run Behavior\ContentReplaceBehavior [ RunTime:0.000337s ]
INFO: [ template_filter ] --END-- [ RunTime:0.000535s ]
INFO: Run Behavior\ParseTemplateBehavior [ RunTime:0.168027s ]
INFO: [ view_parse ] --END-- [ RunTime:0.168230s ]
INFO: [ view_filter ] --START--
INFO: Run Behavior\WriteHtmlCacheBehavior [ RunTime:0.000669s ]
INFO: [ view_filter ] --END-- [ RunTime:0.000858s ]
INFO: [ app_end ] --START--
INFO: Run Behavior\ShowPageTraceBehavior [ RunTime:0.001693s ]
INFO: [ app_end ] --END-- [ RunTime:0.002106s ]

[ 2016-04-08T09:18:17+08:00 ] ::1 /think-library/admin.php/Bookmanage/bookstyle.html
INFO: [ app_init ] --START--
INFO: Run Behavior\BuildLiteBehavior [ RunTime:0.000043s ]
INFO: [ app_init ] --END-- [ RunTime:0.000846s ]
INFO: [ app_begin ] --START--
INFO: Run Behavior\ReadHtmlCacheBehavior [ RunTime:0.000874s ]
INFO: [ app_begin ] --END-- [ RunTime:0.001074s ]
SQL: SHOW COLUMNS FROM `lib_booktype` [ RunTime:0.0127s ]
SQL: SELECT COUNT(*) AS tp_count FROM `lib_booktype` WHERE `status` = 1 LIMIT 1   [ RunTime:0.0005s ]
SQL: SELECT `id`,`typename`,`updatetime`,`sort`,`status` FROM `lib_booktype` WHERE `status` = 1 ORDER BY sort asc,id asc LIMIT 0,10   [ RunTime:0.0006s ]
INFO: [ view_parse ] --START--
INFO: [ template_filter ] --START--
INFO: Run Behavior\ContentReplaceBehavior [ RunTime:0.000317s ]
INFO: [ template_filter ] --END-- [ RunTime:0.000515s ]
INFO: Run Behavior\ParseTemplateBehavior [ RunTime:0.146289s ]
INFO: [ view_parse ] --END-- [ RunTime:0.146501s ]
INFO: [ view_filter ] --START--
INFO: Run Behavior\WriteHtmlCacheBehavior [ RunTime:0.000711s ]
INFO: [ view_filter ] --END-- [ RunTime:0.000896s ]
INFO: [ app_end ] --START--
INFO: Run Behavior\ShowPageTraceBehavior [ RunTime:0.001240s ]
INFO: [ app_end ] --END-- [ RunTime:0.001601s ]

[ 2016-04-08T09:18:20+08:00 ] ::1 /think-library/admin.php/Bookmanage/presslist.html
INFO: [ app_init ] --START--
INFO: Run Behavior\BuildLiteBehavior [ RunTime:0.000043s ]
INFO: [ app_init ] --END-- [ RunTime:0.000831s ]
INFO: [ app_begin ] --START--
INFO: Run Behavior\ReadHtmlCacheBehavior [ RunTime:0.000930s ]
INFO: [ app_begin ] --END-- [ RunTime:0.001136s ]
SQL: SHOW COLUMNS FROM `lib_publisher` [ RunTime:0.0203s ]
SQL: SELECT COUNT(*) AS tp_count FROM `lib_publisher` WHERE `status` = 1 LIMIT 1   [ RunTime:0.0004s ]
SQL: SELECT `id`,`pressname`,`updatetime`,`sort`,`status` FROM `lib_publisher` WHERE `status` = 1 ORDER BY sort asc,id asc LIMIT 0,10   [ RunTime:0.0005s ]
INFO: [ view_parse ] --START--
INFO: [ template_filter ] --START--
INFO: Run Behavior\ContentReplaceBehavior [ RunTime:0.000317s ]
INFO: [ template_filter ] --END-- [ RunTime:0.000514s ]
INFO: Run Behavior\ParseTemplateBehavior [ RunTime:0.167336s ]
INFO: [ view_parse ] --END-- [ RunTime:0.167540s ]
INFO: [ view_filter ] --START--
INFO: Run Behavior\WriteHtmlCacheBehavior [ RunTime:0.000722s ]
INFO: [ view_filter ] --END-- [ RunTime:0.000911s ]
INFO: [ app_end ] --START--
INFO: Run Behavior\ShowPageTraceBehavior [ RunTime:0.001265s ]
INFO: [ app_end ] --END-- [ RunTime:0.001470s ]

